<?xml version="1.0" encoding="UTF-8"?>
<!-- Generated by org.testng.reporters.JUnitXMLReporter -->
<testsuite ignored="0" hostname="Pheonix" failures="1" tests="12" name="Chrome_AllTests" time="373.478" errors="0" timestamp="2025-12-03T20:28:43 GST">
  <testcase classname="multibankDSTest.WhyMultiLinkPageTest" name="@BeforeMethod navigateToWhyMultiLink" time="42.979">
    <failure type="org.openqa.selenium.TimeoutException" message="Expected condition failed: waiting for multibank.DaminiSinghAssignment.PageObjects.BasePage$$Lambda$804/0x0000000800eb0f20@67bbace1 (tried for 30 second(s) with 500 milliseconds interval)
Build info: version: &amp;apos;4.38.0&amp;apos;, revision: &amp;apos;6b412e825c*&amp;apos;
System info: os.name: &amp;apos;Windows 11&amp;apos;, os.arch: &amp;apos;amd64&amp;apos;, os.version: &amp;apos;10.0&amp;apos;, java.version: &amp;apos;17.0.7&amp;apos;
Driver info: driver.version: unknown">
      <![CDATA[org.openqa.selenium.TimeoutException: Expected condition failed: waiting for multibank.DaminiSinghAssignment.PageObjects.BasePage$$Lambda$804/0x0000000800eb0f20@67bbace1 (tried for 30 second(s) with 500 milliseconds interval)
Build info: version: '4.38.0', revision: '6b412e825c*'
System info: os.name: 'Windows 11', os.arch: 'amd64', os.version: '10.0', java.version: '17.0.7'
Driver info: driver.version: unknown
at org.openqa.selenium.support.ui.FluentWait.timeoutException(FluentWait.java:265)
at org.openqa.selenium.support.ui.FluentWait.until(FluentWait.java:228)
at multibank.DaminiSinghAssignment.PageObjects.BasePage.waitForVisibility(BasePage.java:41)
at multibank.DaminiSinghAssignment.PageObjects.WhyMultiLinkPage.waitForPageToLoad(WhyMultiLinkPage.java:36)
at multibankDSTest.WhyMultiLinkPageTest.navigateToWhyMultiLink(WhyMultiLinkPageTest.java:33)
at java.base/java.util.ArrayList.forEach(ArrayList.java:1511)
at java.base/java.util.concurrent.FutureTask.run(FutureTask.java:264)
at java.base/java.util.concurrent.ThreadPoolExecutor.runWorker(ThreadPoolExecutor.java:1136)
at java.base/java.util.concurrent.ThreadPoolExecutor$Worker.run(ThreadPoolExecutor.java:635)
at java.base/java.lang.Thread.run(Thread.java:833)
... Removed 21 stack frames]]>
    </failure>
  </testcase> <!-- @BeforeMethod navigateToWhyMultiLink -->
  <testcase classname="multibankDSTest.WhyMultiLinkPageTest" name="@BeforeMethod navigateToWhyMultiLink" time="51.112">
    <failure type="org.openqa.selenium.TimeoutException" message="Expected condition failed: waiting for multibank.DaminiSinghAssignment.PageObjects.BasePage$$Lambda$804/0x0000000800eb0f20@5deba865 (tried for 30 second(s) with 500 milliseconds interval)
Build info: version: &amp;apos;4.38.0&amp;apos;, revision: &amp;apos;6b412e825c*&amp;apos;
System info: os.name: &amp;apos;Windows 11&amp;apos;, os.arch: &amp;apos;amd64&amp;apos;, os.version: &amp;apos;10.0&amp;apos;, java.version: &amp;apos;17.0.7&amp;apos;
Driver info: driver.version: unknown">
      <![CDATA[org.openqa.selenium.TimeoutException: Expected condition failed: waiting for multibank.DaminiSinghAssignment.PageObjects.BasePage$$Lambda$804/0x0000000800eb0f20@5deba865 (tried for 30 second(s) with 500 milliseconds interval)
Build info: version: '4.38.0', revision: '6b412e825c*'
System info: os.name: 'Windows 11', os.arch: 'amd64', os.version: '10.0', java.version: '17.0.7'
Driver info: driver.version: unknown
at org.openqa.selenium.support.ui.FluentWait.timeoutException(FluentWait.java:265)
at org.openqa.selenium.support.ui.FluentWait.until(FluentWait.java:228)
at multibank.DaminiSinghAssignment.PageObjects.BasePage.waitForVisibility(BasePage.java:41)
at multibank.DaminiSinghAssignment.PageObjects.WhyMultiLinkPage.waitForPageToLoad(WhyMultiLinkPage.java:36)
at multibankDSTest.WhyMultiLinkPageTest.navigateToWhyMultiLink(WhyMultiLinkPageTest.java:33)
at java.base/java.util.ArrayList.forEach(ArrayList.java:1511)
at java.base/java.util.concurrent.FutureTask.run(FutureTask.java:264)
at java.base/java.util.concurrent.ThreadPoolExecutor.runWorker(ThreadPoolExecutor.java:1136)
at java.base/java.util.concurrent.ThreadPoolExecutor$Worker.run(ThreadPoolExecutor.java:635)
at java.base/java.lang.Thread.run(Thread.java:833)
... Removed 21 stack frames]]>
    </failure>
  </testcase> <!-- @BeforeMethod navigateToWhyMultiLink -->
  <testcase classname="multibankDSTest.WhyMultiLinkPageTest" name="@BeforeMethod navigateToWhyMultiLink" time="47.05">
    <failure type="org.openqa.selenium.TimeoutException" message="Expected condition failed: waiting for multibank.DaminiSinghAssignment.PageObjects.BasePage$$Lambda$804/0x0000000800eb0f20@5c9969cb (tried for 30 second(s) with 500 milliseconds interval)
Build info: version: &amp;apos;4.38.0&amp;apos;, revision: &amp;apos;6b412e825c*&amp;apos;
System info: os.name: &amp;apos;Windows 11&amp;apos;, os.arch: &amp;apos;amd64&amp;apos;, os.version: &amp;apos;10.0&amp;apos;, java.version: &amp;apos;17.0.7&amp;apos;
Driver info: driver.version: unknown">
      <![CDATA[org.openqa.selenium.TimeoutException: Expected condition failed: waiting for multibank.DaminiSinghAssignment.PageObjects.BasePage$$Lambda$804/0x0000000800eb0f20@5c9969cb (tried for 30 second(s) with 500 milliseconds interval)
Build info: version: '4.38.0', revision: '6b412e825c*'
System info: os.name: 'Windows 11', os.arch: 'amd64', os.version: '10.0', java.version: '17.0.7'
Driver info: driver.version: unknown
at org.openqa.selenium.support.ui.FluentWait.timeoutException(FluentWait.java:265)
at org.openqa.selenium.support.ui.FluentWait.until(FluentWait.java:228)
at multibank.DaminiSinghAssignment.PageObjects.BasePage.waitForVisibility(BasePage.java:41)
at multibank.DaminiSinghAssignment.PageObjects.WhyMultiLinkPage.waitForPageToLoad(WhyMultiLinkPage.java:36)
at multibankDSTest.WhyMultiLinkPageTest.navigateToWhyMultiLink(WhyMultiLinkPageTest.java:33)
at java.base/java.util.ArrayList.forEach(ArrayList.java:1511)
at java.base/java.util.concurrent.FutureTask.run(FutureTask.java:264)
at java.base/java.util.concurrent.ThreadPoolExecutor.runWorker(ThreadPoolExecutor.java:1136)
at java.base/java.util.concurrent.ThreadPoolExecutor$Worker.run(ThreadPoolExecutor.java:635)
at java.base/java.lang.Thread.run(Thread.java:833)
... Removed 21 stack frames]]>
    </failure>
  </testcase> <!-- @BeforeMethod navigateToWhyMultiLink -->
  <testcase classname="multibankDSTest.WhyMultiLinkPageTest" name="@BeforeMethod navigateToWhyMultiLink" time="49.466">
    <failure type="org.openqa.selenium.TimeoutException" message="Expected condition failed: waiting for multibank.DaminiSinghAssignment.PageObjects.BasePage$$Lambda$804/0x0000000800eb0f20@5696d024 (tried for 30 second(s) with 500 milliseconds interval)
Build info: version: &amp;apos;4.38.0&amp;apos;, revision: &amp;apos;6b412e825c*&amp;apos;
System info: os.name: &amp;apos;Windows 11&amp;apos;, os.arch: &amp;apos;amd64&amp;apos;, os.version: &amp;apos;10.0&amp;apos;, java.version: &amp;apos;17.0.7&amp;apos;
Driver info: driver.version: unknown">
      <![CDATA[org.openqa.selenium.TimeoutException: Expected condition failed: waiting for multibank.DaminiSinghAssignment.PageObjects.BasePage$$Lambda$804/0x0000000800eb0f20@5696d024 (tried for 30 second(s) with 500 milliseconds interval)
Build info: version: '4.38.0', revision: '6b412e825c*'
System info: os.name: 'Windows 11', os.arch: 'amd64', os.version: '10.0', java.version: '17.0.7'
Driver info: driver.version: unknown
at org.openqa.selenium.support.ui.FluentWait.timeoutException(FluentWait.java:265)
at org.openqa.selenium.support.ui.FluentWait.until(FluentWait.java:228)
at multibank.DaminiSinghAssignment.PageObjects.BasePage.waitForVisibility(BasePage.java:41)
at multibank.DaminiSinghAssignment.PageObjects.WhyMultiLinkPage.waitForPageToLoad(WhyMultiLinkPage.java:36)
at multibankDSTest.WhyMultiLinkPageTest.navigateToWhyMultiLink(WhyMultiLinkPageTest.java:33)
at java.base/java.util.ArrayList.forEach(ArrayList.java:1511)
at java.base/java.util.concurrent.FutureTask.run(FutureTask.java:264)
at java.base/java.util.concurrent.ThreadPoolExecutor.runWorker(ThreadPoolExecutor.java:1136)
at java.base/java.util.concurrent.ThreadPoolExecutor$Worker.run(ThreadPoolExecutor.java:635)
at java.base/java.lang.Thread.run(Thread.java:833)
... Removed 21 stack frames]]>
    </failure>
  </testcase> <!-- @BeforeMethod navigateToWhyMultiLink -->
  <testcase classname="multibankDSTest.WhyMultiLinkPageTest" name="ABOUT_001_verifyAllComponentsVisible" time="0.0">
    <skipped/>
  </testcase> <!-- ABOUT_001_verifyAllComponentsVisible -->
  <testcase classname="multibankDSTest.WhyMultiLinkPageTest" name="ABOUT_002_verifyTextsAgainstJson" time="0.0">
    <skipped/>
  </testcase> <!-- ABOUT_002_verifyTextsAgainstJson -->
  <testcase classname="multibankDSTest.HomePageTest" name="APP_001_AppleAppStoreLink_NavigatesToCorrectPage" time="4.77"/>
  <testcase classname="multibankDSTest.HomePageTest" name="APP_002_GooglePlayLink_NavigatesToCorrectPage" time="9.246"/>
  <testcase classname="multibankDSTest.HomePageTest" name="FOOT_001_MarketBanner_VisibleAndHasTexts" time="7.023"/>
  <testcase classname="multibankDSTest.HomePageTest" name="NAV_001_TopNavigation_HeaderAndNavVisible" time="1.199"/>
  <testcase classname="multibankDSTest.HomePageTest" name="NAV_002_TopNavigation_HoverAndHrefMapping" time="7.445">
    <failure type="java.lang.AssertionError" message="Href is null for menu: Trade expected object to not be null">
      <![CDATA[java.lang.AssertionError: Href is null for menu: Trade expected object to not be null
at multibankDSTest.HomePageTest.NAV_002_TopNavigation_HoverAndHrefMapping(HomePageTest.java:81)
at java.base/java.util.ArrayList.forEach(ArrayList.java:1511)
at java.base/java.util.concurrent.FutureTask.run(FutureTask.java:264)
at java.base/java.util.concurrent.ThreadPoolExecutor.runWorker(ThreadPoolExecutor.java:1136)
at java.base/java.util.concurrent.ThreadPoolExecutor$Worker.run(ThreadPoolExecutor.java:635)
at java.base/java.lang.Thread.run(Thread.java:833)
... Removed 19 stack frames]]>
    </failure>
  </testcase> <!-- NAV_002_TopNavigation_HoverAndHrefMapping -->
  <testcase classname="multibankDSTest.HomePageTest" name="RETRY_001_demoRetryOnTransientFailure" time="0.004">
    <skipped/>
  </testcase> <!-- RETRY_001_demoRetryOnTransientFailure -->
  <testcase classname="multibankDSTest.HomePageTest" name="RETRY_001_demoRetryOnTransientFailure" time="1.637"/>
  <testcase classname="multibankDSTest.SpotSectionTest" name="verifySpotCategoriesHaveTradingPairs" time="28.332"/>
  <testcase classname="multibankDSTest.SpotSectionTest" name="verifySpotTableStructureAndData" time="5.494"/>
  <testcase classname="multibankDSTest.SpotSectionTest" name="verifySpotHeaderValidationFailsForWrongSpec" time="1.834"/>
</testsuite> <!-- Chrome_AllTests -->
