<?xml version="1.0" encoding="UTF-8"?>
<!-- Generated by org.testng.reporters.JUnitXMLReporter -->
<testsuite ignored="0" hostname="Pheonix" failures="3" tests="11" name="Firefox_AllTests" time="432.38" errors="0" timestamp="2025-12-03T20:29:42 GST">
  <testcase classname="multibankDSTest.WhyMultiLinkPageTest" name="ABOUT_001_verifyAllComponentsVisible" time="0.0">
    <skipped/>
  </testcase> <!-- ABOUT_001_verifyAllComponentsVisible -->
  <testcase classname="multibankDSTest.WhyMultiLinkPageTest" name="ABOUT_002_verifyTextsAgainstJson" time="0.0">
    <skipped/>
  </testcase> <!-- ABOUT_002_verifyTextsAgainstJson -->
  <testcase classname="multibankDSTest.HomePageTest" name="APP_001_AppleAppStoreLink_NavigatesToCorrectPage" time="8.971">
    <failure type="java.lang.AssertionError" message="Apple Store URL does not look correct: about:blank expected [true] but found [false]">
      <![CDATA[java.lang.AssertionError: Apple Store URL does not look correct: about:blank expected [true] but found [false]
at multibankDSTest.HomePageTest.APP_001_AppleAppStoreLink_NavigatesToCorrectPage(HomePageTest.java:122)
at java.base/java.util.ArrayList.forEach(ArrayList.java:1511)
at java.base/java.util.concurrent.FutureTask.run(FutureTask.java:264)
at java.base/java.util.concurrent.ThreadPoolExecutor.runWorker(ThreadPoolExecutor.java:1136)
at java.base/java.util.concurrent.ThreadPoolExecutor$Worker.run(ThreadPoolExecutor.java:635)
at java.base/java.lang.Thread.run(Thread.java:833)
... Removed 20 stack frames]]>
    </failure>
  </testcase> <!-- APP_001_AppleAppStoreLink_NavigatesToCorrectPage -->
  <testcase classname="multibankDSTest.HomePageTest" name="APP_002_GooglePlayLink_NavigatesToCorrectPage" time="7.235">
    <failure type="java.lang.AssertionError" message="Google Play URL does not look correct: about:blank expected [true] but found [false]">
      <![CDATA[java.lang.AssertionError: Google Play URL does not look correct: about:blank expected [true] but found [false]
at multibankDSTest.HomePageTest.APP_002_GooglePlayLink_NavigatesToCorrectPage(HomePageTest.java:149)
at java.base/java.util.ArrayList.forEach(ArrayList.java:1511)
at java.base/java.util.concurrent.FutureTask.run(FutureTask.java:264)
at java.base/java.util.concurrent.ThreadPoolExecutor.runWorker(ThreadPoolExecutor.java:1136)
at java.base/java.util.concurrent.ThreadPoolExecutor$Worker.run(ThreadPoolExecutor.java:635)
at java.base/java.lang.Thread.run(Thread.java:833)
... Removed 20 stack frames]]>
    </failure>
  </testcase> <!-- APP_002_GooglePlayLink_NavigatesToCorrectPage -->
  <testcase classname="multibankDSTest.HomePageTest" name="FOOT_001_MarketBanner_VisibleAndHasTexts" time="12.187"/>
  <testcase classname="multibankDSTest.HomePageTest" name="NAV_001_TopNavigation_HeaderAndNavVisible" time="3.303"/>
  <testcase classname="multibankDSTest.HomePageTest" name="NAV_002_TopNavigation_HoverAndHrefMapping" time="1.5">
    <failure type="java.lang.AssertionError" message="Href is null for menu: Trade expected object to not be null">
      <![CDATA[java.lang.AssertionError: Href is null for menu: Trade expected object to not be null
at multibankDSTest.HomePageTest.NAV_002_TopNavigation_HoverAndHrefMapping(HomePageTest.java:81)
at java.base/java.util.ArrayList.forEach(ArrayList.java:1511)
at java.base/java.util.concurrent.FutureTask.run(FutureTask.java:264)
at java.base/java.util.concurrent.ThreadPoolExecutor.runWorker(ThreadPoolExecutor.java:1136)
at java.base/java.util.concurrent.ThreadPoolExecutor$Worker.run(ThreadPoolExecutor.java:635)
at java.base/java.lang.Thread.run(Thread.java:833)
... Removed 19 stack frames]]>
    </failure>
  </testcase> <!-- NAV_002_TopNavigation_HoverAndHrefMapping -->
  <testcase classname="multibankDSTest.HomePageTest" name="RETRY_001_demoRetryOnTransientFailure" time="0.245"/>
  <testcase classname="multibankDSTest.SpotSectionTest" name="verifySpotCategoriesHaveTradingPairs" time="18.718"/>
  <testcase classname="multibankDSTest.SpotSectionTest" name="verifySpotTableStructureAndData" time="4.719"/>
  <testcase classname="multibankDSTest.SpotSectionTest" name="verifySpotHeaderValidationFailsForWrongSpec" time="0.741"/>
</testsuite> <!-- Firefox_AllTests -->
