

<!DOCTYPE html>
<html>
<head>
<meta charset="UTF-8">
<meta name="viewport" content="width=device-width, initial-scale=1, shrink-to-fit=no">
<title>Multibank Test Execution</title>
<link rel="apple-touch-icon" href="https://cdn.jsdelivr.net/gh/extent-framework/extent-github-cdn@b00a2d0486596e73dd7326beacf352c639623a0e/commons/img/logo.png">
<link rel="shortcut icon" href="https://cdn.jsdelivr.net/gh/extent-framework/extent-github-cdn@b00a2d0486596e73dd7326beacf352c639623a0e/commons/img/logo.png">
<link href="https://cdn.jsdelivr.net/gh/extent-framework/extent-github-cdn@ce8b10435bcbae260c334c0d0c6b61d2c19b6168/spark/css/spark-style.css" rel="stylesheet" />
<link href="https://stackpath.bootstrapcdn.com/font-awesome/4.7.0/css/font-awesome.min.css" rel="stylesheet">
<script src="https://cdn.jsdelivr.net/gh/extent-framework/extent-github-cdn@7cc78ce/spark/js/jsontree.js"></script>
<style type="text/css"></style></head><body class="spa -report standard">
  <div class="app">
    <div class="layout">
<div class="header navbar">
<div class="vheader">
<div class="nav-logo">
<a href="#">
<div class="logo" style="background-image: url('https://cdn.jsdelivr.net/gh/extent-framework/extent-github-cdn@b00a2d0486596e73dd7326beacf352c639623a0e/commons/img/logo.png')"></div>
</a>
</div>
<ul class="nav-left">
<li class="search-box">
<a class="search-toggle" href="#">
<i class="search-icon fa fa-search"></i>
<i class="search-icon-close fa fa-close"></i>
</a>
</li>
<li class="search-input"><input id="search-tests" class="form-control" type="text" placeholder="Search..."></li>
</ul>
<ul class="nav-right">
<li class="m-r-10">
<a href="#"><span class="badge badge-primary">Multibank UI Automation Report</span></a>
</li>
<li class="m-r-10">
<a href="#"><span class="badge badge-primary">Dec 4, 2025 02:08:22 PM</span></a>
</li>
</ul>
</div>
</div><div class="side-nav">
<div class="side-nav-inner">
<ul class="side-nav-menu">
<li class="nav-item dropdown" onclick="toggleView('test-view')">
<a id="nav-test" class="dropdown-toggle" href="#">
<span class="ico"><i class="fa fa-list"></i></span>
</a>
</li>
<li class="nav-item dropdown" onclick="toggleView('category-view')">
<a id="nav-category" class="dropdown-toggle" href="#">
<span class="ico"><i class="fa fa-tag"></i></span>
</a>
</li>
<li class="nav-item dropdown" onclick="toggleView('dashboard-view')">
<a id="nav-dashboard" class="dropdown-toggle" href="#">
<span class="ico"><i class="fa fa-bar-chart"></i></span>
</a>
</li>
</ul>
</div>
</div>      <div class="vcontainer">
        <div class="main-content">
<div class="test-wrapper row view test-view">
  <div class="test-list">
    <div class="test-list-tools">
<ul class="tools pull-left">
<li><a href="#"><span class="font-size-14">Tests</span></a></li>
</ul>
<ul class="tools text-right">
<li class="dropdown">
<a href="#" class="dropdown-toggle" data-toggle="dropdown"><i class="fa fa-exclamation-circle"></i></a>
<ul id="status-toggle" class="dropdown-menu dropdown-md p-v-0">
<a class="dropdown-item" status="pass" href="#"><span>Pass</span><span class="status success"></span></a>
<a class="dropdown-item" status="fail" href="#"><span>Fail</span><span class="status danger"></span></a>
<a class="dropdown-item" status="skip" href="#"><span>Skip</span><span class="status warning"></span></a>
<div class="dropdown-divider"></div>
<a status="clear" class="dropdown-item" href="#"><span>Clear</span><span class="pull-right"><i class="fa fa-close"></i></span></a>
</ul>
</li>
<li class="dropdown">
<a href="#" class="dropdown-toggle" data-toggle="dropdown"><i class="fa fa-tag"></i></a>
<ul id="tag-toggle" class="dropdown-menu dropdown-md p-v-0">
<a class="dropdown-item" href="#">Chrome_AllTests</a><a class="dropdown-item" href="#">Firefox_AllTests</a>
</ul>
</li>
</ul>
</div>    <div class="test-list-wrapper scrollable">
      <ul class="test-list-item">
        <li class="test-item"  status="fail" test-id="1"
          author=""
          tag="Firefox_AllTests"
          device="">
          <div class="test-detail">
            <p class="name">ABOUT_001_verifyAllComponentsVisible</p>
            <p class="text-sm">
              <span>2:08:39 PM</span> / <span>00:00:34:545</span>
              <span class="badge fail-bg log float-right">Fail</span>
            </p>
          </div>
          <div class="test-contents d-none">
<div class="detail-head">
<div class="p-v-10">
<div class="info">
<h5 class="test-status text-fail">ABOUT_001_verifyAllComponentsVisible</h5>
<span class='badge badge-success'>12.04.2025 2:08:39 PM</span>
<span class='badge badge-danger'>12.04.2025 2:09:14 PM</span>
<span class='badge badge-default'>00:00:34:545</span>
&middot; <span class='uri-anchor badge badge-default'>#test-id=1</span>
<span title='Skip to the next failed step' class='badge badge-danger pointer float-right ne ml-1'><i class="fa fa-fast-forward"></i></span>
<span title='Collapse all nodes' class='badge badge-default pointer float-right ct ml-1'><i class="fa fa-compress"></i></span>
<span title='Expand all nodes' class='badge badge-default pointer float-right et'><i class="fa fa-expand"></i></span>
</div>
<div class="m-t-15"><span class="badge badge-pill badge-default">Firefox_AllTests</span></div>
</div>
</div>    <div class="row mb-3"><div class="col-md-3">
    

<img data-featherlight='artifacts/firefox_T25_ABOUT_001_verifyAllComponentsVisible_FINAL_FAIL.png' src="artifacts/firefox_T25_ABOUT_001_verifyAllComponentsVisible_FINAL_FAIL.png">
  
    

    </div></div>
<div class="detail-body mt-4">
<table class="table table-sm">
  <thead><tr><th class="status-col">Status</th><th class="timestamp-col">Timestamp</th><th class="details-col">Details</th></tr></thead>
  <tbody>
      <tr class="event-row">
        <td><span class="badge log fail-bg">Fail</span></td>
        <td>2:09:14 PM</td>
        <td>
          Test failed: java.lang.AssertionError: Some Why MultiLink components are not visible. expected [true] but found [false]
        </td>
      </tr>
  </tbody>
</table>
</div>
          </div>
        </li>
        <li class="test-item"  status="fail" test-id="2"
          author=""
          tag="Chrome_AllTests"
          device="">
          <div class="test-detail">
            <p class="name">ABOUT_001_verifyAllComponentsVisible</p>
            <p class="text-sm">
              <span>2:08:44 PM</span> / <span>00:00:35:655</span>
              <span class="badge fail-bg log float-right">Fail</span>
            </p>
          </div>
          <div class="test-contents d-none">
<div class="detail-head">
<div class="p-v-10">
<div class="info">
<h5 class="test-status text-fail">ABOUT_001_verifyAllComponentsVisible</h5>
<span class='badge badge-success'>12.04.2025 2:08:44 PM</span>
<span class='badge badge-danger'>12.04.2025 2:09:20 PM</span>
<span class='badge badge-default'>00:00:35:655</span>
&middot; <span class='uri-anchor badge badge-default'>#test-id=2</span>
<span title='Skip to the next failed step' class='badge badge-danger pointer float-right ne ml-1'><i class="fa fa-fast-forward"></i></span>
<span title='Collapse all nodes' class='badge badge-default pointer float-right ct ml-1'><i class="fa fa-compress"></i></span>
<span title='Expand all nodes' class='badge badge-default pointer float-right et'><i class="fa fa-expand"></i></span>
</div>
<div class="m-t-15"><span class="badge badge-pill badge-default">Chrome_AllTests</span></div>
</div>
</div>    <div class="row mb-3"><div class="col-md-3">
    

<img data-featherlight='artifacts/chrome_T24_ABOUT_001_verifyAllComponentsVisible_FINAL_FAIL.png' src="artifacts/chrome_T24_ABOUT_001_verifyAllComponentsVisible_FINAL_FAIL.png">
  
    

    </div></div>
<div class="detail-body mt-4">
<table class="table table-sm">
  <thead><tr><th class="status-col">Status</th><th class="timestamp-col">Timestamp</th><th class="details-col">Details</th></tr></thead>
  <tbody>
      <tr class="event-row">
        <td><span class="badge log fail-bg">Fail</span></td>
        <td>2:09:20 PM</td>
        <td>
          Test failed: java.lang.AssertionError: Some Why MultiLink components are not visible. expected [true] but found [false]
        </td>
      </tr>
  </tbody>
</table>
</div>
          </div>
        </li>
        <li class="test-item"  status="pass" test-id="3"
          author=""
          tag="Firefox_AllTests"
          device="">
          <div class="test-detail">
            <p class="name">ABOUT_002_verifyTextsAgainstJson</p>
            <p class="text-sm">
              <span>2:09:42 PM</span> / <span>00:00:12:868</span>
              <span class="badge pass-bg log float-right">Pass</span>
            </p>
          </div>
          <div class="test-contents d-none">
<div class="detail-head">
<div class="p-v-10">
<div class="info">
<h5 class="test-status text-pass">ABOUT_002_verifyTextsAgainstJson</h5>
<span class='badge badge-success'>12.04.2025 2:09:42 PM</span>
<span class='badge badge-danger'>12.04.2025 2:09:55 PM</span>
<span class='badge badge-default'>00:00:12:868</span>
&middot; <span class='uri-anchor badge badge-default'>#test-id=3</span>
<span title='Skip to the next failed step' class='badge badge-danger pointer float-right ne ml-1'><i class="fa fa-fast-forward"></i></span>
<span title='Collapse all nodes' class='badge badge-default pointer float-right ct ml-1'><i class="fa fa-compress"></i></span>
<span title='Expand all nodes' class='badge badge-default pointer float-right et'><i class="fa fa-expand"></i></span>
</div>
<div class="m-t-15"><span class="badge badge-pill badge-default">Firefox_AllTests</span></div>
</div>
</div><div class="detail-body mt-4">
<table class="table table-sm">
  <thead><tr><th class="status-col">Status</th><th class="timestamp-col">Timestamp</th><th class="details-col">Details</th></tr></thead>
  <tbody>
      <tr class="event-row">
        <td><span class="badge log pass-bg">Pass</span></td>
        <td>2:09:55 PM</td>
        <td>
          Test passed
        </td>
      </tr>
  </tbody>
</table>
</div>
          </div>
        </li>
        <li class="test-item"  status="fail" test-id="4"
          author=""
          tag="Chrome_AllTests"
          device="">
          <div class="test-detail">
            <p class="name">ABOUT_002_verifyTextsAgainstJson</p>
            <p class="text-sm">
              <span>2:09:46 PM</span> / <span>00:00:11:671</span>
              <span class="badge fail-bg log float-right">Fail</span>
            </p>
          </div>
          <div class="test-contents d-none">
<div class="detail-head">
<div class="p-v-10">
<div class="info">
<h5 class="test-status text-fail">ABOUT_002_verifyTextsAgainstJson</h5>
<span class='badge badge-success'>12.04.2025 2:09:46 PM</span>
<span class='badge badge-danger'>12.04.2025 2:09:57 PM</span>
<span class='badge badge-default'>00:00:11:671</span>
&middot; <span class='uri-anchor badge badge-default'>#test-id=4</span>
<span title='Skip to the next failed step' class='badge badge-danger pointer float-right ne ml-1'><i class="fa fa-fast-forward"></i></span>
<span title='Collapse all nodes' class='badge badge-default pointer float-right ct ml-1'><i class="fa fa-compress"></i></span>
<span title='Expand all nodes' class='badge badge-default pointer float-right et'><i class="fa fa-expand"></i></span>
</div>
<div class="m-t-15"><span class="badge badge-pill badge-default">Chrome_AllTests</span></div>
</div>
</div>    <div class="row mb-3"><div class="col-md-3">
    

<img data-featherlight='artifacts/chrome_T24_ABOUT_002_verifyTextsAgainstJson_FINAL_FAIL.png' src="artifacts/chrome_T24_ABOUT_002_verifyTextsAgainstJson_FINAL_FAIL.png">
  
    

    </div></div>
<div class="detail-body mt-4">
<table class="table table-sm">
  <thead><tr><th class="status-col">Status</th><th class="timestamp-col">Timestamp</th><th class="details-col">Details</th></tr></thead>
  <tbody>
      <tr class="event-row">
        <td><span class="badge log fail-bg">Fail</span></td>
        <td>2:09:57 PM</td>
        <td>
          Test failed: java.lang.AssertionError: CTA button texts mismatch: lists don't have the same size expected [8] but found [7]
        </td>
      </tr>
  </tbody>
</table>
</div>
          </div>
        </li>
        <li class="test-item"  status="fail" test-id="5"
          author=""
          tag="Firefox_AllTests"
          device="">
          <div class="test-detail">
            <p class="name">APP_001_AppleAppStoreLink_NavigatesToCorrectPage</p>
            <p class="text-sm">
              <span>2:10:14 PM</span> / <span>00:00:05:653</span>
              <span class="badge fail-bg log float-right">Fail</span>
            </p>
          </div>
          <div class="test-contents d-none">
<div class="detail-head">
<div class="p-v-10">
<div class="info">
<h5 class="test-status text-fail">APP_001_AppleAppStoreLink_NavigatesToCorrectPage</h5>
<span class='badge badge-success'>12.04.2025 2:10:14 PM</span>
<span class='badge badge-danger'>12.04.2025 2:10:20 PM</span>
<span class='badge badge-default'>00:00:05:653</span>
&middot; <span class='uri-anchor badge badge-default'>#test-id=5</span>
<span title='Skip to the next failed step' class='badge badge-danger pointer float-right ne ml-1'><i class="fa fa-fast-forward"></i></span>
<span title='Collapse all nodes' class='badge badge-default pointer float-right ct ml-1'><i class="fa fa-compress"></i></span>
<span title='Expand all nodes' class='badge badge-default pointer float-right et'><i class="fa fa-expand"></i></span>
</div>
<div class="m-t-15"><span class="badge badge-pill badge-default">Firefox_AllTests</span></div>
</div>
</div>    <div class="row mb-3"><div class="col-md-3">
    

<img data-featherlight='artifacts/firefox_T25_APP_001_AppleAppStoreLink_NavigatesToCorrectPage_FINAL_FAIL.png' src="artifacts/firefox_T25_APP_001_AppleAppStoreLink_NavigatesToCorrectPage_FINAL_FAIL.png">
  
    

    </div></div>
<div class="detail-body mt-4">
<table class="table table-sm">
  <thead><tr><th class="status-col">Status</th><th class="timestamp-col">Timestamp</th><th class="details-col">Details</th></tr></thead>
  <tbody>
      <tr class="event-row">
        <td><span class="badge log fail-bg">Fail</span></td>
        <td>2:10:20 PM</td>
        <td>
          Test failed: java.lang.AssertionError: Apple Store URL does not look correct: about:blank expected [true] but found [false]
        </td>
      </tr>
  </tbody>
</table>
</div>
          </div>
        </li>
        <li class="test-item"  status="pass" test-id="6"
          author=""
          tag="Chrome_AllTests"
          device="">
          <div class="test-detail">
            <p class="name">APP_001_AppleAppStoreLink_NavigatesToCorrectPage</p>
            <p class="text-sm">
              <span>2:10:15 PM</span> / <span>00:00:06:095</span>
              <span class="badge pass-bg log float-right">Pass</span>
            </p>
          </div>
          <div class="test-contents d-none">
<div class="detail-head">
<div class="p-v-10">
<div class="info">
<h5 class="test-status text-pass">APP_001_AppleAppStoreLink_NavigatesToCorrectPage</h5>
<span class='badge badge-success'>12.04.2025 2:10:15 PM</span>
<span class='badge badge-danger'>12.04.2025 2:10:21 PM</span>
<span class='badge badge-default'>00:00:06:095</span>
&middot; <span class='uri-anchor badge badge-default'>#test-id=6</span>
<span title='Skip to the next failed step' class='badge badge-danger pointer float-right ne ml-1'><i class="fa fa-fast-forward"></i></span>
<span title='Collapse all nodes' class='badge badge-default pointer float-right ct ml-1'><i class="fa fa-compress"></i></span>
<span title='Expand all nodes' class='badge badge-default pointer float-right et'><i class="fa fa-expand"></i></span>
</div>
<div class="m-t-15"><span class="badge badge-pill badge-default">Chrome_AllTests</span></div>
</div>
</div><div class="detail-body mt-4">
<table class="table table-sm">
  <thead><tr><th class="status-col">Status</th><th class="timestamp-col">Timestamp</th><th class="details-col">Details</th></tr></thead>
  <tbody>
      <tr class="event-row">
        <td><span class="badge log pass-bg">Pass</span></td>
        <td>2:10:21 PM</td>
        <td>
          Test passed
        </td>
      </tr>
  </tbody>
</table>
</div>
          </div>
        </li>
        <li class="test-item"  status="pass" test-id="7"
          author=""
          tag="Chrome_AllTests"
          device="">
          <div class="test-detail">
            <p class="name">APP_002_GooglePlayLink_NavigatesToCorrectPage</p>
            <p class="text-sm">
              <span>2:10:38 PM</span> / <span>00:00:11:506</span>
              <span class="badge pass-bg log float-right">Pass</span>
            </p>
          </div>
          <div class="test-contents d-none">
<div class="detail-head">
<div class="p-v-10">
<div class="info">
<h5 class="test-status text-pass">APP_002_GooglePlayLink_NavigatesToCorrectPage</h5>
<span class='badge badge-success'>12.04.2025 2:10:38 PM</span>
<span class='badge badge-danger'>12.04.2025 2:10:50 PM</span>
<span class='badge badge-default'>00:00:11:506</span>
&middot; <span class='uri-anchor badge badge-default'>#test-id=7</span>
<span title='Skip to the next failed step' class='badge badge-danger pointer float-right ne ml-1'><i class="fa fa-fast-forward"></i></span>
<span title='Collapse all nodes' class='badge badge-default pointer float-right ct ml-1'><i class="fa fa-compress"></i></span>
<span title='Expand all nodes' class='badge badge-default pointer float-right et'><i class="fa fa-expand"></i></span>
</div>
<div class="m-t-15"><span class="badge badge-pill badge-default">Chrome_AllTests</span></div>
</div>
</div><div class="detail-body mt-4">
<table class="table table-sm">
  <thead><tr><th class="status-col">Status</th><th class="timestamp-col">Timestamp</th><th class="details-col">Details</th></tr></thead>
  <tbody>
      <tr class="event-row">
        <td><span class="badge log pass-bg">Pass</span></td>
        <td>2:10:50 PM</td>
        <td>
          Test passed
        </td>
      </tr>
  </tbody>
</table>
</div>
          </div>
        </li>
        <li class="test-item"  status="fail" test-id="8"
          author=""
          tag="Firefox_AllTests"
          device="">
          <div class="test-detail">
            <p class="name">APP_002_GooglePlayLink_NavigatesToCorrectPage</p>
            <p class="text-sm">
              <span>2:10:40 PM</span> / <span>00:00:08:237</span>
              <span class="badge fail-bg log float-right">Fail</span>
            </p>
          </div>
          <div class="test-contents d-none">
<div class="detail-head">
<div class="p-v-10">
<div class="info">
<h5 class="test-status text-fail">APP_002_GooglePlayLink_NavigatesToCorrectPage</h5>
<span class='badge badge-success'>12.04.2025 2:10:40 PM</span>
<span class='badge badge-danger'>12.04.2025 2:10:48 PM</span>
<span class='badge badge-default'>00:00:08:237</span>
&middot; <span class='uri-anchor badge badge-default'>#test-id=8</span>
<span title='Skip to the next failed step' class='badge badge-danger pointer float-right ne ml-1'><i class="fa fa-fast-forward"></i></span>
<span title='Collapse all nodes' class='badge badge-default pointer float-right ct ml-1'><i class="fa fa-compress"></i></span>
<span title='Expand all nodes' class='badge badge-default pointer float-right et'><i class="fa fa-expand"></i></span>
</div>
<div class="m-t-15"><span class="badge badge-pill badge-default">Firefox_AllTests</span></div>
</div>
</div>    <div class="row mb-3"><div class="col-md-3">
    

<img data-featherlight='artifacts/firefox_T25_APP_002_GooglePlayLink_NavigatesToCorrectPage_FINAL_FAIL.png' src="artifacts/firefox_T25_APP_002_GooglePlayLink_NavigatesToCorrectPage_FINAL_FAIL.png">
  
    

    </div></div>
<div class="detail-body mt-4">
<table class="table table-sm">
  <thead><tr><th class="status-col">Status</th><th class="timestamp-col">Timestamp</th><th class="details-col">Details</th></tr></thead>
  <tbody>
      <tr class="event-row">
        <td><span class="badge log fail-bg">Fail</span></td>
        <td>2:10:48 PM</td>
        <td>
          Test failed: java.lang.AssertionError: Google Play URL does not look correct: about:blank expected [true] but found [false]
        </td>
      </tr>
  </tbody>
</table>
</div>
          </div>
        </li>
        <li class="test-item"  status="pass" test-id="9"
          author=""
          tag="Chrome_AllTests"
          device="">
          <div class="test-detail">
            <p class="name">FOOT_001_MarketBanner_VisibleAndHasTexts</p>
            <p class="text-sm">
              <span>2:11:14 PM</span> / <span>00:00:05:966</span>
              <span class="badge pass-bg log float-right">Pass</span>
            </p>
          </div>
          <div class="test-contents d-none">
<div class="detail-head">
<div class="p-v-10">
<div class="info">
<h5 class="test-status text-pass">FOOT_001_MarketBanner_VisibleAndHasTexts</h5>
<span class='badge badge-success'>12.04.2025 2:11:14 PM</span>
<span class='badge badge-danger'>12.04.2025 2:11:20 PM</span>
<span class='badge badge-default'>00:00:05:966</span>
&middot; <span class='uri-anchor badge badge-default'>#test-id=9</span>
<span title='Skip to the next failed step' class='badge badge-danger pointer float-right ne ml-1'><i class="fa fa-fast-forward"></i></span>
<span title='Collapse all nodes' class='badge badge-default pointer float-right ct ml-1'><i class="fa fa-compress"></i></span>
<span title='Expand all nodes' class='badge badge-default pointer float-right et'><i class="fa fa-expand"></i></span>
</div>
<div class="m-t-15"><span class="badge badge-pill badge-default">Chrome_AllTests</span></div>
</div>
</div><div class="detail-body mt-4">
<table class="table table-sm">
  <thead><tr><th class="status-col">Status</th><th class="timestamp-col">Timestamp</th><th class="details-col">Details</th></tr></thead>
  <tbody>
      <tr class="event-row">
        <td><span class="badge log pass-bg">Pass</span></td>
        <td>2:11:20 PM</td>
        <td>
          Test passed
        </td>
      </tr>
  </tbody>
</table>
</div>
          </div>
        </li>
        <li class="test-item"  status="pass" test-id="10"
          author=""
          tag="Firefox_AllTests"
          device="">
          <div class="test-detail">
            <p class="name">FOOT_001_MarketBanner_VisibleAndHasTexts</p>
            <p class="text-sm">
              <span>2:11:14 PM</span> / <span>00:00:18:025</span>
              <span class="badge pass-bg log float-right">Pass</span>
            </p>
          </div>
          <div class="test-contents d-none">
<div class="detail-head">
<div class="p-v-10">
<div class="info">
<h5 class="test-status text-pass">FOOT_001_MarketBanner_VisibleAndHasTexts</h5>
<span class='badge badge-success'>12.04.2025 2:11:14 PM</span>
<span class='badge badge-danger'>12.04.2025 2:11:32 PM</span>
<span class='badge badge-default'>00:00:18:025</span>
&middot; <span class='uri-anchor badge badge-default'>#test-id=10</span>
<span title='Skip to the next failed step' class='badge badge-danger pointer float-right ne ml-1'><i class="fa fa-fast-forward"></i></span>
<span title='Collapse all nodes' class='badge badge-default pointer float-right ct ml-1'><i class="fa fa-compress"></i></span>
<span title='Expand all nodes' class='badge badge-default pointer float-right et'><i class="fa fa-expand"></i></span>
</div>
<div class="m-t-15"><span class="badge badge-pill badge-default">Firefox_AllTests</span></div>
</div>
</div><div class="detail-body mt-4">
<table class="table table-sm">
  <thead><tr><th class="status-col">Status</th><th class="timestamp-col">Timestamp</th><th class="details-col">Details</th></tr></thead>
  <tbody>
      <tr class="event-row">
        <td><span class="badge log pass-bg">Pass</span></td>
        <td>2:11:32 PM</td>
        <td>
          Test passed
        </td>
      </tr>
  </tbody>
</table>
</div>
          </div>
        </li>
        <li class="test-item"  status="pass" test-id="11"
          author=""
          tag="Chrome_AllTests"
          device="">
          <div class="test-detail">
            <p class="name">NAV_001_TopNavigation_HeaderAndNavVisible</p>
            <p class="text-sm">
              <span>2:11:36 PM</span> / <span>00:00:02:506</span>
              <span class="badge pass-bg log float-right">Pass</span>
            </p>
          </div>
          <div class="test-contents d-none">
<div class="detail-head">
<div class="p-v-10">
<div class="info">
<h5 class="test-status text-pass">NAV_001_TopNavigation_HeaderAndNavVisible</h5>
<span class='badge badge-success'>12.04.2025 2:11:36 PM</span>
<span class='badge badge-danger'>12.04.2025 2:11:38 PM</span>
<span class='badge badge-default'>00:00:02:506</span>
&middot; <span class='uri-anchor badge badge-default'>#test-id=11</span>
<span title='Skip to the next failed step' class='badge badge-danger pointer float-right ne ml-1'><i class="fa fa-fast-forward"></i></span>
<span title='Collapse all nodes' class='badge badge-default pointer float-right ct ml-1'><i class="fa fa-compress"></i></span>
<span title='Expand all nodes' class='badge badge-default pointer float-right et'><i class="fa fa-expand"></i></span>
</div>
<div class="m-t-15"><span class="badge badge-pill badge-default">Chrome_AllTests</span></div>
</div>
</div><div class="detail-body mt-4">
<table class="table table-sm">
  <thead><tr><th class="status-col">Status</th><th class="timestamp-col">Timestamp</th><th class="details-col">Details</th></tr></thead>
  <tbody>
      <tr class="event-row">
        <td><span class="badge log pass-bg">Pass</span></td>
        <td>2:11:38 PM</td>
        <td>
          Test passed
        </td>
      </tr>
  </tbody>
</table>
</div>
          </div>
        </li>
        <li class="test-item"  status="pass" test-id="12"
          author=""
          tag="Firefox_AllTests"
          device="">
          <div class="test-detail">
            <p class="name">NAV_001_TopNavigation_HeaderAndNavVisible</p>
            <p class="text-sm">
              <span>2:11:58 PM</span> / <span>00:00:02:560</span>
              <span class="badge pass-bg log float-right">Pass</span>
            </p>
          </div>
          <div class="test-contents d-none">
<div class="detail-head">
<div class="p-v-10">
<div class="info">
<h5 class="test-status text-pass">NAV_001_TopNavigation_HeaderAndNavVisible</h5>
<span class='badge badge-success'>12.04.2025 2:11:58 PM</span>
<span class='badge badge-danger'>12.04.2025 2:12:01 PM</span>
<span class='badge badge-default'>00:00:02:560</span>
&middot; <span class='uri-anchor badge badge-default'>#test-id=12</span>
<span title='Skip to the next failed step' class='badge badge-danger pointer float-right ne ml-1'><i class="fa fa-fast-forward"></i></span>
<span title='Collapse all nodes' class='badge badge-default pointer float-right ct ml-1'><i class="fa fa-compress"></i></span>
<span title='Expand all nodes' class='badge badge-default pointer float-right et'><i class="fa fa-expand"></i></span>
</div>
<div class="m-t-15"><span class="badge badge-pill badge-default">Firefox_AllTests</span></div>
</div>
</div><div class="detail-body mt-4">
<table class="table table-sm">
  <thead><tr><th class="status-col">Status</th><th class="timestamp-col">Timestamp</th><th class="details-col">Details</th></tr></thead>
  <tbody>
      <tr class="event-row">
        <td><span class="badge log pass-bg">Pass</span></td>
        <td>2:12:01 PM</td>
        <td>
          Test passed
        </td>
      </tr>
  </tbody>
</table>
</div>
          </div>
        </li>
        <li class="test-item"  status="fail" test-id="13"
          author=""
          tag="Chrome_AllTests"
          device="">
          <div class="test-detail">
            <p class="name">NAV_002_TopNavigation_HoverAndHrefMapping</p>
            <p class="text-sm">
              <span>2:12:00 PM</span> / <span>00:00:03:123</span>
              <span class="badge fail-bg log float-right">Fail</span>
            </p>
          </div>
          <div class="test-contents d-none">
<div class="detail-head">
<div class="p-v-10">
<div class="info">
<h5 class="test-status text-fail">NAV_002_TopNavigation_HoverAndHrefMapping</h5>
<span class='badge badge-success'>12.04.2025 2:12:00 PM</span>
<span class='badge badge-danger'>12.04.2025 2:12:03 PM</span>
<span class='badge badge-default'>00:00:03:123</span>
&middot; <span class='uri-anchor badge badge-default'>#test-id=13</span>
<span title='Skip to the next failed step' class='badge badge-danger pointer float-right ne ml-1'><i class="fa fa-fast-forward"></i></span>
<span title='Collapse all nodes' class='badge badge-default pointer float-right ct ml-1'><i class="fa fa-compress"></i></span>
<span title='Expand all nodes' class='badge badge-default pointer float-right et'><i class="fa fa-expand"></i></span>
</div>
<div class="m-t-15"><span class="badge badge-pill badge-default">Chrome_AllTests</span></div>
</div>
</div>    <div class="row mb-3"><div class="col-md-3">
    

<img data-featherlight='artifacts/chrome_T24_NAV_002_TopNavigation_HoverAndHrefMapping_FINAL_FAIL.png' src="artifacts/chrome_T24_NAV_002_TopNavigation_HoverAndHrefMapping_FINAL_FAIL.png">
  
    

    </div></div>
<div class="detail-body mt-4">
<table class="table table-sm">
  <thead><tr><th class="status-col">Status</th><th class="timestamp-col">Timestamp</th><th class="details-col">Details</th></tr></thead>
  <tbody>
      <tr class="event-row">
        <td><span class="badge log fail-bg">Fail</span></td>
        <td>2:12:03 PM</td>
        <td>
          Test failed: java.lang.AssertionError: Href is null for menu: Trade expected object to not be null
        </td>
      </tr>
  </tbody>
</table>
</div>
          </div>
        </li>
        <li class="test-item"  status="skip" test-id="14"
          author=""
          tag="Chrome_AllTests"
          device="">
          <div class="test-detail">
            <p class="name">RETRY_001_demoRetryOnTransientFailure</p>
            <p class="text-sm">
              <span>2:12:19 PM</span> / <span>00:00:00:007</span>
              <span class="badge skip-bg log float-right">Skip</span>
            </p>
          </div>
          <div class="test-contents d-none">
<div class="detail-head">
<div class="p-v-10">
<div class="info">
<h5 class="test-status text-skip">RETRY_001_demoRetryOnTransientFailure</h5>
<span class='badge badge-success'>12.04.2025 2:12:19 PM</span>
<span class='badge badge-danger'>12.04.2025 2:12:19 PM</span>
<span class='badge badge-default'>00:00:00:007</span>
&middot; <span class='uri-anchor badge badge-default'>#test-id=14</span>
<span title='Skip to the next failed step' class='badge badge-danger pointer float-right ne ml-1'><i class="fa fa-fast-forward"></i></span>
<span title='Collapse all nodes' class='badge badge-default pointer float-right ct ml-1'><i class="fa fa-compress"></i></span>
<span title='Expand all nodes' class='badge badge-default pointer float-right et'><i class="fa fa-expand"></i></span>
</div>
<div class="m-t-15"><span class="badge badge-pill badge-default">Chrome_AllTests</span></div>
</div>
</div><div class="detail-body mt-4">
<table class="table table-sm">
  <thead><tr><th class="status-col">Status</th><th class="timestamp-col">Timestamp</th><th class="details-col">Details</th></tr></thead>
  <tbody>
      <tr class="event-row">
        <td><span class="badge log skip-bg">Skip</span></td>
        <td>2:12:19 PM</td>
        <td>
          Test skipped
        </td>
      </tr>
  </tbody>
</table>
</div>
          </div>
        </li>
        <li class="test-item"  status="fail" test-id="15"
          author=""
          tag="Chrome_AllTests"
          device="">
          <div class="test-detail">
            <p class="name">RETRY_001_demoRetryOnTransientFailure</p>
            <p class="text-sm">
              <span>2:12:24 PM</span> / <span>00:00:13:444</span>
              <span class="badge fail-bg log float-right">Fail</span>
            </p>
          </div>
          <div class="test-contents d-none">
<div class="detail-head">
<div class="p-v-10">
<div class="info">
<h5 class="test-status text-fail">RETRY_001_demoRetryOnTransientFailure</h5>
<span class='badge badge-success'>12.04.2025 2:12:24 PM</span>
<span class='badge badge-danger'>12.04.2025 2:12:37 PM</span>
<span class='badge badge-default'>00:00:13:444</span>
&middot; <span class='uri-anchor badge badge-default'>#test-id=15</span>
<span title='Skip to the next failed step' class='badge badge-danger pointer float-right ne ml-1'><i class="fa fa-fast-forward"></i></span>
<span title='Collapse all nodes' class='badge badge-default pointer float-right ct ml-1'><i class="fa fa-compress"></i></span>
<span title='Expand all nodes' class='badge badge-default pointer float-right et'><i class="fa fa-expand"></i></span>
</div>
<div class="m-t-15"><span class="badge badge-pill badge-default">Chrome_AllTests</span></div>
</div>
</div>    <div class="row mb-3"><div class="col-md-3">
    

<img data-featherlight='artifacts/chrome_T24_RETRY_001_demoRetryOnTransientFailure_FINAL_FAIL.png' src="artifacts/chrome_T24_RETRY_001_demoRetryOnTransientFailure_FINAL_FAIL.png">
  
    

    </div></div>
<div class="detail-body mt-4">
<table class="table table-sm">
  <thead><tr><th class="status-col">Status</th><th class="timestamp-col">Timestamp</th><th class="details-col">Details</th></tr></thead>
  <tbody>
      <tr class="event-row">
        <td><span class="badge log fail-bg">Fail</span></td>
        <td>2:12:37 PM</td>
        <td>
          Test failed: java.lang.AssertionError: Logo should be visible after retry. expected [true] but found [false]
        </td>
      </tr>
  </tbody>
</table>
</div>
          </div>
        </li>
        <li class="test-item"  status="fail" test-id="16"
          author=""
          tag="Firefox_AllTests"
          device="">
          <div class="test-detail">
            <p class="name">NAV_002_TopNavigation_HoverAndHrefMapping</p>
            <p class="text-sm">
              <span>2:12:25 PM</span> / <span>00:00:03:888</span>
              <span class="badge fail-bg log float-right">Fail</span>
            </p>
          </div>
          <div class="test-contents d-none">
<div class="detail-head">
<div class="p-v-10">
<div class="info">
<h5 class="test-status text-fail">NAV_002_TopNavigation_HoverAndHrefMapping</h5>
<span class='badge badge-success'>12.04.2025 2:12:25 PM</span>
<span class='badge badge-danger'>12.04.2025 2:12:29 PM</span>
<span class='badge badge-default'>00:00:03:888</span>
&middot; <span class='uri-anchor badge badge-default'>#test-id=16</span>
<span title='Skip to the next failed step' class='badge badge-danger pointer float-right ne ml-1'><i class="fa fa-fast-forward"></i></span>
<span title='Collapse all nodes' class='badge badge-default pointer float-right ct ml-1'><i class="fa fa-compress"></i></span>
<span title='Expand all nodes' class='badge badge-default pointer float-right et'><i class="fa fa-expand"></i></span>
</div>
<div class="m-t-15"><span class="badge badge-pill badge-default">Firefox_AllTests</span></div>
</div>
</div>    <div class="row mb-3"><div class="col-md-3">
    

<img data-featherlight='artifacts/firefox_T25_NAV_002_TopNavigation_HoverAndHrefMapping_FINAL_FAIL.png' src="artifacts/firefox_T25_NAV_002_TopNavigation_HoverAndHrefMapping_FINAL_FAIL.png">
  
    

    </div></div>
<div class="detail-body mt-4">
<table class="table table-sm">
  <thead><tr><th class="status-col">Status</th><th class="timestamp-col">Timestamp</th><th class="details-col">Details</th></tr></thead>
  <tbody>
      <tr class="event-row">
        <td><span class="badge log fail-bg">Fail</span></td>
        <td>2:12:29 PM</td>
        <td>
          Test failed: java.lang.AssertionError: Href is null for menu: Trade expected object to not be null
        </td>
      </tr>
  </tbody>
</table>
</div>
          </div>
        </li>
        <li class="test-item"  status="pass" test-id="17"
          author=""
          tag="Chrome_AllTests"
          device="">
          <div class="test-detail">
            <p class="name">verifySpotCategoriesHaveTradingPairs</p>
            <p class="text-sm">
              <span>2:12:54 PM</span> / <span>00:00:41:849</span>
              <span class="badge pass-bg log float-right">Pass</span>
            </p>
          </div>
          <div class="test-contents d-none">
<div class="detail-head">
<div class="p-v-10">
<div class="info">
<h5 class="test-status text-pass">verifySpotCategoriesHaveTradingPairs</h5>
<span class='badge badge-success'>12.04.2025 2:12:54 PM</span>
<span class='badge badge-danger'>12.04.2025 2:13:36 PM</span>
<span class='badge badge-default'>00:00:41:849</span>
&middot; <span class='uri-anchor badge badge-default'>#test-id=17</span>
<span title='Skip to the next failed step' class='badge badge-danger pointer float-right ne ml-1'><i class="fa fa-fast-forward"></i></span>
<span title='Collapse all nodes' class='badge badge-default pointer float-right ct ml-1'><i class="fa fa-compress"></i></span>
<span title='Expand all nodes' class='badge badge-default pointer float-right et'><i class="fa fa-expand"></i></span>
</div>
<div class="m-t-15"><span class="badge badge-pill badge-default">Chrome_AllTests</span></div>
</div>
</div><div class="detail-body mt-4">
<table class="table table-sm">
  <thead><tr><th class="status-col">Status</th><th class="timestamp-col">Timestamp</th><th class="details-col">Details</th></tr></thead>
  <tbody>
      <tr class="event-row">
        <td><span class="badge log pass-bg">Pass</span></td>
        <td>2:13:36 PM</td>
        <td>
          Test passed
        </td>
      </tr>
  </tbody>
</table>
</div>
          </div>
        </li>
        <li class="test-item"  status="pass" test-id="18"
          author=""
          tag="Firefox_AllTests"
          device="">
          <div class="test-detail">
            <p class="name">RETRY_001_demoRetryOnTransientFailure</p>
            <p class="text-sm">
              <span>2:12:59 PM</span> / <span>00:00:01:817</span>
              <span class="badge pass-bg log float-right">Pass</span>
            </p>
          </div>
          <div class="test-contents d-none">
<div class="detail-head">
<div class="p-v-10">
<div class="info">
<h5 class="test-status text-pass">RETRY_001_demoRetryOnTransientFailure</h5>
<span class='badge badge-success'>12.04.2025 2:12:59 PM</span>
<span class='badge badge-danger'>12.04.2025 2:13:00 PM</span>
<span class='badge badge-default'>00:00:01:817</span>
&middot; <span class='uri-anchor badge badge-default'>#test-id=18</span>
<span title='Skip to the next failed step' class='badge badge-danger pointer float-right ne ml-1'><i class="fa fa-fast-forward"></i></span>
<span title='Collapse all nodes' class='badge badge-default pointer float-right ct ml-1'><i class="fa fa-compress"></i></span>
<span title='Expand all nodes' class='badge badge-default pointer float-right et'><i class="fa fa-expand"></i></span>
</div>
<div class="m-t-15"><span class="badge badge-pill badge-default">Firefox_AllTests</span></div>
</div>
</div><div class="detail-body mt-4">
<table class="table table-sm">
  <thead><tr><th class="status-col">Status</th><th class="timestamp-col">Timestamp</th><th class="details-col">Details</th></tr></thead>
  <tbody>
      <tr class="event-row">
        <td><span class="badge log pass-bg">Pass</span></td>
        <td>2:13:00 PM</td>
        <td>
          Test passed
        </td>
      </tr>
  </tbody>
</table>
</div>
          </div>
        </li>
        <li class="test-item"  status="pass" test-id="19"
          author=""
          tag="Firefox_AllTests"
          device="">
          <div class="test-detail">
            <p class="name">verifySpotCategoriesHaveTradingPairs</p>
            <p class="text-sm">
              <span>2:13:22 PM</span> / <span>00:00:53:610</span>
              <span class="badge pass-bg log float-right">Pass</span>
            </p>
          </div>
          <div class="test-contents d-none">
<div class="detail-head">
<div class="p-v-10">
<div class="info">
<h5 class="test-status text-pass">verifySpotCategoriesHaveTradingPairs</h5>
<span class='badge badge-success'>12.04.2025 2:13:22 PM</span>
<span class='badge badge-danger'>12.04.2025 2:14:15 PM</span>
<span class='badge badge-default'>00:00:53:610</span>
&middot; <span class='uri-anchor badge badge-default'>#test-id=19</span>
<span title='Skip to the next failed step' class='badge badge-danger pointer float-right ne ml-1'><i class="fa fa-fast-forward"></i></span>
<span title='Collapse all nodes' class='badge badge-default pointer float-right ct ml-1'><i class="fa fa-compress"></i></span>
<span title='Expand all nodes' class='badge badge-default pointer float-right et'><i class="fa fa-expand"></i></span>
</div>
<div class="m-t-15"><span class="badge badge-pill badge-default">Firefox_AllTests</span></div>
</div>
</div><div class="detail-body mt-4">
<table class="table table-sm">
  <thead><tr><th class="status-col">Status</th><th class="timestamp-col">Timestamp</th><th class="details-col">Details</th></tr></thead>
  <tbody>
      <tr class="event-row">
        <td><span class="badge log pass-bg">Pass</span></td>
        <td>2:14:15 PM</td>
        <td>
          Test passed
        </td>
      </tr>
  </tbody>
</table>
</div>
          </div>
        </li>
        <li class="test-item"  status="fail" test-id="20"
          author=""
          tag="Chrome_AllTests"
          device="">
          <div class="test-detail">
            <p class="name">verifySpotTableStructureAndData</p>
            <p class="text-sm">
              <span>2:13:42 PM</span> / <span>00:00:11:034</span>
              <span class="badge fail-bg log float-right">Fail</span>
            </p>
          </div>
          <div class="test-contents d-none">
<div class="detail-head">
<div class="p-v-10">
<div class="info">
<h5 class="test-status text-fail">verifySpotTableStructureAndData</h5>
<span class='badge badge-success'>12.04.2025 2:13:42 PM</span>
<span class='badge badge-danger'>12.04.2025 2:13:53 PM</span>
<span class='badge badge-default'>00:00:11:034</span>
&middot; <span class='uri-anchor badge badge-default'>#test-id=20</span>
<span title='Skip to the next failed step' class='badge badge-danger pointer float-right ne ml-1'><i class="fa fa-fast-forward"></i></span>
<span title='Collapse all nodes' class='badge badge-default pointer float-right ct ml-1'><i class="fa fa-compress"></i></span>
<span title='Expand all nodes' class='badge badge-default pointer float-right et'><i class="fa fa-expand"></i></span>
</div>
<div class="m-t-15"><span class="badge badge-pill badge-default">Chrome_AllTests</span></div>
</div>
</div>    <div class="row mb-3"><div class="col-md-3">
    

<img data-featherlight='artifacts/chrome_T24_verifySpotTableStructureAndData_FINAL_FAIL.png' src="artifacts/chrome_T24_verifySpotTableStructureAndData_FINAL_FAIL.png">
  
    

    </div></div>
<div class="detail-body mt-4">
<table class="table table-sm">
  <thead><tr><th class="status-col">Status</th><th class="timestamp-col">Timestamp</th><th class="details-col">Details</th></tr></thead>
  <tbody>
      <tr class="event-row">
        <td><span class="badge log fail-bg">Fail</span></td>
        <td>2:13:53 PM</td>
        <td>
          Test failed: java.lang.AssertionError: Spot column headers do not match expected spec. expected [true] but found [false]
        </td>
      </tr>
  </tbody>
</table>
</div>
          </div>
        </li>
        <li class="test-item"  status="pass" test-id="21"
          author=""
          tag="Chrome_AllTests"
          device="">
          <div class="test-detail">
            <p class="name">verifySpotHeaderValidationFailsForWrongSpec</p>
            <p class="text-sm">
              <span>2:14:11 PM</span> / <span>00:00:02:170</span>
              <span class="badge pass-bg log float-right">Pass</span>
            </p>
          </div>
          <div class="test-contents d-none">
<div class="detail-head">
<div class="p-v-10">
<div class="info">
<h5 class="test-status text-pass">verifySpotHeaderValidationFailsForWrongSpec</h5>
<span class='badge badge-success'>12.04.2025 2:14:11 PM</span>
<span class='badge badge-danger'>12.04.2025 2:14:13 PM</span>
<span class='badge badge-default'>00:00:02:170</span>
&middot; <span class='uri-anchor badge badge-default'>#test-id=21</span>
<span title='Skip to the next failed step' class='badge badge-danger pointer float-right ne ml-1'><i class="fa fa-fast-forward"></i></span>
<span title='Collapse all nodes' class='badge badge-default pointer float-right ct ml-1'><i class="fa fa-compress"></i></span>
<span title='Expand all nodes' class='badge badge-default pointer float-right et'><i class="fa fa-expand"></i></span>
</div>
<div class="m-t-15"><span class="badge badge-pill badge-default">Chrome_AllTests</span></div>
</div>
</div><div class="detail-body mt-4">
<table class="table table-sm">
  <thead><tr><th class="status-col">Status</th><th class="timestamp-col">Timestamp</th><th class="details-col">Details</th></tr></thead>
  <tbody>
      <tr class="event-row">
        <td><span class="badge log pass-bg">Pass</span></td>
        <td>2:14:13 PM</td>
        <td>
          Test passed
        </td>
      </tr>
  </tbody>
</table>
</div>
          </div>
        </li>
        <li class="test-item"  status="pass" test-id="22"
          author=""
          tag="Firefox_AllTests"
          device="">
          <div class="test-detail">
            <p class="name">verifySpotTableStructureAndData</p>
            <p class="text-sm">
              <span>2:14:32 PM</span> / <span>00:00:04:954</span>
              <span class="badge pass-bg log float-right">Pass</span>
            </p>
          </div>
          <div class="test-contents d-none">
<div class="detail-head">
<div class="p-v-10">
<div class="info">
<h5 class="test-status text-pass">verifySpotTableStructureAndData</h5>
<span class='badge badge-success'>12.04.2025 2:14:32 PM</span>
<span class='badge badge-danger'>12.04.2025 2:14:37 PM</span>
<span class='badge badge-default'>00:00:04:954</span>
&middot; <span class='uri-anchor badge badge-default'>#test-id=22</span>
<span title='Skip to the next failed step' class='badge badge-danger pointer float-right ne ml-1'><i class="fa fa-fast-forward"></i></span>
<span title='Collapse all nodes' class='badge badge-default pointer float-right ct ml-1'><i class="fa fa-compress"></i></span>
<span title='Expand all nodes' class='badge badge-default pointer float-right et'><i class="fa fa-expand"></i></span>
</div>
<div class="m-t-15"><span class="badge badge-pill badge-default">Firefox_AllTests</span></div>
</div>
</div><div class="detail-body mt-4">
<table class="table table-sm">
  <thead><tr><th class="status-col">Status</th><th class="timestamp-col">Timestamp</th><th class="details-col">Details</th></tr></thead>
  <tbody>
      <tr class="event-row">
        <td><span class="badge log pass-bg">Pass</span></td>
        <td>2:14:37 PM</td>
        <td>
          Test passed
        </td>
      </tr>
  </tbody>
</table>
</div>
          </div>
        </li>
        <li class="test-item"  status="pass" test-id="23"
          author=""
          tag="Firefox_AllTests"
          device="">
          <div class="test-detail">
            <p class="name">verifySpotHeaderValidationFailsForWrongSpec</p>
            <p class="text-sm">
              <span>2:14:51 PM</span> / <span>00:00:00:740</span>
              <span class="badge pass-bg log float-right">Pass</span>
            </p>
          </div>
          <div class="test-contents d-none">
<div class="detail-head">
<div class="p-v-10">
<div class="info">
<h5 class="test-status text-pass">verifySpotHeaderValidationFailsForWrongSpec</h5>
<span class='badge badge-success'>12.04.2025 2:14:51 PM</span>
<span class='badge badge-danger'>12.04.2025 2:14:52 PM</span>
<span class='badge badge-default'>00:00:00:740</span>
&middot; <span class='uri-anchor badge badge-default'>#test-id=23</span>
<span title='Skip to the next failed step' class='badge badge-danger pointer float-right ne ml-1'><i class="fa fa-fast-forward"></i></span>
<span title='Collapse all nodes' class='badge badge-default pointer float-right ct ml-1'><i class="fa fa-compress"></i></span>
<span title='Expand all nodes' class='badge badge-default pointer float-right et'><i class="fa fa-expand"></i></span>
</div>
<div class="m-t-15"><span class="badge badge-pill badge-default">Firefox_AllTests</span></div>
</div>
</div><div class="detail-body mt-4">
<table class="table table-sm">
  <thead><tr><th class="status-col">Status</th><th class="timestamp-col">Timestamp</th><th class="details-col">Details</th></tr></thead>
  <tbody>
      <tr class="event-row">
        <td><span class="badge log pass-bg">Pass</span></td>
        <td>2:14:52 PM</td>
        <td>
          Test passed
        </td>
      </tr>
  </tbody>
</table>
</div>
          </div>
        </li>
      </ul>
    </div>
  </div>
<div class="test-content scrollable">
<div class="test-content-tools">
<ul><li><a class="back-to-test" href="#"><i class="fa fa-arrow-left"></i></a></li></ul>
</div>
<div class="test-content-detail"><div class="detail-body"></div></div>
</div></div>
<div class="test-wrapper row view category-view attributes-view">
<div class="test-list">
<div class="test-list-tools">
<ul class="tools pull-left"><li><a href=""><span class="font-size-14">Category</span></a></li></ul>
<ul class="tools text-right"><li><a href="#"><span class="badge badge-primary">2</span></a></li></ul>
</div>
<div class="test-list-wrapper scrollable">
<ul class="test-list-item">
<li class="test-item">
<div class="test-detail">
<span class="meta">
<span class='badge log pass-bg'>6</span>
<span class='badge log badge-danger'>5</span>
<span class='badge log badge-skip'>1</span>
</span>
<p class="name">Chrome_AllTests</p>
<p class="duration text-sm">12 tests</p>
</div>
<div class="test-contents d-none">
<div class="info">
<h4>Chrome_AllTests</h4>
<span status="pass" class='badge log pass-bg'>6 passed</span>
<span status="fail" class='badge log badge-danger'>5 failed</span>
<span status="skip" class='badge log badge-skip'>1 skipped</span>
</div>
<table class='table table-sm mt-4'>
<thead>
<tr>
<th class="status-col">Status</th>
<th class="timestamp-col">Timestamp</th>
<th>TestName</th>
</tr>
</thead>
<tbody>
<tr class="tag-test-status" status="fail">
<td><span class="badge log fail-bg">Fail</span></td>
<td>14:08:44 PM</td>
<td>
<a href="#" class="linked" test-id='2' id='2'>ABOUT_001_verifyAllComponentsVisible</a>
</td>
</tr>
<tr class="tag-test-status" status="fail">
<td><span class="badge log fail-bg">Fail</span></td>
<td>14:09:46 PM</td>
<td>
<a href="#" class="linked" test-id='4' id='4'>ABOUT_002_verifyTextsAgainstJson</a>
</td>
</tr>
<tr class="tag-test-status" status="pass">
<td><span class="badge log pass-bg">Pass</span></td>
<td>14:10:15 PM</td>
<td>
<a href="#" class="linked" test-id='6' id='6'>APP_001_AppleAppStoreLink_NavigatesToCorrectPage</a>
</td>
</tr>
<tr class="tag-test-status" status="pass">
<td><span class="badge log pass-bg">Pass</span></td>
<td>14:10:38 PM</td>
<td>
<a href="#" class="linked" test-id='7' id='7'>APP_002_GooglePlayLink_NavigatesToCorrectPage</a>
</td>
</tr>
<tr class="tag-test-status" status="pass">
<td><span class="badge log pass-bg">Pass</span></td>
<td>14:11:14 PM</td>
<td>
<a href="#" class="linked" test-id='9' id='9'>FOOT_001_MarketBanner_VisibleAndHasTexts</a>
</td>
</tr>
<tr class="tag-test-status" status="pass">
<td><span class="badge log pass-bg">Pass</span></td>
<td>14:11:36 PM</td>
<td>
<a href="#" class="linked" test-id='11' id='11'>NAV_001_TopNavigation_HeaderAndNavVisible</a>
</td>
</tr>
<tr class="tag-test-status" status="fail">
<td><span class="badge log fail-bg">Fail</span></td>
<td>14:12:00 PM</td>
<td>
<a href="#" class="linked" test-id='13' id='13'>NAV_002_TopNavigation_HoverAndHrefMapping</a>
</td>
</tr>
<tr class="tag-test-status" status="skip">
<td><span class="badge log skip-bg">Skip</span></td>
<td>14:12:19 PM</td>
<td>
<a href="#" class="linked" test-id='14' id='14'>RETRY_001_demoRetryOnTransientFailure</a>
</td>
</tr>
<tr class="tag-test-status" status="fail">
<td><span class="badge log fail-bg">Fail</span></td>
<td>14:12:24 PM</td>
<td>
<a href="#" class="linked" test-id='15' id='15'>RETRY_001_demoRetryOnTransientFailure</a>
</td>
</tr>
<tr class="tag-test-status" status="pass">
<td><span class="badge log pass-bg">Pass</span></td>
<td>14:12:54 PM</td>
<td>
<a href="#" class="linked" test-id='17' id='17'>verifySpotCategoriesHaveTradingPairs</a>
</td>
</tr>
<tr class="tag-test-status" status="fail">
<td><span class="badge log fail-bg">Fail</span></td>
<td>14:13:42 PM</td>
<td>
<a href="#" class="linked" test-id='20' id='20'>verifySpotTableStructureAndData</a>
</td>
</tr>
<tr class="tag-test-status" status="pass">
<td><span class="badge log pass-bg">Pass</span></td>
<td>14:14:11 PM</td>
<td>
<a href="#" class="linked" test-id='21' id='21'>verifySpotHeaderValidationFailsForWrongSpec</a>
</td>
</tr>
</tbody>
</table>
</div>
</li>
<li class="test-item">
<div class="test-detail">
<span class="meta">
<span class='badge log pass-bg'>7</span>
<span class='badge log badge-danger'>4</span>
</span>
<p class="name">Firefox_AllTests</p>
<p class="duration text-sm">11 tests</p>
</div>
<div class="test-contents d-none">
<div class="info">
<h4>Firefox_AllTests</h4>
<span status="pass" class='badge log pass-bg'>7 passed</span>
<span status="fail" class='badge log badge-danger'>4 failed</span>
</div>
<table class='table table-sm mt-4'>
<thead>
<tr>
<th class="status-col">Status</th>
<th class="timestamp-col">Timestamp</th>
<th>TestName</th>
</tr>
</thead>
<tbody>
<tr class="tag-test-status" status="fail">
<td><span class="badge log fail-bg">Fail</span></td>
<td>14:08:39 PM</td>
<td>
<a href="#" class="linked" test-id='1' id='1'>ABOUT_001_verifyAllComponentsVisible</a>
</td>
</tr>
<tr class="tag-test-status" status="pass">
<td><span class="badge log pass-bg">Pass</span></td>
<td>14:09:42 PM</td>
<td>
<a href="#" class="linked" test-id='3' id='3'>ABOUT_002_verifyTextsAgainstJson</a>
</td>
</tr>
<tr class="tag-test-status" status="fail">
<td><span class="badge log fail-bg">Fail</span></td>
<td>14:10:14 PM</td>
<td>
<a href="#" class="linked" test-id='5' id='5'>APP_001_AppleAppStoreLink_NavigatesToCorrectPage</a>
</td>
</tr>
<tr class="tag-test-status" status="fail">
<td><span class="badge log fail-bg">Fail</span></td>
<td>14:10:40 PM</td>
<td>
<a href="#" class="linked" test-id='8' id='8'>APP_002_GooglePlayLink_NavigatesToCorrectPage</a>
</td>
</tr>
<tr class="tag-test-status" status="pass">
<td><span class="badge log pass-bg">Pass</span></td>
<td>14:11:14 PM</td>
<td>
<a href="#" class="linked" test-id='10' id='10'>FOOT_001_MarketBanner_VisibleAndHasTexts</a>
</td>
</tr>
<tr class="tag-test-status" status="pass">
<td><span class="badge log pass-bg">Pass</span></td>
<td>14:11:58 PM</td>
<td>
<a href="#" class="linked" test-id='12' id='12'>NAV_001_TopNavigation_HeaderAndNavVisible</a>
</td>
</tr>
<tr class="tag-test-status" status="fail">
<td><span class="badge log fail-bg">Fail</span></td>
<td>14:12:25 PM</td>
<td>
<a href="#" class="linked" test-id='16' id='16'>NAV_002_TopNavigation_HoverAndHrefMapping</a>
</td>
</tr>
<tr class="tag-test-status" status="pass">
<td><span class="badge log pass-bg">Pass</span></td>
<td>14:12:59 PM</td>
<td>
<a href="#" class="linked" test-id='18' id='18'>RETRY_001_demoRetryOnTransientFailure</a>
</td>
</tr>
<tr class="tag-test-status" status="pass">
<td><span class="badge log pass-bg">Pass</span></td>
<td>14:13:22 PM</td>
<td>
<a href="#" class="linked" test-id='19' id='19'>verifySpotCategoriesHaveTradingPairs</a>
</td>
</tr>
<tr class="tag-test-status" status="pass">
<td><span class="badge log pass-bg">Pass</span></td>
<td>14:14:32 PM</td>
<td>
<a href="#" class="linked" test-id='22' id='22'>verifySpotTableStructureAndData</a>
</td>
</tr>
<tr class="tag-test-status" status="pass">
<td><span class="badge log pass-bg">Pass</span></td>
<td>14:14:51 PM</td>
<td>
<a href="#" class="linked" test-id='23' id='23'>verifySpotHeaderValidationFailsForWrongSpec</a>
</td>
</tr>
</tbody>
</table>
</div>
</li>
</ul>
</div>
</div>
<div class="test-content scrollable">
<div class="test-content-detail">
<div class="detail-body"></div>
</div>
</div>
</div><div class="container-fluid p-4 view dashboard-view">
<div class="row">
<div class="col-md-3">
<div class="card"><div class="card-body">
<p class="m-b-0">Started</p>
<h3>Dec 4, 2025 02:08:22 PM</h3>
</div></div>
</div>
<div class="col-md-3">
<div class="card"><div class="card-body">
<p class="m-b-0">Ended</p>
<h3>Dec 4, 2025 02:14:55 PM</h3>
</div></div>
</div>
<div class="col-md-3">
<div class="card"><div class="card-body">
<p class="m-b-0 text-pass">Tests Passed</p>
<h3>13</h3>
</div></div>
</div>
<div class="col-md-3">
<div class="card"><div class="card-body">
<p class="m-b-0 text-fail">Tests Failed</p>
<h3>9</h3>
</div></div>
</div>
</div>
<div class="row">
<div class="col-md-6">
<div class="card">
<div class="card-header">
<h6 class="card-title">Tests</h6>
</div>
<div class="card-body">
<div class="">
<canvas id='parent-analysis' width='115' height='90'></canvas>
</div>
</div>
<div class="card-footer">
<div><small data-tooltip='56%'>
<b>13</b> tests passed
</small>
</div>
<div>
<small data-tooltip='39%'><b>9</b> tests failed,
<b>1</b> skipped, <b data-tooltip='0%'>0</b> others
</small>
</div>
</div>
</div>
</div>
<div class="col-md-6">
<div class="card">
<div class="card-header">
<h6 class="card-title">Log events</h6>
</div>
<div class="card-body">
<div class="">
<canvas id='events-analysis' width='115' height='90'></canvas>
</div>
</div>
<div class="card-footer">
<div><small data-tooltip='56%'><b>13</b> events passed</small></div>
<div>
<small data-tooltip='39%'><b>9</b> events failed,
<b data-tooltip='%'>1</b> others
</small>
</div>
</div>
</div>
</div>
</div>
<div class="row"><div class="col-md-12">
<div class="card"><div class="card-header"><p>Timeline</p></div>
<div class="card-body pt-0"><div>
<canvas id="timeline" height="120"></canvas>
</div></div>
</div>
</div></div>
<script>
var timeline = {
"ABOUT_001_verifyAllComponentsVisible":34.545,"ABOUT_001_verifyAllComponentsVisible":35.655,"ABOUT_002_verifyTextsAgainstJson":12.868,"ABOUT_002_verifyTextsAgainstJson":11.671,"APP_001_AppleAppStoreLink_NavigatesToCorrectPage":5.653,"APP_001_AppleAppStoreLink_NavigatesToCorrectPage":6.095,"APP_002_GooglePlayLink_NavigatesToCorrectPage":11.506,"APP_002_GooglePlayLink_NavigatesToCorrectPage":8.237,"FOOT_001_MarketBanner_VisibleAndHasTexts":5.966,"FOOT_001_MarketBanner_VisibleAndHasTexts":18.025,"NAV_001_TopNavigation_HeaderAndNavVisible":2.506,"NAV_001_TopNavigation_HeaderAndNavVisible":2.56,"NAV_002_TopNavigation_HoverAndHrefMapping":3.123,"RETRY_001_demoRetryOnTransientFailure":0.007,"RETRY_001_demoRetryOnTransientFailure":13.444,"NAV_002_TopNavigation_HoverAndHrefMapping":3.888,"verifySpotCategoriesHaveTradingPairs":41.849,"RETRY_001_demoRetryOnTransientFailure":1.817,"verifySpotCategoriesHaveTradingPairs":53.61,"verifySpotTableStructureAndData":11.034,"verifySpotHeaderValidationFailsForWrongSpec":2.17,"verifySpotTableStructureAndData":4.954,"verifySpotHeaderValidationFailsForWrongSpec":0.74
};
</script>
<div class="row">
<div class="col-lg-6 col-md-12 category-container">
<div class="card">
<div class="card-header"><p>Tags</p></div>
<div class="card-body pb-0 pt-0"><table class="table table-sm table-bordered">
<thead><tr class="bg-gray"><th>Name</th><th>Passed</th><th>Failed</th><th>Skipped</th><th>Others</th><th>Passed %</th></tr></thead><tbody>
<tr>
<td>Chrome_AllTests</td>
<td>6</td>
<td>5</td>
<td>1</td>
<td>0</td>
<td>50%</td>
</tr>
<tr>
<td>Firefox_AllTests</td>
<td>7</td>
<td>4</td>
<td>0</td>
<td>0</td>
<td>63.636%</td>
</tr>
</tbody>
</table></div>
</div>
</div>
<div class="col-lg-6 col-md-12 sysenv-container">
<div class="card">
<div class="card-header"><p>System/Environment</p></div>
<div class="card-body pb-0 pt-0"><table class="table table-sm table-bordered">
<thead><tr class="bg-gray"><th>Name</th><th>Value</th></tr></thead>
<tbody>
<tr>
<td>Project</td>
<td>Multibank Trading</td>
</tr>
<tr>
<td>Tester</td>
<td>Damini Singh</td>
</tr>
</tbody>
</table></div>
</div>
</div>
</div>
</div>
<script>
var statusGroup = {
parentCount: 5,
passParent: 13,
failParent: 9,
warningParent: 0,
skipParent: 1,
childCount: 5,
passChild: 0,
failChild: 0,
warningChild: 0,
skipChild: 0,
infoChild: 0,
grandChildCount: 5,
passGrandChild: 0,
failGrandChild: 0,
warningGrandChild: 0,
skipGrandChild: 0,
infoGrandChild: 0,
eventsCount: 5,
passEvents: 13,
failEvents: 9,
warningEvents: 0,
skipEvents: 1,
infoEvents: 0
};
</script>        </div>
      </div>
    </div>
  </div>
<script src="https://cdn.jsdelivr.net/gh/extent-framework/extent-github-cdn@c05cd28cde1617b9d0c05a831daff6cb97fd9fd5/spark/js/spark-script.js"></script>
<script type="text/javascript"></script></body>
</html>