<?xml version="1.0" encoding="UTF-8"?>
<!-- Generated by org.testng.reporters.JUnitXMLReporter -->
<testsuite ignored="0" hostname="Pheonix" failures="5" tests="12" name="Chrome_AllTests" time="351.423" errors="0" timestamp="2025-12-04T14:14:14 GST">
  <testcase classname="multibankDSTest.WhyMultiLinkPageTest" name="ABOUT_001_verifyAllComponentsVisible" time="35.659">
    <failure type="java.lang.AssertionError" message="Some Why MultiLink components are not visible. expected [true] but found [false]">
      <![CDATA[java.lang.AssertionError: Some Why MultiLink components are not visible. expected [true] but found [false]
at multibankDSTest.WhyMultiLinkPageTest.ABOUT_001_verifyAllComponentsVisible(WhyMultiLinkPageTest.java:73)
at java.base/java.util.ArrayList.forEach(ArrayList.java:1511)
at java.base/java.util.concurrent.FutureTask.run(FutureTask.java:264)
at java.base/java.util.concurrent.ThreadPoolExecutor.runWorker(ThreadPoolExecutor.java:1136)
at java.base/java.util.concurrent.ThreadPoolExecutor$Worker.run(ThreadPoolExecutor.java:635)
at java.base/java.lang.Thread.run(Thread.java:833)
... Removed 20 stack frames]]>
    </failure>
  </testcase> <!-- ABOUT_001_verifyAllComponentsVisible -->
  <testcase classname="multibankDSTest.WhyMultiLinkPageTest" name="ABOUT_002_verifyTextsAgainstJson" time="11.672">
    <failure type="java.lang.AssertionError" message="CTA button texts mismatch: lists don&amp;apos;t have the same size expected [8] but found [7]">
      <![CDATA[java.lang.AssertionError: CTA button texts mismatch: lists don't have the same size expected [8] but found [7]
at multibankDSTest.WhyMultiLinkPageTest.ABOUT_002_verifyTextsAgainstJson(WhyMultiLinkPageTest.java:144)
at java.base/java.util.ArrayList.forEach(ArrayList.java:1511)
at java.base/java.util.concurrent.FutureTask.run(FutureTask.java:264)
at java.base/java.util.concurrent.ThreadPoolExecutor.runWorker(ThreadPoolExecutor.java:1136)
at java.base/java.util.concurrent.ThreadPoolExecutor$Worker.run(ThreadPoolExecutor.java:635)
at java.base/java.lang.Thread.run(Thread.java:833)
... Removed 24 stack frames]]>
    </failure>
  </testcase> <!-- ABOUT_002_verifyTextsAgainstJson -->
  <testcase classname="multibankDSTest.HomePageTest" name="APP_001_AppleAppStoreLink_NavigatesToCorrectPage" time="6.099"/>
  <testcase classname="multibankDSTest.HomePageTest" name="APP_002_GooglePlayLink_NavigatesToCorrectPage" time="11.513"/>
  <testcase classname="multibankDSTest.HomePageTest" name="FOOT_001_MarketBanner_VisibleAndHasTexts" time="5.972"/>
  <testcase classname="multibankDSTest.HomePageTest" name="NAV_001_TopNavigation_HeaderAndNavVisible" time="2.508"/>
  <testcase classname="multibankDSTest.HomePageTest" name="NAV_002_TopNavigation_HoverAndHrefMapping" time="3.125">
    <failure type="java.lang.AssertionError" message="Href is null for menu: Trade expected object to not be null">
      <![CDATA[java.lang.AssertionError: Href is null for menu: Trade expected object to not be null
at multibankDSTest.HomePageTest.NAV_002_TopNavigation_HoverAndHrefMapping(HomePageTest.java:155)
at java.base/java.util.ArrayList.forEach(ArrayList.java:1511)
at java.base/java.util.concurrent.FutureTask.run(FutureTask.java:264)
at java.base/java.util.concurrent.ThreadPoolExecutor.runWorker(ThreadPoolExecutor.java:1136)
at java.base/java.util.concurrent.ThreadPoolExecutor$Worker.run(ThreadPoolExecutor.java:635)
at java.base/java.lang.Thread.run(Thread.java:833)
... Removed 19 stack frames]]>
    </failure>
  </testcase> <!-- NAV_002_TopNavigation_HoverAndHrefMapping -->
  <testcase classname="multibankDSTest.HomePageTest" name="RETRY_001_demoRetryOnTransientFailure" time="0.007">
    <skipped/>
  </testcase> <!-- RETRY_001_demoRetryOnTransientFailure -->
  <testcase classname="multibankDSTest.HomePageTest" name="RETRY_001_demoRetryOnTransientFailure" time="13.446">
    <failure type="java.lang.AssertionError" message="Logo should be visible after retry. expected [true] but found [false]">
      <![CDATA[java.lang.AssertionError: Logo should be visible after retry. expected [true] but found [false]
at multibankDSTest.HomePageTest.RETRY_001_demoRetryOnTransientFailure(HomePageTest.java:82)
at java.base/java.util.ArrayList.forEach(ArrayList.java:1511)
at java.base/java.util.concurrent.FutureTask.run(FutureTask.java:264)
at java.base/java.util.concurrent.ThreadPoolExecutor.runWorker(ThreadPoolExecutor.java:1136)
at java.base/java.util.concurrent.ThreadPoolExecutor$Worker.run(ThreadPoolExecutor.java:635)
at java.base/java.lang.Thread.run(Thread.java:833)
... Removed 20 stack frames]]>
    </failure>
  </testcase> <!-- RETRY_001_demoRetryOnTransientFailure -->
  <testcase classname="multibankDSTest.SpotSectionTest" name="verifySpotCategoriesHaveTradingPairs" time="41.848"/>
  <testcase classname="multibankDSTest.SpotSectionTest" name="verifySpotTableStructureAndData" time="11.037">
    <failure type="java.lang.AssertionError" message="Spot column headers do not match expected spec. expected [true] but found [false]">
      <![CDATA[java.lang.AssertionError: Spot column headers do not match expected spec. expected [true] but found [false]
at multibankDSTest.SpotSectionTest.verifySpotTableStructureAndData(SpotSectionTest.java:128)
at java.base/java.util.ArrayList.forEach(ArrayList.java:1511)
at java.base/java.util.concurrent.FutureTask.run(FutureTask.java:264)
at java.base/java.util.concurrent.ThreadPoolExecutor.runWorker(ThreadPoolExecutor.java:1136)
at java.base/java.util.concurrent.ThreadPoolExecutor$Worker.run(ThreadPoolExecutor.java:635)
at java.base/java.lang.Thread.run(Thread.java:833)
... Removed 20 stack frames]]>
    </failure>
  </testcase> <!-- verifySpotTableStructureAndData -->
  <testcase classname="multibankDSTest.SpotSectionTest" name="verifySpotHeaderValidationFailsForWrongSpec" time="2.176"/>
</testsuite> <!-- Chrome_AllTests -->
