<?xml version="1.0" encoding="UTF-8"?>
<!-- Generated by org.testng.reporters.JUnitXMLReporter -->
<testsuite ignored="0" hostname="Pheonix" failures="2" tests="10" name="Chrome_AllTests" time="379.822" errors="0" timestamp="2025-12-03T19:09:44 GST">
  <testcase classname="multibankDSTest.WhyMultiLinkPageTest" name="ABOUT_001_verifyAllComponentsVisible" time="1.796"/>
  <testcase classname="multibankDSTest.WhyMultiLinkPageTest" name="ABOUT_002_verifyTextsAgainstJson" time="1.278">
    <failure type="java.lang.AssertionError" message="Main card subheadings mismatch: Lists differ at element [0]: Experience lightning-fast trading speed with MultiBank io, and buy and sell Bitcoin, Ethereum and other cryptocurrencies instantly using your preferred payment method. With 40 nanosecond trading execution speed and the ability to handle 9 million+ trades a second, our user-friendly platform is perfect for both beginners and advanced traders alike != Experience lightning-fast trading speed with MultiBank io, and buy and sell Bitcoin, Ethereum and other cryptocurrencies instantly using your preferred payment method. With 40 nanosecond trading execution speed and the ability to handle 9 million+ trades a second, our user-friendly platform is perfect for both beginners and advanced traders alike. expected [Experience lightning-fast trading speed with MultiBank io, and buy and sell Bitcoin, Ethereum and other cryptocurrencies instantly using your preferred payment method. With 40 nanosecond trading execution speed and the ability to handle 9 million+ trades a second, our user-friendly platform is perfect for both beginners and advanced traders alike] but found [Experience lightning-fast trading speed with MultiBank io, and buy and sell Bitcoin, Ethereum and other cryptocurrencies instantly using your preferred payment method. With 40 nanosecond trading execution speed and the ability to handle 9 million+ trades a second, our user-friendly platform is perfect for both beginners and advanced traders alike.]">
      <![CDATA[java.lang.AssertionError: Main card subheadings mismatch: Lists differ at element [0]: Experience lightning-fast trading speed with MultiBank io, and buy and sell Bitcoin, Ethereum and other cryptocurrencies instantly using your preferred payment method. With 40 nanosecond trading execution speed and the ability to handle 9 million+ trades a second, our user-friendly platform is perfect for both beginners and advanced traders alike != Experience lightning-fast trading speed with MultiBank io, and buy and sell Bitcoin, Ethereum and other cryptocurrencies instantly using your preferred payment method. With 40 nanosecond trading execution speed and the ability to handle 9 million+ trades a second, our user-friendly platform is perfect for both beginners and advanced traders alike. expected [Experience lightning-fast trading speed with MultiBank io, and buy and sell Bitcoin, Ethereum and other cryptocurrencies instantly using your preferred payment method. With 40 nanosecond trading execution speed and the ability to handle 9 million+ trades a second, our user-friendly platform is perfect for both beginners and advanced traders alike] but found [Experience lightning-fast trading speed with MultiBank io, and buy and sell Bitcoin, Ethereum and other cryptocurrencies instantly using your preferred payment method. With 40 nanosecond trading execution speed and the ability to handle 9 million+ trades a second, our user-friendly platform is perfect for both beginners and advanced traders alike.]
at multibankDSTest.WhyMultiLinkPageTest.ABOUT_002_verifyTextsAgainstJson(WhyMultiLinkPageTest.java:64)
at java.base/java.util.ArrayList.forEach(ArrayList.java:1511)
at java.base/java.util.concurrent.FutureTask.run(FutureTask.java:264)
at java.base/java.util.concurrent.ThreadPoolExecutor.runWorker(ThreadPoolExecutor.java:1136)
at java.base/java.util.concurrent.ThreadPoolExecutor$Worker.run(ThreadPoolExecutor.java:635)
at java.base/java.lang.Thread.run(Thread.java:833)
... Removed 21 stack frames]]>
    </failure>
  </testcase> <!-- ABOUT_002_verifyTextsAgainstJson -->
  <testcase classname="multibankDSTest.HomePageTest" name="APP_001_AppleAppStoreLink_NavigatesToCorrectPage" time="7.925"/>
  <testcase classname="multibankDSTest.HomePageTest" name="APP_002_GooglePlayLink_NavigatesToCorrectPage" time="8.237"/>
  <testcase classname="multibankDSTest.HomePageTest" name="FOOT_001_MarketBanner_VisibleAndHasTexts" time="5.671"/>
  <testcase classname="multibankDSTest.HomePageTest" name="NAV_001_TopNavigation_HeaderAndNavVisible" time="6.419"/>
  <testcase classname="multibankDSTest.HomePageTest" name="NAV_002_TopNavigation_HoverAndHrefMapping" time="0.73">
    <failure type="java.lang.AssertionError" message="Href is null for menu: Trade expected object to not be null">
      <![CDATA[java.lang.AssertionError: Href is null for menu: Trade expected object to not be null
at multibankDSTest.HomePageTest.NAV_002_TopNavigation_HoverAndHrefMapping(HomePageTest.java:61)
at java.base/java.util.ArrayList.forEach(ArrayList.java:1511)
at java.base/java.util.concurrent.FutureTask.run(FutureTask.java:264)
at java.base/java.util.concurrent.ThreadPoolExecutor.runWorker(ThreadPoolExecutor.java:1136)
at java.base/java.util.concurrent.ThreadPoolExecutor$Worker.run(ThreadPoolExecutor.java:635)
at java.base/java.lang.Thread.run(Thread.java:833)
... Removed 19 stack frames]]>
    </failure>
  </testcase> <!-- NAV_002_TopNavigation_HoverAndHrefMapping -->
  <testcase classname="multibankDSTest.SpotSectionTest" name="verifySpotCategoriesHaveTradingPairs" time="31.489"/>
  <testcase classname="multibankDSTest.SpotSectionTest" name="verifySpotTableStructureAndData" time="8.425"/>
  <testcase classname="multibankDSTest.SpotSectionTest" name="verifySpotHeaderValidationFailsForWrongSpec" time="0.709"/>
</testsuite> <!-- Chrome_AllTests -->
