<?xml version="1.0" encoding="UTF-8"?>
<!-- Generated by org.testng.reporters.JUnitXMLReporter -->
<testsuite ignored="0" hostname="Pheonix" failures="4" tests="10" name="Firefox_AllTests" time="424.844" errors="0" timestamp="2025-12-03T19:10:29 GST">
  <testcase classname="multibankDSTest.WhyMultiLinkPageTest" name="ABOUT_001_verifyAllComponentsVisible" time="1.788"/>
  <testcase classname="multibankDSTest.WhyMultiLinkPageTest" name="ABOUT_002_verifyTextsAgainstJson" time="4.432">
    <failure type="java.lang.AssertionError" message="Main card subheadings mismatch: Lists differ at element [0]: Experience lightning-fast trading speed with MultiBank io, and buy and sell Bitcoin, Ethereum and other cryptocurrencies instantly using your preferred payment method. With 40 nanosecond trading execution speed and the ability to handle 9 million+ trades a second, our user-friendly platform is perfect for both beginners and advanced traders alike != Experience lightning-fast trading speed with MultiBank io, and buy and sell Bitcoin, Ethereum and other cryptocurrencies instantly using your preferred payment method. With 40 nanosecond trading execution speed and the ability to handle 9 million+ trades a second, our user-friendly platform is perfect for both beginners and advanced traders alike. expected [Experience lightning-fast trading speed with MultiBank io, and buy and sell Bitcoin, Ethereum and other cryptocurrencies instantly using your preferred payment method. With 40 nanosecond trading execution speed and the ability to handle 9 million+ trades a second, our user-friendly platform is perfect for both beginners and advanced traders alike] but found [Experience lightning-fast trading speed with MultiBank io, and buy and sell Bitcoin, Ethereum and other cryptocurrencies instantly using your preferred payment method. With 40 nanosecond trading execution speed and the ability to handle 9 million+ trades a second, our user-friendly platform is perfect for both beginners and advanced traders alike.]">
      <![CDATA[java.lang.AssertionError: Main card subheadings mismatch: Lists differ at element [0]: Experience lightning-fast trading speed with MultiBank io, and buy and sell Bitcoin, Ethereum and other cryptocurrencies instantly using your preferred payment method. With 40 nanosecond trading execution speed and the ability to handle 9 million+ trades a second, our user-friendly platform is perfect for both beginners and advanced traders alike != Experience lightning-fast trading speed with MultiBank io, and buy and sell Bitcoin, Ethereum and other cryptocurrencies instantly using your preferred payment method. With 40 nanosecond trading execution speed and the ability to handle 9 million+ trades a second, our user-friendly platform is perfect for both beginners and advanced traders alike. expected [Experience lightning-fast trading speed with MultiBank io, and buy and sell Bitcoin, Ethereum and other cryptocurrencies instantly using your preferred payment method. With 40 nanosecond trading execution speed and the ability to handle 9 million+ trades a second, our user-friendly platform is perfect for both beginners and advanced traders alike] but found [Experience lightning-fast trading speed with MultiBank io, and buy and sell Bitcoin, Ethereum and other cryptocurrencies instantly using your preferred payment method. With 40 nanosecond trading execution speed and the ability to handle 9 million+ trades a second, our user-friendly platform is perfect for both beginners and advanced traders alike.]
at multibankDSTest.WhyMultiLinkPageTest.ABOUT_002_verifyTextsAgainstJson(WhyMultiLinkPageTest.java:64)
at java.base/java.util.ArrayList.forEach(ArrayList.java:1511)
at java.base/java.util.concurrent.FutureTask.run(FutureTask.java:264)
at java.base/java.util.concurrent.ThreadPoolExecutor.runWorker(ThreadPoolExecutor.java:1136)
at java.base/java.util.concurrent.ThreadPoolExecutor$Worker.run(ThreadPoolExecutor.java:635)
at java.base/java.lang.Thread.run(Thread.java:833)
... Removed 21 stack frames]]>
    </failure>
  </testcase> <!-- ABOUT_002_verifyTextsAgainstJson -->
  <testcase classname="multibankDSTest.HomePageTest" name="APP_001_AppleAppStoreLink_NavigatesToCorrectPage" time="9.133">
    <failure type="java.lang.AssertionError" message="Apple Store URL does not look correct: about:blank expected [true] but found [false]">
      <![CDATA[java.lang.AssertionError: Apple Store URL does not look correct: about:blank expected [true] but found [false]
at multibankDSTest.HomePageTest.APP_001_AppleAppStoreLink_NavigatesToCorrectPage(HomePageTest.java:102)
at java.base/java.util.ArrayList.forEach(ArrayList.java:1511)
at java.base/java.util.concurrent.FutureTask.run(FutureTask.java:264)
at java.base/java.util.concurrent.ThreadPoolExecutor.runWorker(ThreadPoolExecutor.java:1136)
at java.base/java.util.concurrent.ThreadPoolExecutor$Worker.run(ThreadPoolExecutor.java:635)
at java.base/java.lang.Thread.run(Thread.java:833)
... Removed 20 stack frames]]>
    </failure>
  </testcase> <!-- APP_001_AppleAppStoreLink_NavigatesToCorrectPage -->
  <testcase classname="multibankDSTest.HomePageTest" name="APP_002_GooglePlayLink_NavigatesToCorrectPage" time="17.437">
    <failure type="java.lang.AssertionError" message="Google Play URL does not look correct: about:blank expected [true] but found [false]">
      <![CDATA[java.lang.AssertionError: Google Play URL does not look correct: about:blank expected [true] but found [false]
at multibankDSTest.HomePageTest.APP_002_GooglePlayLink_NavigatesToCorrectPage(HomePageTest.java:129)
at java.base/java.util.ArrayList.forEach(ArrayList.java:1511)
at java.base/java.util.concurrent.FutureTask.run(FutureTask.java:264)
at java.base/java.util.concurrent.ThreadPoolExecutor.runWorker(ThreadPoolExecutor.java:1136)
at java.base/java.util.concurrent.ThreadPoolExecutor$Worker.run(ThreadPoolExecutor.java:635)
at java.base/java.lang.Thread.run(Thread.java:833)
... Removed 20 stack frames]]>
    </failure>
  </testcase> <!-- APP_002_GooglePlayLink_NavigatesToCorrectPage -->
  <testcase classname="multibankDSTest.HomePageTest" name="FOOT_001_MarketBanner_VisibleAndHasTexts" time="17.357"/>
  <testcase classname="multibankDSTest.HomePageTest" name="NAV_001_TopNavigation_HeaderAndNavVisible" time="2.891"/>
  <testcase classname="multibankDSTest.HomePageTest" name="NAV_002_TopNavigation_HoverAndHrefMapping" time="1.622">
    <failure type="java.lang.AssertionError" message="Href is null for menu: Trade expected object to not be null">
      <![CDATA[java.lang.AssertionError: Href is null for menu: Trade expected object to not be null
at multibankDSTest.HomePageTest.NAV_002_TopNavigation_HoverAndHrefMapping(HomePageTest.java:61)
at java.base/java.util.ArrayList.forEach(ArrayList.java:1511)
at java.base/java.util.concurrent.FutureTask.run(FutureTask.java:264)
at java.base/java.util.concurrent.ThreadPoolExecutor.runWorker(ThreadPoolExecutor.java:1136)
at java.base/java.util.concurrent.ThreadPoolExecutor$Worker.run(ThreadPoolExecutor.java:635)
at java.base/java.lang.Thread.run(Thread.java:833)
... Removed 19 stack frames]]>
    </failure>
  </testcase> <!-- NAV_002_TopNavigation_HoverAndHrefMapping -->
  <testcase classname="multibankDSTest.SpotSectionTest" name="verifySpotCategoriesHaveTradingPairs" time="38.222"/>
  <testcase classname="multibankDSTest.SpotSectionTest" name="verifySpotTableStructureAndData" time="4.429"/>
  <testcase classname="multibankDSTest.SpotSectionTest" name="verifySpotHeaderValidationFailsForWrongSpec" time="1.501"/>
</testsuite> <!-- Firefox_AllTests -->
