<!DOCTYPE html PUBLIC "-//W3C//DTD XHTML 1.1//EN" "https://www.w3.org/TR/xhtml11/DTD/xhtml11.dtd">
<html xmlns="https://www.w3.org/1999/xhtml">
<head>
<meta http-equiv="content-type" content="text/html; charset=UTF-8"/>
<title>TestNG Report</title>
<style type="text/css">table {margin-bottom:10px;border-collapse:collapse;empty-cells:show}th,td {border:1px solid #009;padding:.25em .5em}th {vertical-align:bottom}td {vertical-align:top}table a {font-weight:bold}.stripe td {background-color: #E6EBF9}.num {text-align:right}.passedodd td {background-color: #3F3}.passedeven td {background-color: #0A0}.skippedodd td {background-color: #DDD}.skippedeven td {background-color: #CCC}.failedodd td,.attn {background-color: #F33}.failedeven td,.stripe .attn {background-color: #D00}.stacktrace {white-space:pre;font-family:monospace}.totop {font-size:85%;text-align:center;border-bottom:2px solid #000}.invisible {display:none}</style>
</head>
<body>
<table>
<tr><th>Test</th><th># Passed</th><th># Skipped</th><th># Retried</th><th># Failed</th><th>Time (ms)</th><th>Included Groups</th><th>Excluded Groups</th></tr>
<tr><th colspan="8">XBR-001 CrossBrowser Full Suite</th></tr>
<tr><td><a href="#t0">Chrome_AllTests</a></td><td class="num">8</td><td class="num attn">2</td><td class="num attn">1</td><td class="num attn">1</td><td class="num">373,478</td><td></td><td></td></tr>
<tr class="stripe"><td><a href="#t1">Firefox_AllTests</a></td><td class="num">6</td><td class="num attn">2</td><td class="num">0</td><td class="num attn">3</td><td class="num">432,380</td><td></td><td></td></tr>
<tr><th>Total</th><th class="num">14</th><th class="num attn">4</th><th class="num attn">1</th><th class="num attn">4</th><th class="num">805,858</th><th colspan="2"></th></tr>
</table>
<table id='summary'><thead><tr><th>Class</th><th>Method</th><th>Start</th><th>Time (ms)</th></tr></thead><tbody><tr><th colspan="4">XBR-001 CrossBrowser Full Suite</th></tr></tbody><tbody id="t0"><tr><th colspan="4">Chrome_AllTests &#8212; failed (configuration methods)</th></tr><tr class="failedeven"><td rowspan="2">multibankDSTest.WhyMultiLinkPageTest</td><td><a href="#m0">navigateToWhyMultiLink</a></td><td rowspan="2">1764778973856</td><td rowspan="2">51112</td></tr><tr class="failedeven"><td><a href="#m1">navigateToWhyMultiLink</a></td></tr><tr><th colspan="4">Chrome_AllTests &#8212; failed</th></tr><tr class="failedeven"><td rowspan="1">multibankDSTest.HomePageTest</td><td><a href="#m2">NAV_002_TopNavigation_HoverAndHrefMapping</a></td><td rowspan="1">1764779186688</td><td rowspan="1">7445</td></tr><tr><th colspan="4">Chrome_AllTests &#8212; skipped</th></tr><tr class="skippedeven"><td rowspan="2">multibankDSTest.WhyMultiLinkPageTest</td><td><a href="#m3">ABOUT_001_verifyAllComponentsVisible</a></td><td rowspan="1">1764779024971</td><td rowspan="1">0</td></tr><tr class="skippedeven"><td><a href="#m4">ABOUT_002_verifyTextsAgainstJson</a></td><td rowspan="1">1764779088735</td><td rowspan="1">0</td></tr><tr><th colspan="4">Chrome_AllTests &#8212; retried</th></tr><tr class="retriedeven"><td rowspan="1">multibankDSTest.HomePageTest</td><td><a href="#m5">RETRY_001_demoRetryOnTransientFailure</a></td><td rowspan="1">1764779211683</td><td rowspan="1">4</td></tr><tr><th colspan="4">Chrome_AllTests &#8212; passed</th></tr><tr class="passedeven"><td rowspan="5">multibankDSTest.HomePageTest</td><td><a href="#m6">APP_001_AppleAppStoreLink_NavigatesToCorrectPage</a></td><td rowspan="1">1764779106103</td><td rowspan="1">4770</td></tr><tr class="passedeven"><td><a href="#m7">APP_002_GooglePlayLink_NavigatesToCorrectPage</a></td><td rowspan="1">1764779126977</td><td rowspan="1">9246</td></tr><tr class="passedeven"><td><a href="#m8">FOOT_001_MarketBanner_VisibleAndHasTexts</a></td><td rowspan="1">1764779149028</td><td rowspan="1">7023</td></tr><tr class="passedeven"><td><a href="#m9">NAV_001_TopNavigation_HeaderAndNavVisible</a></td><td rowspan="1">1764779173643</td><td rowspan="1">1199</td></tr><tr class="passedeven"><td><a href="#m10">RETRY_001_demoRetryOnTransientFailure</a></td><td rowspan="1">1764779227867</td><td rowspan="1">1637</td></tr><tr class="passedodd"><td rowspan="3">multibankDSTest.SpotSectionTest</td><td><a href="#m11">verifySpotCategoriesHaveTradingPairs</a></td><td rowspan="1">1764779248778</td><td rowspan="1">28332</td></tr><tr class="passedodd"><td><a href="#m12">verifySpotHeaderValidationFailsForWrongSpec</a></td><td rowspan="1">1764779320127</td><td rowspan="1">1834</td></tr><tr class="passedodd"><td><a href="#m13">verifySpotTableStructureAndData</a></td><td rowspan="1">1764779298894</td><td rowspan="1">5494</td></tr></tbody>
<tbody id="t1"><tr><th colspan="4">Firefox_AllTests &#8212; failed (configuration methods)</th></tr><tr class="failedeven"><td rowspan="2">multibankDSTest.WhyMultiLinkPageTest</td><td><a href="#m14">navigateToWhyMultiLink</a></td><td rowspan="2">1764779047582</td><td rowspan="2">49466</td></tr><tr class="failedeven"><td><a href="#m15">navigateToWhyMultiLink</a></td></tr><tr><th colspan="4">Firefox_AllTests &#8212; failed</th></tr><tr class="failedeven"><td rowspan="3">multibankDSTest.HomePageTest</td><td><a href="#m16">APP_001_AppleAppStoreLink_NavigatesToCorrectPage</a></td><td rowspan="1">1764779131507</td><td rowspan="1">8971</td></tr><tr class="failedeven"><td><a href="#m17">APP_002_GooglePlayLink_NavigatesToCorrectPage</a></td><td rowspan="1">1764779170632</td><td rowspan="1">7235</td></tr><tr class="failedeven"><td><a href="#m18">NAV_002_TopNavigation_HoverAndHrefMapping</a></td><td rowspan="1">1764779270018</td><td rowspan="1">1500</td></tr><tr><th colspan="4">Firefox_AllTests &#8212; skipped</th></tr><tr class="skippedeven"><td rowspan="2">multibankDSTest.WhyMultiLinkPageTest</td><td><a href="#m19">ABOUT_001_verifyAllComponentsVisible</a></td><td rowspan="1">1764779016672</td><td rowspan="1">0</td></tr><tr class="skippedeven"><td><a href="#m20">ABOUT_002_verifyTextsAgainstJson</a></td><td rowspan="1">1764779097059</td><td rowspan="1">0</td></tr><tr><th colspan="4">Firefox_AllTests &#8212; passed</th></tr><tr class="passedeven"><td rowspan="3">multibankDSTest.HomePageTest</td><td><a href="#m21">FOOT_001_MarketBanner_VisibleAndHasTexts</a></td><td rowspan="1">1764779203803</td><td rowspan="1">12187</td></tr><tr class="passedeven"><td><a href="#m22">NAV_001_TopNavigation_HeaderAndNavVisible</a></td><td rowspan="1">1764779242954</td><td rowspan="1">3303</td></tr><tr class="passedeven"><td><a href="#m23">RETRY_001_demoRetryOnTransientFailure</a></td><td rowspan="1">1764779295750</td><td rowspan="1">245</td></tr><tr class="passedodd"><td rowspan="3">multibankDSTest.SpotSectionTest</td><td><a href="#m24">verifySpotCategoriesHaveTradingPairs</a></td><td rowspan="1">1764779324233</td><td rowspan="1">18718</td></tr><tr class="passedodd"><td><a href="#m25">verifySpotHeaderValidationFailsForWrongSpec</a></td><td rowspan="1">1764779378840</td><td rowspan="1">741</td></tr><tr class="passedodd"><td><a href="#m26">verifySpotTableStructureAndData</a></td><td rowspan="1">1764779359450</td><td rowspan="1">4719</td></tr></tbody>
</table>
<h2>Chrome_AllTests</h2><h3 id="m0">multibankDSTest.WhyMultiLinkPageTest#navigateToWhyMultiLink</h3><table class="result"><tr><th>Exception</th></tr><tr><td><div class="stacktrace">org.openqa.selenium.TimeoutException: Expected condition failed: waiting for multibank.DaminiSinghAssignment.PageObjects.BasePage$$Lambda$804/0x0000000800eb0f20@5deba865 (tried for 30 second(s) with 500 milliseconds interval)
Build info: version: &apos;4.38.0&apos;, revision: &apos;6b412e825c*&apos;
System info: os.name: &apos;Windows 11&apos;, os.arch: &apos;amd64&apos;, os.version: &apos;10.0&apos;, java.version: &apos;17.0.7&apos;
Driver info: driver.version: unknown
	at org.openqa.selenium.support.ui.FluentWait.timeoutException(FluentWait.java:265)
	at org.openqa.selenium.support.ui.FluentWait.until(FluentWait.java:228)
	at multibank.DaminiSinghAssignment.PageObjects.BasePage.waitForVisibility(BasePage.java:41)
	at multibank.DaminiSinghAssignment.PageObjects.WhyMultiLinkPage.waitForPageToLoad(WhyMultiLinkPage.java:36)
	at multibankDSTest.WhyMultiLinkPageTest.navigateToWhyMultiLink(WhyMultiLinkPageTest.java:33)
	at java.base/java.util.ArrayList.forEach(ArrayList.java:1511)
	at java.base/java.util.concurrent.FutureTask.run(FutureTask.java:264)
	at java.base/java.util.concurrent.ThreadPoolExecutor.runWorker(ThreadPoolExecutor.java:1136)
	at java.base/java.util.concurrent.ThreadPoolExecutor$Worker.run(ThreadPoolExecutor.java:635)
	at java.base/java.lang.Thread.run(Thread.java:833)
... Removed 21 stack frames</div></td></tr></table><p class="totop"><a href="#summary">back to summary</a></p>
<h3 id="m1">multibankDSTest.WhyMultiLinkPageTest#navigateToWhyMultiLink</h3><table class="result"><tr><th>Exception</th></tr><tr><td><div class="stacktrace">org.openqa.selenium.TimeoutException: Expected condition failed: waiting for multibank.DaminiSinghAssignment.PageObjects.BasePage$$Lambda$804/0x0000000800eb0f20@5c9969cb (tried for 30 second(s) with 500 milliseconds interval)
Build info: version: &apos;4.38.0&apos;, revision: &apos;6b412e825c*&apos;
System info: os.name: &apos;Windows 11&apos;, os.arch: &apos;amd64&apos;, os.version: &apos;10.0&apos;, java.version: &apos;17.0.7&apos;
Driver info: driver.version: unknown
	at org.openqa.selenium.support.ui.FluentWait.timeoutException(FluentWait.java:265)
	at org.openqa.selenium.support.ui.FluentWait.until(FluentWait.java:228)
	at multibank.DaminiSinghAssignment.PageObjects.BasePage.waitForVisibility(BasePage.java:41)
	at multibank.DaminiSinghAssignment.PageObjects.WhyMultiLinkPage.waitForPageToLoad(WhyMultiLinkPage.java:36)
	at multibankDSTest.WhyMultiLinkPageTest.navigateToWhyMultiLink(WhyMultiLinkPageTest.java:33)
	at java.base/java.util.ArrayList.forEach(ArrayList.java:1511)
	at java.base/java.util.concurrent.FutureTask.run(FutureTask.java:264)
	at java.base/java.util.concurrent.ThreadPoolExecutor.runWorker(ThreadPoolExecutor.java:1136)
	at java.base/java.util.concurrent.ThreadPoolExecutor$Worker.run(ThreadPoolExecutor.java:635)
	at java.base/java.lang.Thread.run(Thread.java:833)
... Removed 21 stack frames</div></td></tr></table><p class="totop"><a href="#summary">back to summary</a></p>
<h3 id="m2">multibankDSTest.HomePageTest#NAV_002_TopNavigation_HoverAndHrefMapping</h3><table class="result"><tr><th>Exception</th></tr><tr><td><div class="stacktrace">java.lang.AssertionError: Href is null for menu: Trade expected object to not be null
	at multibankDSTest.HomePageTest.NAV_002_TopNavigation_HoverAndHrefMapping(HomePageTest.java:81)
	at java.base/java.util.ArrayList.forEach(ArrayList.java:1511)
	at java.base/java.util.concurrent.FutureTask.run(FutureTask.java:264)
	at java.base/java.util.concurrent.ThreadPoolExecutor.runWorker(ThreadPoolExecutor.java:1136)
	at java.base/java.util.concurrent.ThreadPoolExecutor$Worker.run(ThreadPoolExecutor.java:635)
	at java.base/java.lang.Thread.run(Thread.java:833)
... Removed 19 stack frames</div></td></tr></table><p class="totop"><a href="#summary">back to summary</a></p>
<h3 id="m3">multibankDSTest.WhyMultiLinkPageTest#ABOUT_001_verifyAllComponentsVisible</h3><table class="result"><tr><th>Exception</th></tr><tr><td><div class="stacktrace">org.openqa.selenium.TimeoutException: Expected condition failed: waiting for multibank.DaminiSinghAssignment.PageObjects.BasePage$$Lambda$804/0x0000000800eb0f20@5deba865 (tried for 30 second(s) with 500 milliseconds interval)
Build info: version: &apos;4.38.0&apos;, revision: &apos;6b412e825c*&apos;
System info: os.name: &apos;Windows 11&apos;, os.arch: &apos;amd64&apos;, os.version: &apos;10.0&apos;, java.version: &apos;17.0.7&apos;
Driver info: driver.version: unknown
	at org.openqa.selenium.support.ui.FluentWait.timeoutException(FluentWait.java:265)
	at org.openqa.selenium.support.ui.FluentWait.until(FluentWait.java:228)
	at multibank.DaminiSinghAssignment.PageObjects.BasePage.waitForVisibility(BasePage.java:41)
	at multibank.DaminiSinghAssignment.PageObjects.WhyMultiLinkPage.waitForPageToLoad(WhyMultiLinkPage.java:36)
	at multibankDSTest.WhyMultiLinkPageTest.navigateToWhyMultiLink(WhyMultiLinkPageTest.java:33)
	at java.base/java.util.ArrayList.forEach(ArrayList.java:1511)
	at java.base/java.util.concurrent.FutureTask.run(FutureTask.java:264)
	at java.base/java.util.concurrent.ThreadPoolExecutor.runWorker(ThreadPoolExecutor.java:1136)
	at java.base/java.util.concurrent.ThreadPoolExecutor$Worker.run(ThreadPoolExecutor.java:635)
	at java.base/java.lang.Thread.run(Thread.java:833)
... Removed 21 stack frames</div></td></tr></table><p class="totop"><a href="#summary">back to summary</a></p>
<h3 id="m4">multibankDSTest.WhyMultiLinkPageTest#ABOUT_002_verifyTextsAgainstJson</h3><table class="result"><tr><th>Exception</th></tr><tr><td><div class="stacktrace">org.openqa.selenium.TimeoutException: Expected condition failed: waiting for multibank.DaminiSinghAssignment.PageObjects.BasePage$$Lambda$804/0x0000000800eb0f20@5deba865 (tried for 30 second(s) with 500 milliseconds interval)
Build info: version: &apos;4.38.0&apos;, revision: &apos;6b412e825c*&apos;
System info: os.name: &apos;Windows 11&apos;, os.arch: &apos;amd64&apos;, os.version: &apos;10.0&apos;, java.version: &apos;17.0.7&apos;
Driver info: driver.version: unknown
	at org.openqa.selenium.support.ui.FluentWait.timeoutException(FluentWait.java:265)
	at org.openqa.selenium.support.ui.FluentWait.until(FluentWait.java:228)
	at multibank.DaminiSinghAssignment.PageObjects.BasePage.waitForVisibility(BasePage.java:41)
	at multibank.DaminiSinghAssignment.PageObjects.WhyMultiLinkPage.waitForPageToLoad(WhyMultiLinkPage.java:36)
	at multibankDSTest.WhyMultiLinkPageTest.navigateToWhyMultiLink(WhyMultiLinkPageTest.java:33)
	at java.base/java.util.ArrayList.forEach(ArrayList.java:1511)
	at java.base/java.util.concurrent.FutureTask.run(FutureTask.java:264)
	at java.base/java.util.concurrent.ThreadPoolExecutor.runWorker(ThreadPoolExecutor.java:1136)
	at java.base/java.util.concurrent.ThreadPoolExecutor$Worker.run(ThreadPoolExecutor.java:635)
	at java.base/java.lang.Thread.run(Thread.java:833)
... Removed 21 stack frames</div></td></tr></table><p class="totop"><a href="#summary">back to summary</a></p>
<h3 id="m5">multibankDSTest.HomePageTest#RETRY_001_demoRetryOnTransientFailure</h3><table class="result"><tr><th>Exception</th></tr><tr><td><div class="stacktrace">java.lang.AssertionError: Simulated transient wait/timing failure on first run.
	at multibankDSTest.HomePageTest.RETRY_001_demoRetryOnTransientFailure(HomePageTest.java:43)
	at java.base/java.util.ArrayList.forEach(ArrayList.java:1511)
	at java.base/java.util.concurrent.FutureTask.run(FutureTask.java:264)
	at java.base/java.util.concurrent.ThreadPoolExecutor.runWorker(ThreadPoolExecutor.java:1136)
	at java.base/java.util.concurrent.ThreadPoolExecutor$Worker.run(ThreadPoolExecutor.java:635)
	at java.base/java.lang.Thread.run(Thread.java:833)
... Removed 18 stack frames</div></td></tr></table><p class="totop"><a href="#summary">back to summary</a></p>
<h3 id="m6">multibankDSTest.HomePageTest#APP_001_AppleAppStoreLink_NavigatesToCorrectPage</h3><table class="result"><tr><th class="invisible"/></tr></table><p class="totop"><a href="#summary">back to summary</a></p>
<h3 id="m7">multibankDSTest.HomePageTest#APP_002_GooglePlayLink_NavigatesToCorrectPage</h3><table class="result"><tr><th class="invisible"/></tr></table><p class="totop"><a href="#summary">back to summary</a></p>
<h3 id="m8">multibankDSTest.HomePageTest#FOOT_001_MarketBanner_VisibleAndHasTexts</h3><table class="result"><tr><th class="invisible"/></tr></table><p class="totop"><a href="#summary">back to summary</a></p>
<h3 id="m9">multibankDSTest.HomePageTest#NAV_001_TopNavigation_HeaderAndNavVisible</h3><table class="result"><tr><th class="invisible"/></tr></table><p class="totop"><a href="#summary">back to summary</a></p>
<h3 id="m10">multibankDSTest.HomePageTest#RETRY_001_demoRetryOnTransientFailure</h3><table class="result"><tr><th class="invisible"/></tr></table><p class="totop"><a href="#summary">back to summary</a></p>
<h3 id="m11">multibankDSTest.SpotSectionTest#verifySpotCategoriesHaveTradingPairs</h3><table class="result"><tr><th class="invisible"/></tr></table><p class="totop"><a href="#summary">back to summary</a></p>
<h3 id="m12">multibankDSTest.SpotSectionTest#verifySpotHeaderValidationFailsForWrongSpec</h3><table class="result"><tr><th>Expected Exception</th></tr><tr><td><div class="stacktrace">java.lang.AssertionError: Validation should fail for incorrect header spec but it passed. expected [true] but found [false]
	at multibankDSTest.SpotSectionTest.verifySpotHeaderValidationFailsForWrongSpec(SpotSectionTest.java:142)
	at java.base/java.util.ArrayList.forEach(ArrayList.java:1511)
	at java.base/java.util.concurrent.FutureTask.run(FutureTask.java:264)
	at java.base/java.util.concurrent.ThreadPoolExecutor.runWorker(ThreadPoolExecutor.java:1136)
	at java.base/java.util.concurrent.ThreadPoolExecutor$Worker.run(ThreadPoolExecutor.java:635)
	at java.base/java.lang.Thread.run(Thread.java:833)
... Removed 20 stack frames</div></td></tr></table><p class="totop"><a href="#summary">back to summary</a></p>
<h3 id="m13">multibankDSTest.SpotSectionTest#verifySpotTableStructureAndData</h3><table class="result"><tr><th class="invisible"/></tr></table><p class="totop"><a href="#summary">back to summary</a></p>
<h2>Firefox_AllTests</h2><h3 id="m14">multibankDSTest.WhyMultiLinkPageTest#navigateToWhyMultiLink</h3><table class="result"><tr><th>Exception</th></tr><tr><td><div class="stacktrace">org.openqa.selenium.TimeoutException: Expected condition failed: waiting for multibank.DaminiSinghAssignment.PageObjects.BasePage$$Lambda$804/0x0000000800eb0f20@5696d024 (tried for 30 second(s) with 500 milliseconds interval)
Build info: version: &apos;4.38.0&apos;, revision: &apos;6b412e825c*&apos;
System info: os.name: &apos;Windows 11&apos;, os.arch: &apos;amd64&apos;, os.version: &apos;10.0&apos;, java.version: &apos;17.0.7&apos;
Driver info: driver.version: unknown
	at org.openqa.selenium.support.ui.FluentWait.timeoutException(FluentWait.java:265)
	at org.openqa.selenium.support.ui.FluentWait.until(FluentWait.java:228)
	at multibank.DaminiSinghAssignment.PageObjects.BasePage.waitForVisibility(BasePage.java:41)
	at multibank.DaminiSinghAssignment.PageObjects.WhyMultiLinkPage.waitForPageToLoad(WhyMultiLinkPage.java:36)
	at multibankDSTest.WhyMultiLinkPageTest.navigateToWhyMultiLink(WhyMultiLinkPageTest.java:33)
	at java.base/java.util.ArrayList.forEach(ArrayList.java:1511)
	at java.base/java.util.concurrent.FutureTask.run(FutureTask.java:264)
	at java.base/java.util.concurrent.ThreadPoolExecutor.runWorker(ThreadPoolExecutor.java:1136)
	at java.base/java.util.concurrent.ThreadPoolExecutor$Worker.run(ThreadPoolExecutor.java:635)
	at java.base/java.lang.Thread.run(Thread.java:833)
... Removed 21 stack frames</div></td></tr></table><p class="totop"><a href="#summary">back to summary</a></p>
<h3 id="m15">multibankDSTest.WhyMultiLinkPageTest#navigateToWhyMultiLink</h3><table class="result"><tr><th>Exception</th></tr><tr><td><div class="stacktrace">org.openqa.selenium.TimeoutException: Expected condition failed: waiting for multibank.DaminiSinghAssignment.PageObjects.BasePage$$Lambda$804/0x0000000800eb0f20@67bbace1 (tried for 30 second(s) with 500 milliseconds interval)
Build info: version: &apos;4.38.0&apos;, revision: &apos;6b412e825c*&apos;
System info: os.name: &apos;Windows 11&apos;, os.arch: &apos;amd64&apos;, os.version: &apos;10.0&apos;, java.version: &apos;17.0.7&apos;
Driver info: driver.version: unknown
	at org.openqa.selenium.support.ui.FluentWait.timeoutException(FluentWait.java:265)
	at org.openqa.selenium.support.ui.FluentWait.until(FluentWait.java:228)
	at multibank.DaminiSinghAssignment.PageObjects.BasePage.waitForVisibility(BasePage.java:41)
	at multibank.DaminiSinghAssignment.PageObjects.WhyMultiLinkPage.waitForPageToLoad(WhyMultiLinkPage.java:36)
	at multibankDSTest.WhyMultiLinkPageTest.navigateToWhyMultiLink(WhyMultiLinkPageTest.java:33)
	at java.base/java.util.ArrayList.forEach(ArrayList.java:1511)
	at java.base/java.util.concurrent.FutureTask.run(FutureTask.java:264)
	at java.base/java.util.concurrent.ThreadPoolExecutor.runWorker(ThreadPoolExecutor.java:1136)
	at java.base/java.util.concurrent.ThreadPoolExecutor$Worker.run(ThreadPoolExecutor.java:635)
	at java.base/java.lang.Thread.run(Thread.java:833)
... Removed 21 stack frames</div></td></tr></table><p class="totop"><a href="#summary">back to summary</a></p>
<h3 id="m16">multibankDSTest.HomePageTest#APP_001_AppleAppStoreLink_NavigatesToCorrectPage</h3><table class="result"><tr><th>Exception</th></tr><tr><td><div class="stacktrace">java.lang.AssertionError: Apple Store URL does not look correct: about:blank expected [true] but found [false]
	at multibankDSTest.HomePageTest.APP_001_AppleAppStoreLink_NavigatesToCorrectPage(HomePageTest.java:122)
	at java.base/java.util.ArrayList.forEach(ArrayList.java:1511)
	at java.base/java.util.concurrent.FutureTask.run(FutureTask.java:264)
	at java.base/java.util.concurrent.ThreadPoolExecutor.runWorker(ThreadPoolExecutor.java:1136)
	at java.base/java.util.concurrent.ThreadPoolExecutor$Worker.run(ThreadPoolExecutor.java:635)
	at java.base/java.lang.Thread.run(Thread.java:833)
... Removed 20 stack frames</div></td></tr></table><p class="totop"><a href="#summary">back to summary</a></p>
<h3 id="m17">multibankDSTest.HomePageTest#APP_002_GooglePlayLink_NavigatesToCorrectPage</h3><table class="result"><tr><th>Exception</th></tr><tr><td><div class="stacktrace">java.lang.AssertionError: Google Play URL does not look correct: about:blank expected [true] but found [false]
	at multibankDSTest.HomePageTest.APP_002_GooglePlayLink_NavigatesToCorrectPage(HomePageTest.java:149)
	at java.base/java.util.ArrayList.forEach(ArrayList.java:1511)
	at java.base/java.util.concurrent.FutureTask.run(FutureTask.java:264)
	at java.base/java.util.concurrent.ThreadPoolExecutor.runWorker(ThreadPoolExecutor.java:1136)
	at java.base/java.util.concurrent.ThreadPoolExecutor$Worker.run(ThreadPoolExecutor.java:635)
	at java.base/java.lang.Thread.run(Thread.java:833)
... Removed 20 stack frames</div></td></tr></table><p class="totop"><a href="#summary">back to summary</a></p>
<h3 id="m18">multibankDSTest.HomePageTest#NAV_002_TopNavigation_HoverAndHrefMapping</h3><table class="result"><tr><th>Exception</th></tr><tr><td><div class="stacktrace">java.lang.AssertionError: Href is null for menu: Trade expected object to not be null
	at multibankDSTest.HomePageTest.NAV_002_TopNavigation_HoverAndHrefMapping(HomePageTest.java:81)
	at java.base/java.util.ArrayList.forEach(ArrayList.java:1511)
	at java.base/java.util.concurrent.FutureTask.run(FutureTask.java:264)
	at java.base/java.util.concurrent.ThreadPoolExecutor.runWorker(ThreadPoolExecutor.java:1136)
	at java.base/java.util.concurrent.ThreadPoolExecutor$Worker.run(ThreadPoolExecutor.java:635)
	at java.base/java.lang.Thread.run(Thread.java:833)
... Removed 19 stack frames</div></td></tr></table><p class="totop"><a href="#summary">back to summary</a></p>
<h3 id="m19">multibankDSTest.WhyMultiLinkPageTest#ABOUT_001_verifyAllComponentsVisible</h3><table class="result"><tr><th>Exception</th></tr><tr><td><div class="stacktrace">org.openqa.selenium.TimeoutException: Expected condition failed: waiting for multibank.DaminiSinghAssignment.PageObjects.BasePage$$Lambda$804/0x0000000800eb0f20@67bbace1 (tried for 30 second(s) with 500 milliseconds interval)
Build info: version: &apos;4.38.0&apos;, revision: &apos;6b412e825c*&apos;
System info: os.name: &apos;Windows 11&apos;, os.arch: &apos;amd64&apos;, os.version: &apos;10.0&apos;, java.version: &apos;17.0.7&apos;
Driver info: driver.version: unknown
	at org.openqa.selenium.support.ui.FluentWait.timeoutException(FluentWait.java:265)
	at org.openqa.selenium.support.ui.FluentWait.until(FluentWait.java:228)
	at multibank.DaminiSinghAssignment.PageObjects.BasePage.waitForVisibility(BasePage.java:41)
	at multibank.DaminiSinghAssignment.PageObjects.WhyMultiLinkPage.waitForPageToLoad(WhyMultiLinkPage.java:36)
	at multibankDSTest.WhyMultiLinkPageTest.navigateToWhyMultiLink(WhyMultiLinkPageTest.java:33)
	at java.base/java.util.ArrayList.forEach(ArrayList.java:1511)
	at java.base/java.util.concurrent.FutureTask.run(FutureTask.java:264)
	at java.base/java.util.concurrent.ThreadPoolExecutor.runWorker(ThreadPoolExecutor.java:1136)
	at java.base/java.util.concurrent.ThreadPoolExecutor$Worker.run(ThreadPoolExecutor.java:635)
	at java.base/java.lang.Thread.run(Thread.java:833)
... Removed 21 stack frames</div></td></tr></table><p class="totop"><a href="#summary">back to summary</a></p>
<h3 id="m20">multibankDSTest.WhyMultiLinkPageTest#ABOUT_002_verifyTextsAgainstJson</h3><table class="result"><tr><th>Exception</th></tr><tr><td><div class="stacktrace">org.openqa.selenium.TimeoutException: Expected condition failed: waiting for multibank.DaminiSinghAssignment.PageObjects.BasePage$$Lambda$804/0x0000000800eb0f20@5696d024 (tried for 30 second(s) with 500 milliseconds interval)
Build info: version: &apos;4.38.0&apos;, revision: &apos;6b412e825c*&apos;
System info: os.name: &apos;Windows 11&apos;, os.arch: &apos;amd64&apos;, os.version: &apos;10.0&apos;, java.version: &apos;17.0.7&apos;
Driver info: driver.version: unknown
	at org.openqa.selenium.support.ui.FluentWait.timeoutException(FluentWait.java:265)
	at org.openqa.selenium.support.ui.FluentWait.until(FluentWait.java:228)
	at multibank.DaminiSinghAssignment.PageObjects.BasePage.waitForVisibility(BasePage.java:41)
	at multibank.DaminiSinghAssignment.PageObjects.WhyMultiLinkPage.waitForPageToLoad(WhyMultiLinkPage.java:36)
	at multibankDSTest.WhyMultiLinkPageTest.navigateToWhyMultiLink(WhyMultiLinkPageTest.java:33)
	at java.base/java.util.ArrayList.forEach(ArrayList.java:1511)
	at java.base/java.util.concurrent.FutureTask.run(FutureTask.java:264)
	at java.base/java.util.concurrent.ThreadPoolExecutor.runWorker(ThreadPoolExecutor.java:1136)
	at java.base/java.util.concurrent.ThreadPoolExecutor$Worker.run(ThreadPoolExecutor.java:635)
	at java.base/java.lang.Thread.run(Thread.java:833)
... Removed 21 stack frames</div></td></tr></table><p class="totop"><a href="#summary">back to summary</a></p>
<h3 id="m21">multibankDSTest.HomePageTest#FOOT_001_MarketBanner_VisibleAndHasTexts</h3><table class="result"><tr><th class="invisible"/></tr></table><p class="totop"><a href="#summary">back to summary</a></p>
<h3 id="m22">multibankDSTest.HomePageTest#NAV_001_TopNavigation_HeaderAndNavVisible</h3><table class="result"><tr><th class="invisible"/></tr></table><p class="totop"><a href="#summary">back to summary</a></p>
<h3 id="m23">multibankDSTest.HomePageTest#RETRY_001_demoRetryOnTransientFailure</h3><table class="result"><tr><th class="invisible"/></tr></table><p class="totop"><a href="#summary">back to summary</a></p>
<h3 id="m24">multibankDSTest.SpotSectionTest#verifySpotCategoriesHaveTradingPairs</h3><table class="result"><tr><th class="invisible"/></tr></table><p class="totop"><a href="#summary">back to summary</a></p>
<h3 id="m25">multibankDSTest.SpotSectionTest#verifySpotHeaderValidationFailsForWrongSpec</h3><table class="result"><tr><th>Expected Exception</th></tr><tr><td><div class="stacktrace">java.lang.AssertionError: Validation should fail for incorrect header spec but it passed. expected [true] but found [false]
	at multibankDSTest.SpotSectionTest.verifySpotHeaderValidationFailsForWrongSpec(SpotSectionTest.java:142)
	at java.base/java.util.ArrayList.forEach(ArrayList.java:1511)
	at java.base/java.util.concurrent.FutureTask.run(FutureTask.java:264)
	at java.base/java.util.concurrent.ThreadPoolExecutor.runWorker(ThreadPoolExecutor.java:1136)
	at java.base/java.util.concurrent.ThreadPoolExecutor$Worker.run(ThreadPoolExecutor.java:635)
	at java.base/java.lang.Thread.run(Thread.java:833)
... Removed 20 stack frames</div></td></tr></table><p class="totop"><a href="#summary">back to summary</a></p>
<h3 id="m26">multibankDSTest.SpotSectionTest#verifySpotTableStructureAndData</h3><table class="result"><tr><th class="invisible"/></tr></table><p class="totop"><a href="#summary">back to summary</a></p>
</body>
</html>
