<?xml version="1.0" encoding="UTF-8"?>
<testsuite xmlns:xsi="http://www.w3.org/2001/XMLSchema-instance" xsi:noNamespaceSchemaLocation="https://maven.apache.org/surefire/maven-surefire-plugin/xsd/surefire-test-report-3.0.xsd" version="3.0" name="TestSuite" time="434.623" tests="27" errors="0" skipped="5" failures="8">
  <properties>
[...]
</properties>
  <testcase name="navigateToWhyMultiLink" classname="multibankDSTest.WhyMultiLinkPageTest" time="68.286">
    <failure message="Expected condition failed: waiting for multibank.DaminiSinghAssignment.PageObjects.BasePage$$Lambda$804/0x0000000800eb0f20@67bbace1 (tried for 30 second(s) with 500 milliseconds interval)&#10;Build info: version: &apos;4.38.0&apos;, revision: &apos;6b412e825c*&apos;&#10;System info: os.name: &apos;Windows 11&apos;, os.arch: &apos;amd64&apos;, os.version: &apos;10.0&apos;, java.version: &apos;17.0.7&apos;&#10;Driver info: driver.version: unknown" type="org.openqa.selenium.TimeoutException"><![CDATA[org.openqa.selenium.TimeoutException: 
Expected condition failed: waiting for multibank.DaminiSinghAssignment.PageObjects.BasePage$$Lambda$804/0x0000000800eb0f20@67bbace1 (tried for 30 second(s) with 500 milliseconds interval)
Build info: version: '4.38.0', revision: '6b412e825c*'
System info: os.name: 'Windows 11', os.arch: 'amd64', os.version: '10.0', java.version: '17.0.7'
Driver info: driver.version: unknown
	at org.openqa.selenium.support.ui.FluentWait.timeoutException(FluentWait.java:265)
	at org.openqa.selenium.support.ui.FluentWait.until(FluentWait.java:228)
	at multibank.DaminiSinghAssignment.PageObjects.BasePage.waitForVisibility(BasePage.java:41)
	at multibank.DaminiSinghAssignment.PageObjects.WhyMultiLinkPage.waitForPageToLoad(WhyMultiLinkPage.java:36)
	at multibankDSTest.WhyMultiLinkPageTest.navigateToWhyMultiLink(WhyMultiLinkPageTest.java:33)
	at java.base/jdk.internal.reflect.NativeMethodAccessorImpl.invoke0(Native Method)
	at java.base/jdk.internal.reflect.NativeMethodAccessorImpl.invoke(NativeMethodAccessorImpl.java:77)
	at java.base/jdk.internal.reflect.DelegatingMethodAccessorImpl.invoke(DelegatingMethodAccessorImpl.java:43)
	at java.base/java.lang.reflect.Method.invoke(Method.java:568)
	at org.testng.internal.invokers.MethodInvocationHelper.invokeMethod(MethodInvocationHelper.java:141)
	at org.testng.internal.invokers.MethodInvocationHelper.invokeMethodConsideringTimeout(MethodInvocationHelper.java:71)
	at org.testng.internal.invokers.ConfigInvoker.invokeConfigurationMethod(ConfigInvoker.java:400)
	at org.testng.internal.invokers.ConfigInvoker.invokeConfigurations(ConfigInvoker.java:333)
	at org.testng.internal.invokers.TestInvoker.runConfigMethods(TestInvoker.java:836)
	at org.testng.internal.invokers.TestInvoker.invokeMethod(TestInvoker.java:601)
	at org.testng.internal.invokers.TestInvoker.invokeTestMethod(TestInvoker.java:230)
	at org.testng.internal.invokers.MethodRunner.runInSequence(MethodRunner.java:63)
	at org.testng.internal.invokers.TestInvoker$MethodInvocationAgent.invoke(TestInvoker.java:995)
	at org.testng.internal.invokers.TestInvoker.invokeTestMethods(TestInvoker.java:203)
	at org.testng.internal.invokers.TestMethodWorker.invokeTestMethods(TestMethodWorker.java:154)
	at org.testng.internal.invokers.TestMethodWorker.run(TestMethodWorker.java:134)
	at java.base/java.util.ArrayList.forEach(ArrayList.java:1511)
	at org.testng.TestRunner.privateRun(TestRunner.java:741)
	at org.testng.TestRunner.run(TestRunner.java:616)
	at org.testng.SuiteRunner.runTest(SuiteRunner.java:421)
	at org.testng.SuiteRunner$SuiteWorker.run(SuiteRunner.java:463)
	at org.testng.internal.thread.ThreadUtil.lambda$execute$0(ThreadUtil.java:64)
	at java.base/java.util.concurrent.FutureTask.run(FutureTask.java:264)
	at java.base/java.util.concurrent.ThreadPoolExecutor.runWorker(ThreadPoolExecutor.java:1136)
	at java.base/java.util.concurrent.ThreadPoolExecutor$Worker.run(ThreadPoolExecutor.java:635)
	at java.base/java.lang.Thread.run(Thread.java:833)
]]></failure>
    <system-out><![CDATA[Why Multibank?
Why Multibank?
]]></system-out>
    <system-err><![CDATA[SLF4J(W): No SLF4J providers were found.
SLF4J(W): Defaulting to no-operation (NOP) logger implementation
SLF4J(W): See https://www.slf4j.org/codes.html#noProviders for further details.
]]></system-err>
  </testcase>
  <testcase name="navigateToWhyMultiLink" classname="multibankDSTest.WhyMultiLinkPageTest" time="8.285">
    <failure message="Expected condition failed: waiting for multibank.DaminiSinghAssignment.PageObjects.BasePage$$Lambda$804/0x0000000800eb0f20@5deba865 (tried for 30 second(s) with 500 milliseconds interval)&#10;Build info: version: &apos;4.38.0&apos;, revision: &apos;6b412e825c*&apos;&#10;System info: os.name: &apos;Windows 11&apos;, os.arch: &apos;amd64&apos;, os.version: &apos;10.0&apos;, java.version: &apos;17.0.7&apos;&#10;Driver info: driver.version: unknown" type="org.openqa.selenium.TimeoutException"><![CDATA[org.openqa.selenium.TimeoutException: 
Expected condition failed: waiting for multibank.DaminiSinghAssignment.PageObjects.BasePage$$Lambda$804/0x0000000800eb0f20@5deba865 (tried for 30 second(s) with 500 milliseconds interval)
Build info: version: '4.38.0', revision: '6b412e825c*'
System info: os.name: 'Windows 11', os.arch: 'amd64', os.version: '10.0', java.version: '17.0.7'
Driver info: driver.version: unknown
	at org.openqa.selenium.support.ui.FluentWait.timeoutException(FluentWait.java:265)
	at org.openqa.selenium.support.ui.FluentWait.until(FluentWait.java:228)
	at multibank.DaminiSinghAssignment.PageObjects.BasePage.waitForVisibility(BasePage.java:41)
	at multibank.DaminiSinghAssignment.PageObjects.WhyMultiLinkPage.waitForPageToLoad(WhyMultiLinkPage.java:36)
	at multibankDSTest.WhyMultiLinkPageTest.navigateToWhyMultiLink(WhyMultiLinkPageTest.java:33)
	at java.base/jdk.internal.reflect.NativeMethodAccessorImpl.invoke0(Native Method)
	at java.base/jdk.internal.reflect.NativeMethodAccessorImpl.invoke(NativeMethodAccessorImpl.java:77)
	at java.base/jdk.internal.reflect.DelegatingMethodAccessorImpl.invoke(DelegatingMethodAccessorImpl.java:43)
	at java.base/java.lang.reflect.Method.invoke(Method.java:568)
	at org.testng.internal.invokers.MethodInvocationHelper.invokeMethod(MethodInvocationHelper.java:141)
	at org.testng.internal.invokers.MethodInvocationHelper.invokeMethodConsideringTimeout(MethodInvocationHelper.java:71)
	at org.testng.internal.invokers.ConfigInvoker.invokeConfigurationMethod(ConfigInvoker.java:400)
	at org.testng.internal.invokers.ConfigInvoker.invokeConfigurations(ConfigInvoker.java:333)
	at org.testng.internal.invokers.TestInvoker.runConfigMethods(TestInvoker.java:836)
	at org.testng.internal.invokers.TestInvoker.invokeMethod(TestInvoker.java:601)
	at org.testng.internal.invokers.TestInvoker.invokeTestMethod(TestInvoker.java:230)
	at org.testng.internal.invokers.MethodRunner.runInSequence(MethodRunner.java:63)
	at org.testng.internal.invokers.TestInvoker$MethodInvocationAgent.invoke(TestInvoker.java:995)
	at org.testng.internal.invokers.TestInvoker.invokeTestMethods(TestInvoker.java:203)
	at org.testng.internal.invokers.TestMethodWorker.invokeTestMethods(TestMethodWorker.java:154)
	at org.testng.internal.invokers.TestMethodWorker.run(TestMethodWorker.java:134)
	at java.base/java.util.ArrayList.forEach(ArrayList.java:1511)
	at org.testng.TestRunner.privateRun(TestRunner.java:741)
	at org.testng.TestRunner.run(TestRunner.java:616)
	at org.testng.SuiteRunner.runTest(SuiteRunner.java:421)
	at org.testng.SuiteRunner$SuiteWorker.run(SuiteRunner.java:463)
	at org.testng.internal.thread.ThreadUtil.lambda$execute$0(ThreadUtil.java:64)
	at java.base/java.util.concurrent.FutureTask.run(FutureTask.java:264)
	at java.base/java.util.concurrent.ThreadPoolExecutor.runWorker(ThreadPoolExecutor.java:1136)
	at java.base/java.util.concurrent.ThreadPoolExecutor$Worker.run(ThreadPoolExecutor.java:635)
	at java.base/java.lang.Thread.run(Thread.java:833)
]]></failure>
  </testcase>
  <testcase name="navigateToWhyMultiLink" classname="multibankDSTest.WhyMultiLinkPageTest" time="63.763">
    <failure message="Expected condition failed: waiting for multibank.DaminiSinghAssignment.PageObjects.BasePage$$Lambda$804/0x0000000800eb0f20@5c9969cb (tried for 30 second(s) with 500 milliseconds interval)&#10;Build info: version: &apos;4.38.0&apos;, revision: &apos;6b412e825c*&apos;&#10;System info: os.name: &apos;Windows 11&apos;, os.arch: &apos;amd64&apos;, os.version: &apos;10.0&apos;, java.version: &apos;17.0.7&apos;&#10;Driver info: driver.version: unknown" type="org.openqa.selenium.TimeoutException"><![CDATA[org.openqa.selenium.TimeoutException: 
Expected condition failed: waiting for multibank.DaminiSinghAssignment.PageObjects.BasePage$$Lambda$804/0x0000000800eb0f20@5c9969cb (tried for 30 second(s) with 500 milliseconds interval)
Build info: version: '4.38.0', revision: '6b412e825c*'
System info: os.name: 'Windows 11', os.arch: 'amd64', os.version: '10.0', java.version: '17.0.7'
Driver info: driver.version: unknown
	at org.openqa.selenium.support.ui.FluentWait.timeoutException(FluentWait.java:265)
	at org.openqa.selenium.support.ui.FluentWait.until(FluentWait.java:228)
	at multibank.DaminiSinghAssignment.PageObjects.BasePage.waitForVisibility(BasePage.java:41)
	at multibank.DaminiSinghAssignment.PageObjects.WhyMultiLinkPage.waitForPageToLoad(WhyMultiLinkPage.java:36)
	at multibankDSTest.WhyMultiLinkPageTest.navigateToWhyMultiLink(WhyMultiLinkPageTest.java:33)
	at java.base/jdk.internal.reflect.NativeMethodAccessorImpl.invoke0(Native Method)
	at java.base/jdk.internal.reflect.NativeMethodAccessorImpl.invoke(NativeMethodAccessorImpl.java:77)
	at java.base/jdk.internal.reflect.DelegatingMethodAccessorImpl.invoke(DelegatingMethodAccessorImpl.java:43)
	at java.base/java.lang.reflect.Method.invoke(Method.java:568)
	at org.testng.internal.invokers.MethodInvocationHelper.invokeMethod(MethodInvocationHelper.java:141)
	at org.testng.internal.invokers.MethodInvocationHelper.invokeMethodConsideringTimeout(MethodInvocationHelper.java:71)
	at org.testng.internal.invokers.ConfigInvoker.invokeConfigurationMethod(ConfigInvoker.java:400)
	at org.testng.internal.invokers.ConfigInvoker.invokeConfigurations(ConfigInvoker.java:333)
	at org.testng.internal.invokers.TestInvoker.runConfigMethods(TestInvoker.java:836)
	at org.testng.internal.invokers.TestInvoker.invokeMethod(TestInvoker.java:601)
	at org.testng.internal.invokers.TestInvoker.invokeTestMethod(TestInvoker.java:230)
	at org.testng.internal.invokers.MethodRunner.runInSequence(MethodRunner.java:63)
	at org.testng.internal.invokers.TestInvoker$MethodInvocationAgent.invoke(TestInvoker.java:995)
	at org.testng.internal.invokers.TestInvoker.invokeTestMethods(TestInvoker.java:203)
	at org.testng.internal.invokers.TestMethodWorker.invokeTestMethods(TestMethodWorker.java:154)
	at org.testng.internal.invokers.TestMethodWorker.run(TestMethodWorker.java:134)
	at java.base/java.util.ArrayList.forEach(ArrayList.java:1511)
	at org.testng.TestRunner.privateRun(TestRunner.java:741)
	at org.testng.TestRunner.run(TestRunner.java:616)
	at org.testng.SuiteRunner.runTest(SuiteRunner.java:421)
	at org.testng.SuiteRunner$SuiteWorker.run(SuiteRunner.java:463)
	at org.testng.internal.thread.ThreadUtil.lambda$execute$0(ThreadUtil.java:64)
	at java.base/java.util.concurrent.FutureTask.run(FutureTask.java:264)
	at java.base/java.util.concurrent.ThreadPoolExecutor.runWorker(ThreadPoolExecutor.java:1136)
	at java.base/java.util.concurrent.ThreadPoolExecutor$Worker.run(ThreadPoolExecutor.java:635)
	at java.base/java.lang.Thread.run(Thread.java:833)
]]></failure>
    <system-out><![CDATA[Why Multibank?
Why Multibank?
]]></system-out>
  </testcase>
  <testcase name="navigateToWhyMultiLink" classname="multibankDSTest.WhyMultiLinkPageTest" time="8.321">
    <failure message="Expected condition failed: waiting for multibank.DaminiSinghAssignment.PageObjects.BasePage$$Lambda$804/0x0000000800eb0f20@5696d024 (tried for 30 second(s) with 500 milliseconds interval)&#10;Build info: version: &apos;4.38.0&apos;, revision: &apos;6b412e825c*&apos;&#10;System info: os.name: &apos;Windows 11&apos;, os.arch: &apos;amd64&apos;, os.version: &apos;10.0&apos;, java.version: &apos;17.0.7&apos;&#10;Driver info: driver.version: unknown" type="org.openqa.selenium.TimeoutException"><![CDATA[org.openqa.selenium.TimeoutException: 
Expected condition failed: waiting for multibank.DaminiSinghAssignment.PageObjects.BasePage$$Lambda$804/0x0000000800eb0f20@5696d024 (tried for 30 second(s) with 500 milliseconds interval)
Build info: version: '4.38.0', revision: '6b412e825c*'
System info: os.name: 'Windows 11', os.arch: 'amd64', os.version: '10.0', java.version: '17.0.7'
Driver info: driver.version: unknown
	at org.openqa.selenium.support.ui.FluentWait.timeoutException(FluentWait.java:265)
	at org.openqa.selenium.support.ui.FluentWait.until(FluentWait.java:228)
	at multibank.DaminiSinghAssignment.PageObjects.BasePage.waitForVisibility(BasePage.java:41)
	at multibank.DaminiSinghAssignment.PageObjects.WhyMultiLinkPage.waitForPageToLoad(WhyMultiLinkPage.java:36)
	at multibankDSTest.WhyMultiLinkPageTest.navigateToWhyMultiLink(WhyMultiLinkPageTest.java:33)
	at java.base/jdk.internal.reflect.NativeMethodAccessorImpl.invoke0(Native Method)
	at java.base/jdk.internal.reflect.NativeMethodAccessorImpl.invoke(NativeMethodAccessorImpl.java:77)
	at java.base/jdk.internal.reflect.DelegatingMethodAccessorImpl.invoke(DelegatingMethodAccessorImpl.java:43)
	at java.base/java.lang.reflect.Method.invoke(Method.java:568)
	at org.testng.internal.invokers.MethodInvocationHelper.invokeMethod(MethodInvocationHelper.java:141)
	at org.testng.internal.invokers.MethodInvocationHelper.invokeMethodConsideringTimeout(MethodInvocationHelper.java:71)
	at org.testng.internal.invokers.ConfigInvoker.invokeConfigurationMethod(ConfigInvoker.java:400)
	at org.testng.internal.invokers.ConfigInvoker.invokeConfigurations(ConfigInvoker.java:333)
	at org.testng.internal.invokers.TestInvoker.runConfigMethods(TestInvoker.java:836)
	at org.testng.internal.invokers.TestInvoker.invokeMethod(TestInvoker.java:601)
	at org.testng.internal.invokers.TestInvoker.invokeTestMethod(TestInvoker.java:230)
	at org.testng.internal.invokers.MethodRunner.runInSequence(MethodRunner.java:63)
	at org.testng.internal.invokers.TestInvoker$MethodInvocationAgent.invoke(TestInvoker.java:995)
	at org.testng.internal.invokers.TestInvoker.invokeTestMethods(TestInvoker.java:203)
	at org.testng.internal.invokers.TestMethodWorker.invokeTestMethods(TestMethodWorker.java:154)
	at org.testng.internal.invokers.TestMethodWorker.run(TestMethodWorker.java:134)
	at java.base/java.util.ArrayList.forEach(ArrayList.java:1511)
	at org.testng.TestRunner.privateRun(TestRunner.java:741)
	at org.testng.TestRunner.run(TestRunner.java:616)
	at org.testng.SuiteRunner.runTest(SuiteRunner.java:421)
	at org.testng.SuiteRunner$SuiteWorker.run(SuiteRunner.java:463)
	at org.testng.internal.thread.ThreadUtil.lambda$execute$0(ThreadUtil.java:64)
	at java.base/java.util.concurrent.FutureTask.run(FutureTask.java:264)
	at java.base/java.util.concurrent.ThreadPoolExecutor.runWorker(ThreadPoolExecutor.java:1136)
	at java.base/java.util.concurrent.ThreadPoolExecutor$Worker.run(ThreadPoolExecutor.java:635)
	at java.base/java.lang.Thread.run(Thread.java:833)
]]></failure>
  </testcase>
  <testcase name="ABOUT_001_verifyAllComponentsVisible" classname="multibankDSTest.WhyMultiLinkPageTest" time="0.0">
    <skipped message="Expected condition failed: waiting for multibank.DaminiSinghAssignment.PageObjects.BasePage$$Lambda$804/0x0000000800eb0f20@67bbace1 (tried for 30 second(s) with 500 milliseconds interval)&#10;Build info: version: &apos;4.38.0&apos;, revision: &apos;6b412e825c*&apos;&#10;System info: os.name: &apos;Windows 11&apos;, os.arch: &apos;amd64&apos;, os.version: &apos;10.0&apos;, java.version: &apos;17.0.7&apos;&#10;Driver info: driver.version: unknown"/>
  </testcase>
  <testcase name="ABOUT_001_verifyAllComponentsVisible" classname="multibankDSTest.WhyMultiLinkPageTest" time="0.0">
    <skipped message="Expected condition failed: waiting for multibank.DaminiSinghAssignment.PageObjects.BasePage$$Lambda$804/0x0000000800eb0f20@5deba865 (tried for 30 second(s) with 500 milliseconds interval)&#10;Build info: version: &apos;4.38.0&apos;, revision: &apos;6b412e825c*&apos;&#10;System info: os.name: &apos;Windows 11&apos;, os.arch: &apos;amd64&apos;, os.version: &apos;10.0&apos;, java.version: &apos;17.0.7&apos;&#10;Driver info: driver.version: unknown"/>
  </testcase>
  <testcase name="ABOUT_002_verifyTextsAgainstJson" classname="multibankDSTest.WhyMultiLinkPageTest" time="0.0">
    <skipped message="Expected condition failed: waiting for multibank.DaminiSinghAssignment.PageObjects.BasePage$$Lambda$804/0x0000000800eb0f20@5deba865 (tried for 30 second(s) with 500 milliseconds interval)&#10;Build info: version: &apos;4.38.0&apos;, revision: &apos;6b412e825c*&apos;&#10;System info: os.name: &apos;Windows 11&apos;, os.arch: &apos;amd64&apos;, os.version: &apos;10.0&apos;, java.version: &apos;17.0.7&apos;&#10;Driver info: driver.version: unknown"/>
  </testcase>
  <testcase name="ABOUT_002_verifyTextsAgainstJson" classname="multibankDSTest.WhyMultiLinkPageTest" time="0.0">
    <skipped message="Expected condition failed: waiting for multibank.DaminiSinghAssignment.PageObjects.BasePage$$Lambda$804/0x0000000800eb0f20@5696d024 (tried for 30 second(s) with 500 milliseconds interval)&#10;Build info: version: &apos;4.38.0&apos;, revision: &apos;6b412e825c*&apos;&#10;System info: os.name: &apos;Windows 11&apos;, os.arch: &apos;amd64&apos;, os.version: &apos;10.0&apos;, java.version: &apos;17.0.7&apos;&#10;Driver info: driver.version: unknown"/>
  </testcase>
  <testcase name="APP_001_AppleAppStoreLink_NavigatesToCorrectPage" classname="multibankDSTest.HomePageTest" time="4.776"/>
  <testcase name="APP_001_AppleAppStoreLink_NavigatesToCorrectPage" classname="multibankDSTest.HomePageTest" time="9.353">
    <failure message="Apple Store URL does not look correct: about:blank expected [true] but found [false]" type="java.lang.AssertionError"><![CDATA[java.lang.AssertionError: Apple Store URL does not look correct: about:blank expected [true] but found [false]
	at org.testng.Assert.fail(Assert.java:111)
	at org.testng.Assert.failNotEquals(Assert.java:1590)
	at org.testng.Assert.assertTrue(Assert.java:57)
	at multibankDSTest.HomePageTest.APP_001_AppleAppStoreLink_NavigatesToCorrectPage(HomePageTest.java:122)
	at java.base/jdk.internal.reflect.NativeMethodAccessorImpl.invoke0(Native Method)
	at java.base/jdk.internal.reflect.NativeMethodAccessorImpl.invoke(NativeMethodAccessorImpl.java:77)
	at java.base/jdk.internal.reflect.DelegatingMethodAccessorImpl.invoke(DelegatingMethodAccessorImpl.java:43)
	at java.base/java.lang.reflect.Method.invoke(Method.java:568)
	at org.testng.internal.invokers.MethodInvocationHelper.invokeMethod(MethodInvocationHelper.java:141)
	at org.testng.internal.invokers.TestInvoker.invokeMethod(TestInvoker.java:687)
	at org.testng.internal.invokers.TestInvoker.invokeTestMethod(TestInvoker.java:230)
	at org.testng.internal.invokers.MethodRunner.runInSequence(MethodRunner.java:63)
	at org.testng.internal.invokers.TestInvoker$MethodInvocationAgent.invoke(TestInvoker.java:995)
	at org.testng.internal.invokers.TestInvoker.invokeTestMethods(TestInvoker.java:203)
	at org.testng.internal.invokers.TestMethodWorker.invokeTestMethods(TestMethodWorker.java:154)
	at org.testng.internal.invokers.TestMethodWorker.run(TestMethodWorker.java:134)
	at java.base/java.util.ArrayList.forEach(ArrayList.java:1511)
	at org.testng.TestRunner.privateRun(TestRunner.java:741)
	at org.testng.TestRunner.run(TestRunner.java:616)
	at org.testng.SuiteRunner.runTest(SuiteRunner.java:421)
	at org.testng.SuiteRunner$SuiteWorker.run(SuiteRunner.java:463)
	at org.testng.internal.thread.ThreadUtil.lambda$execute$0(ThreadUtil.java:64)
	at java.base/java.util.concurrent.FutureTask.run(FutureTask.java:264)
	at java.base/java.util.concurrent.ThreadPoolExecutor.runWorker(ThreadPoolExecutor.java:1136)
	at java.base/java.util.concurrent.ThreadPoolExecutor$Worker.run(ThreadPoolExecutor.java:635)
	at java.base/java.lang.Thread.run(Thread.java:833)
]]></failure>
    <system-out><![CDATA[Screenshot saved for test: APP_001_AppleAppStoreLink_NavigatesToCorrectPage | Browser: firefox | Thread: 27 | AttemptLabel: FINAL_FAIL
]]></system-out>
  </testcase>
  <testcase name="APP_002_GooglePlayLink_NavigatesToCorrectPage" classname="multibankDSTest.HomePageTest" time="4.716"/>
  <testcase name="APP_002_GooglePlayLink_NavigatesToCorrectPage" classname="multibankDSTest.HomePageTest" time="4.509">
    <failure message="Google Play URL does not look correct: about:blank expected [true] but found [false]" type="java.lang.AssertionError"><![CDATA[java.lang.AssertionError: Google Play URL does not look correct: about:blank expected [true] but found [false]
	at org.testng.Assert.fail(Assert.java:111)
	at org.testng.Assert.failNotEquals(Assert.java:1590)
	at org.testng.Assert.assertTrue(Assert.java:57)
	at multibankDSTest.HomePageTest.APP_002_GooglePlayLink_NavigatesToCorrectPage(HomePageTest.java:149)
	at java.base/jdk.internal.reflect.NativeMethodAccessorImpl.invoke0(Native Method)
	at java.base/jdk.internal.reflect.NativeMethodAccessorImpl.invoke(NativeMethodAccessorImpl.java:77)
	at java.base/jdk.internal.reflect.DelegatingMethodAccessorImpl.invoke(DelegatingMethodAccessorImpl.java:43)
	at java.base/java.lang.reflect.Method.invoke(Method.java:568)
	at org.testng.internal.invokers.MethodInvocationHelper.invokeMethod(MethodInvocationHelper.java:141)
	at org.testng.internal.invokers.TestInvoker.invokeMethod(TestInvoker.java:687)
	at org.testng.internal.invokers.TestInvoker.invokeTestMethod(TestInvoker.java:230)
	at org.testng.internal.invokers.MethodRunner.runInSequence(MethodRunner.java:63)
	at org.testng.internal.invokers.TestInvoker$MethodInvocationAgent.invoke(TestInvoker.java:995)
	at org.testng.internal.invokers.TestInvoker.invokeTestMethods(TestInvoker.java:203)
	at org.testng.internal.invokers.TestMethodWorker.invokeTestMethods(TestMethodWorker.java:154)
	at org.testng.internal.invokers.TestMethodWorker.run(TestMethodWorker.java:134)
	at java.base/java.util.ArrayList.forEach(ArrayList.java:1511)
	at org.testng.TestRunner.privateRun(TestRunner.java:741)
	at org.testng.TestRunner.run(TestRunner.java:616)
	at org.testng.SuiteRunner.runTest(SuiteRunner.java:421)
	at org.testng.SuiteRunner$SuiteWorker.run(SuiteRunner.java:463)
	at org.testng.internal.thread.ThreadUtil.lambda$execute$0(ThreadUtil.java:64)
	at java.base/java.util.concurrent.FutureTask.run(FutureTask.java:264)
	at java.base/java.util.concurrent.ThreadPoolExecutor.runWorker(ThreadPoolExecutor.java:1136)
	at java.base/java.util.concurrent.ThreadPoolExecutor$Worker.run(ThreadPoolExecutor.java:635)
	at java.base/java.lang.Thread.run(Thread.java:833)
]]></failure>
    <system-out><![CDATA[Screenshot saved for test: APP_002_GooglePlayLink_NavigatesToCorrectPage | Browser: firefox | Thread: 27 | AttemptLabel: FINAL_FAIL
]]></system-out>
  </testcase>
  <testcase name="FOOT_001_MarketBanner_VisibleAndHasTexts" classname="multibankDSTest.HomePageTest" time="7.042">
    <system-out><![CDATA[Active Banner Texts: [Deposit using Card or Wire
Transfer, Card, Wire, Transfer, Deposit]
]]></system-out>
  </testcase>
  <testcase name="FOOT_001_MarketBanner_VisibleAndHasTexts" classname="multibankDSTest.HomePageTest" time="4.307">
    <system-out><![CDATA[Active Banner Texts: [Deposit using Card or Wire
Transfer, Card, Wire, Transfer, Deposit]
]]></system-out>
  </testcase>
  <testcase name="NAV_001_TopNavigation_HeaderAndNavVisible" classname="multibankDSTest.HomePageTest" time="1.197"/>
  <testcase name="NAV_001_TopNavigation_HeaderAndNavVisible" classname="multibankDSTest.HomePageTest" time="3.303"/>
  <testcase name="NAV_002_TopNavigation_HoverAndHrefMapping" classname="multibankDSTest.HomePageTest" time="8.085">
    <failure message="Href is null for menu: Trade expected object to not be null" type="java.lang.AssertionError"><![CDATA[java.lang.AssertionError: Href is null for menu: Trade expected object to not be null
	at org.testng.Assert.fail(Assert.java:111)
	at org.testng.Assert.assertNotNull(Assert.java:1496)
	at multibankDSTest.HomePageTest.NAV_002_TopNavigation_HoverAndHrefMapping(HomePageTest.java:81)
	at java.base/jdk.internal.reflect.NativeMethodAccessorImpl.invoke0(Native Method)
	at java.base/jdk.internal.reflect.NativeMethodAccessorImpl.invoke(NativeMethodAccessorImpl.java:77)
	at java.base/jdk.internal.reflect.DelegatingMethodAccessorImpl.invoke(DelegatingMethodAccessorImpl.java:43)
	at java.base/java.lang.reflect.Method.invoke(Method.java:568)
	at org.testng.internal.invokers.MethodInvocationHelper.invokeMethod(MethodInvocationHelper.java:141)
	at org.testng.internal.invokers.TestInvoker.invokeMethod(TestInvoker.java:687)
	at org.testng.internal.invokers.TestInvoker.invokeTestMethod(TestInvoker.java:230)
	at org.testng.internal.invokers.MethodRunner.runInSequence(MethodRunner.java:63)
	at org.testng.internal.invokers.TestInvoker$MethodInvocationAgent.invoke(TestInvoker.java:995)
	at org.testng.internal.invokers.TestInvoker.invokeTestMethods(TestInvoker.java:203)
	at org.testng.internal.invokers.TestMethodWorker.invokeTestMethods(TestMethodWorker.java:154)
	at org.testng.internal.invokers.TestMethodWorker.run(TestMethodWorker.java:134)
	at java.base/java.util.ArrayList.forEach(ArrayList.java:1511)
	at org.testng.TestRunner.privateRun(TestRunner.java:741)
	at org.testng.TestRunner.run(TestRunner.java:616)
	at org.testng.SuiteRunner.runTest(SuiteRunner.java:421)
	at org.testng.SuiteRunner$SuiteWorker.run(SuiteRunner.java:463)
	at org.testng.internal.thread.ThreadUtil.lambda$execute$0(ThreadUtil.java:64)
	at java.base/java.util.concurrent.FutureTask.run(FutureTask.java:264)
	at java.base/java.util.concurrent.ThreadPoolExecutor.runWorker(ThreadPoolExecutor.java:1136)
	at java.base/java.util.concurrent.ThreadPoolExecutor$Worker.run(ThreadPoolExecutor.java:635)
	at java.base/java.lang.Thread.run(Thread.java:833)
]]></failure>
    <system-out><![CDATA[Screenshot saved for test: NAV_002_TopNavigation_HoverAndHrefMapping | Browser: chrome | Thread: 26 | AttemptLabel: FINAL_FAIL
]]></system-out>
  </testcase>
  <testcase name="NAV_002_TopNavigation_HoverAndHrefMapping" classname="multibankDSTest.HomePageTest" time="2.286">
    <failure message="Href is null for menu: Trade expected object to not be null" type="java.lang.AssertionError"><![CDATA[java.lang.AssertionError: Href is null for menu: Trade expected object to not be null
	at org.testng.Assert.fail(Assert.java:111)
	at org.testng.Assert.assertNotNull(Assert.java:1496)
	at multibankDSTest.HomePageTest.NAV_002_TopNavigation_HoverAndHrefMapping(HomePageTest.java:81)
	at java.base/jdk.internal.reflect.NativeMethodAccessorImpl.invoke0(Native Method)
	at java.base/jdk.internal.reflect.NativeMethodAccessorImpl.invoke(NativeMethodAccessorImpl.java:77)
	at java.base/jdk.internal.reflect.DelegatingMethodAccessorImpl.invoke(DelegatingMethodAccessorImpl.java:43)
	at java.base/java.lang.reflect.Method.invoke(Method.java:568)
	at org.testng.internal.invokers.MethodInvocationHelper.invokeMethod(MethodInvocationHelper.java:141)
	at org.testng.internal.invokers.TestInvoker.invokeMethod(TestInvoker.java:687)
	at org.testng.internal.invokers.TestInvoker.invokeTestMethod(TestInvoker.java:230)
	at org.testng.internal.invokers.MethodRunner.runInSequence(MethodRunner.java:63)
	at org.testng.internal.invokers.TestInvoker$MethodInvocationAgent.invoke(TestInvoker.java:995)
	at org.testng.internal.invokers.TestInvoker.invokeTestMethods(TestInvoker.java:203)
	at org.testng.internal.invokers.TestMethodWorker.invokeTestMethods(TestMethodWorker.java:154)
	at org.testng.internal.invokers.TestMethodWorker.run(TestMethodWorker.java:134)
	at java.base/java.util.ArrayList.forEach(ArrayList.java:1511)
	at org.testng.TestRunner.privateRun(TestRunner.java:741)
	at org.testng.TestRunner.run(TestRunner.java:616)
	at org.testng.SuiteRunner.runTest(SuiteRunner.java:421)
	at org.testng.SuiteRunner$SuiteWorker.run(SuiteRunner.java:463)
	at org.testng.internal.thread.ThreadUtil.lambda$execute$0(ThreadUtil.java:64)
	at java.base/java.util.concurrent.FutureTask.run(FutureTask.java:264)
	at java.base/java.util.concurrent.ThreadPoolExecutor.runWorker(ThreadPoolExecutor.java:1136)
	at java.base/java.util.concurrent.ThreadPoolExecutor$Worker.run(ThreadPoolExecutor.java:635)
	at java.base/java.lang.Thread.run(Thread.java:833)
]]></failure>
    <system-out><![CDATA[Checking category: Favorites
Checking category: All
Pairs for category 'All': [BTC-AED, DAI-AED, ETH-AED, USDC-AED, USDT-AED, AAVE-BTC, ADA-BTC, AVAX-BTC, BCH-BTC, DOGE-BTC, DOT-BTC, ETH-BTC]
Checking category: USDT
Pairs for category 'USDT': [AAVE-USDT, ADA-USDT, AED-USDT, ALGO-USDT, AVAX-USDT, BCH-USDT, BTC-USDT, COMP-USDT, DAI-USDT, DOGE-USDT, DOT-USDT, ETC-USDT]
Checking category: BTC
Pairs for category 'BTC': [AAVE-BTC, ADA-BTC, AVAX-BTC, BCH-BTC, DOGE-BTC, DOT-BTC, ETH-BTC, LINK-BTC, LTC-BTC, TRX-BTC, UNI-BTC]
Checking category: FIAT
Screenshot saved for test: NAV_002_TopNavigation_HoverAndHrefMapping | Browser: firefox | Thread: 27 | AttemptLabel: FINAL_FAIL
]]></system-out>
  </testcase>
  <testcase name="RETRY_001_demoRetryOnTransientFailure" classname="multibankDSTest.HomePageTest" time="0.0">
    <skipped message="Simulated transient wait/timing failure on first run."/>
    <system-out><![CDATA[Retrying test: RETRY_001_demoRetryOnTransientFailure | Attempt: 1/1
]]></system-out>
  </testcase>
  <testcase name="RETRY_001_demoRetryOnTransientFailure" classname="multibankDSTest.HomePageTest" time="1.642"/>
  <testcase name="RETRY_001_demoRetryOnTransientFailure" classname="multibankDSTest.HomePageTest" time="0.247"/>
  <testcase name="verifySpotCategoriesHaveTradingPairs" classname="multibankDSTest.SpotSectionTest" time="7.093">
    <system-out><![CDATA[Pairs for category 'FIAT': [BTC-AED, DAI-AED, ETH-AED, USDC-AED, USDT-AED, BTC-EUR, DAI-EUR, ETH-EUR, USDC-EUR, USDT-EUR, BTC-USD, DAI-USD]
Checking category: Themes
Pairs for category 'Themes': [USDC-AED, USDT-AED, BTC-EUR, DAI-EUR, ETH-EUR, USDC-EUR, USDT-EUR, BTC-USD, DAI-USD, , , ]
]]></system-out>
  </testcase>
  <testcase name="verifySpotCategoriesHaveTradingPairs" classname="multibankDSTest.SpotSectionTest" time="18.721">
    <system-out><![CDATA[Checking category: Favorites
Checking category: All
Pairs for category 'All': [BTC-AED, DAI-AED, ETH-AED, USDC-AED, USDT-AED, AAVE-BTC, ADA-BTC, AVAX-BTC, BCH-BTC, DOGE-BTC, DOT-BTC, ETH-BTC]
Checking category: USDT
Pairs for category 'USDT': [AAVE-USDT, ADA-USDT, AED-USDT, ALGO-USDT, AVAX-USDT, BCH-USDT, BTC-USDT, COMP-USDT, DAI-USDT, DOGE-USDT, DOT-USDT, ETC-USDT]
Checking category: BTC
Pairs for category 'BTC': [AAVE-BTC, ADA-BTC, AVAX-BTC, BCH-BTC, DOGE-BTC, DOT-BTC, ETH-BTC, LINK-BTC, LTC-BTC, TRX-BTC, UNI-BTC]
Checking category: FIAT
Pairs for category 'FIAT': [BTC-AED, DAI-AED, ETH-AED, USDC-AED, USDT-AED, BTC-EUR, DAI-EUR, ETH-EUR, USDC-EUR, USDT-EUR, BTC-USD, DAI-USD]
Checking category: Themes
Pairs for category 'Themes': [USDC-AED, USDT-AED, BTC-EUR, DAI-EUR, ETH-EUR, USDC-EUR, USDT-EUR, BTC-USD, DAI-USD, , , ]
]]></system-out>
  </testcase>
  <testcase name="verifySpotTableStructureAndData" classname="multibankDSTest.SpotSectionTest" time="5.496"/>
  <testcase name="verifySpotTableStructureAndData" classname="multibankDSTest.SpotSectionTest" time="4.723"/>
  <testcase name="verifySpotHeaderValidationFailsForWrongSpec" classname="multibankDSTest.SpotSectionTest" time="1.853">
    <system-out><![CDATA[Header count mismatch. Expected: 4 but found: 6
]]></system-out>
  </testcase>
  <testcase name="verifySpotHeaderValidationFailsForWrongSpec" classname="multibankDSTest.SpotSectionTest" time="0.744">
    <system-out><![CDATA[Header count mismatch. Expected: 4 but found: 6
]]></system-out>
  </testcase>
</testsuite>