<?xml version="1.0" encoding="UTF-8"?>
<testng-results retried="1" ignored="0" total="7" passed="5" failed="1" skipped="0">
  <reporter-output>
  </reporter-output>
  <suite started-at="2025-12-03T19:23:57 GST" name="Default suite" finished-at="2025-12-03T19:25:35 GST" duration-ms="97849">
    <groups>
    </groups>
    <test started-at="2025-12-03T19:23:57 GST" name="Default test" finished-at="2025-12-03T19:25:35 GST" duration-ms="97849">
      <class name="multibankDSTest.HomePageTest">
        <test-method is-config="true" signature="setUp(java.lang.String)[pri:0, instance:multibankDSTest.HomePageTest@5fe94a96]" started-at="2025-12-03T19:23:57 GST" name="setUp" finished-at="2025-12-03T19:24:10 GST" duration-ms="13095" status="PASS">
          <params>
            <param index="0">
              <value>
                <![CDATA[chrome]]>
              </value>
            </param>
          </params>
          <reporter-output>
          </reporter-output>
        </test-method> <!-- setUp -->
        <test-method is-config="true" signature="initPage()[pri:0, instance:multibankDSTest.HomePageTest@5fe94a96]" started-at="2025-12-03T19:24:10 GST" name="initPage" finished-at="2025-12-03T19:24:10 GST" duration-ms="111" status="PASS">
          <reporter-output>
          </reporter-output>
        </test-method> <!-- initPage -->
        <test-method signature="APP_001_AppleAppStoreLink_NavigatesToCorrectPage()[pri:0, instance:multibankDSTest.HomePageTest@5fe94a96]" started-at="2025-12-03T19:24:10 GST" name="APP_001_AppleAppStoreLink_NavigatesToCorrectPage" finished-at="2025-12-03T19:24:14 GST" duration-ms="3875" status="PASS">
          <reporter-output>
          </reporter-output>
        </test-method> <!-- APP_001_AppleAppStoreLink_NavigatesToCorrectPage -->
        <test-method is-config="true" signature="tearDown()[pri:0, instance:multibankDSTest.HomePageTest@5fe94a96]" started-at="2025-12-03T19:24:14 GST" name="tearDown" finished-at="2025-12-03T19:24:15 GST" duration-ms="871" status="PASS">
          <reporter-output>
          </reporter-output>
        </test-method> <!-- tearDown -->
        <test-method is-config="true" signature="setUp(java.lang.String)[pri:0, instance:multibankDSTest.HomePageTest@5fe94a96]" started-at="2025-12-03T19:24:15 GST" name="setUp" finished-at="2025-12-03T19:24:27 GST" duration-ms="12345" status="PASS">
          <params>
            <param index="0">
              <value>
                <![CDATA[chrome]]>
              </value>
            </param>
          </params>
          <reporter-output>
          </reporter-output>
        </test-method> <!-- setUp -->
        <test-method is-config="true" signature="initPage()[pri:0, instance:multibankDSTest.HomePageTest@5fe94a96]" started-at="2025-12-03T19:24:27 GST" name="initPage" finished-at="2025-12-03T19:24:27 GST" duration-ms="16" status="PASS">
          <reporter-output>
          </reporter-output>
        </test-method> <!-- initPage -->
        <test-method signature="APP_002_GooglePlayLink_NavigatesToCorrectPage()[pri:0, instance:multibankDSTest.HomePageTest@5fe94a96]" started-at="2025-12-03T19:24:27 GST" name="APP_002_GooglePlayLink_NavigatesToCorrectPage" finished-at="2025-12-03T19:24:34 GST" duration-ms="6254" status="PASS">
          <reporter-output>
          </reporter-output>
        </test-method> <!-- APP_002_GooglePlayLink_NavigatesToCorrectPage -->
        <test-method is-config="true" signature="tearDown()[pri:0, instance:multibankDSTest.HomePageTest@5fe94a96]" started-at="2025-12-03T19:24:34 GST" name="tearDown" finished-at="2025-12-03T19:24:34 GST" duration-ms="330" status="PASS">
          <reporter-output>
          </reporter-output>
        </test-method> <!-- tearDown -->
        <test-method is-config="true" signature="setUp(java.lang.String)[pri:0, instance:multibankDSTest.HomePageTest@5fe94a96]" started-at="2025-12-03T19:24:34 GST" name="setUp" finished-at="2025-12-03T19:24:45 GST" duration-ms="11144" status="PASS">
          <params>
            <param index="0">
              <value>
                <![CDATA[chrome]]>
              </value>
            </param>
          </params>
          <reporter-output>
          </reporter-output>
        </test-method> <!-- setUp -->
        <test-method is-config="true" signature="initPage()[pri:0, instance:multibankDSTest.HomePageTest@5fe94a96]" started-at="2025-12-03T19:24:45 GST" name="initPage" finished-at="2025-12-03T19:24:45 GST" duration-ms="3" status="PASS">
          <reporter-output>
          </reporter-output>
        </test-method> <!-- initPage -->
        <test-method signature="FOOT_001_MarketBanner_VisibleAndHasTexts()[pri:0, instance:multibankDSTest.HomePageTest@5fe94a96]" started-at="2025-12-03T19:24:45 GST" name="FOOT_001_MarketBanner_VisibleAndHasTexts" finished-at="2025-12-03T19:24:46 GST" duration-ms="1394" status="PASS">
          <reporter-output>
          </reporter-output>
        </test-method> <!-- FOOT_001_MarketBanner_VisibleAndHasTexts -->
        <test-method is-config="true" signature="tearDown()[pri:0, instance:multibankDSTest.HomePageTest@5fe94a96]" started-at="2025-12-03T19:24:46 GST" name="tearDown" finished-at="2025-12-03T19:24:47 GST" duration-ms="413" status="PASS">
          <reporter-output>
          </reporter-output>
        </test-method> <!-- tearDown -->
        <test-method is-config="true" signature="setUp(java.lang.String)[pri:0, instance:multibankDSTest.HomePageTest@5fe94a96]" started-at="2025-12-03T19:24:47 GST" name="setUp" finished-at="2025-12-03T19:24:56 GST" duration-ms="8717" status="PASS">
          <params>
            <param index="0">
              <value>
                <![CDATA[chrome]]>
              </value>
            </param>
          </params>
          <reporter-output>
          </reporter-output>
        </test-method> <!-- setUp -->
        <test-method is-config="true" signature="initPage()[pri:0, instance:multibankDSTest.HomePageTest@5fe94a96]" started-at="2025-12-03T19:24:56 GST" name="initPage" finished-at="2025-12-03T19:24:56 GST" duration-ms="6" status="PASS">
          <reporter-output>
          </reporter-output>
        </test-method> <!-- initPage -->
        <test-method signature="NAV_001_TopNavigation_HeaderAndNavVisible()[pri:0, instance:multibankDSTest.HomePageTest@5fe94a96]" started-at="2025-12-03T19:24:56 GST" name="NAV_001_TopNavigation_HeaderAndNavVisible" finished-at="2025-12-03T19:24:59 GST" duration-ms="3233" status="PASS">
          <reporter-output>
          </reporter-output>
        </test-method> <!-- NAV_001_TopNavigation_HeaderAndNavVisible -->
        <test-method is-config="true" signature="tearDown()[pri:0, instance:multibankDSTest.HomePageTest@5fe94a96]" started-at="2025-12-03T19:24:59 GST" name="tearDown" finished-at="2025-12-03T19:24:59 GST" duration-ms="327" status="PASS">
          <reporter-output>
          </reporter-output>
        </test-method> <!-- tearDown -->
        <test-method is-config="true" signature="setUp(java.lang.String)[pri:0, instance:multibankDSTest.HomePageTest@5fe94a96]" started-at="2025-12-03T19:24:59 GST" name="setUp" finished-at="2025-12-03T19:25:10 GST" duration-ms="10828" status="PASS">
          <params>
            <param index="0">
              <value>
                <![CDATA[chrome]]>
              </value>
            </param>
          </params>
          <reporter-output>
          </reporter-output>
        </test-method> <!-- setUp -->
        <test-method is-config="true" signature="initPage()[pri:0, instance:multibankDSTest.HomePageTest@5fe94a96]" started-at="2025-12-03T19:25:10 GST" name="initPage" finished-at="2025-12-03T19:25:10 GST" duration-ms="9" status="PASS">
          <reporter-output>
          </reporter-output>
        </test-method> <!-- initPage -->
        <test-method signature="NAV_002_TopNavigation_HoverAndHrefMapping()[pri:0, instance:multibankDSTest.HomePageTest@5fe94a96]" started-at="2025-12-03T19:25:10 GST" name="NAV_002_TopNavigation_HoverAndHrefMapping" finished-at="2025-12-03T19:25:11 GST" duration-ms="871" status="FAIL">
          <exception class="java.lang.AssertionError">
            <message>
              <![CDATA[Href is null for menu: Trade expected object to not be null]]>
            </message>
            <full-stacktrace>
              <![CDATA[java.lang.AssertionError: Href is null for menu: Trade expected object to not be null
at org.testng.Assert.fail(Assert.java:111)
at org.testng.Assert.assertNotNull(Assert.java:1496)
at multibankDSTest.HomePageTest.NAV_002_TopNavigation_HoverAndHrefMapping(HomePageTest.java:81)
at java.base/jdk.internal.reflect.NativeMethodAccessorImpl.invoke0(Native Method)
at java.base/jdk.internal.reflect.NativeMethodAccessorImpl.invoke(NativeMethodAccessorImpl.java:77)
at java.base/jdk.internal.reflect.DelegatingMethodAccessorImpl.invoke(DelegatingMethodAccessorImpl.java:43)
at java.base/java.lang.reflect.Method.invoke(Method.java:568)
at org.testng.internal.invokers.MethodInvocationHelper.invokeMethod(MethodInvocationHelper.java:141)
at org.testng.internal.invokers.TestInvoker.invokeMethod(TestInvoker.java:687)
at org.testng.internal.invokers.TestInvoker.invokeTestMethod(TestInvoker.java:230)
at org.testng.internal.invokers.MethodRunner.runInSequence(MethodRunner.java:63)
at org.testng.internal.invokers.TestInvoker$MethodInvocationAgent.invoke(TestInvoker.java:995)
at org.testng.internal.invokers.TestInvoker.invokeTestMethods(TestInvoker.java:203)
at org.testng.internal.invokers.TestMethodWorker.invokeTestMethods(TestMethodWorker.java:154)
at org.testng.internal.invokers.TestMethodWorker.run(TestMethodWorker.java:134)
at java.base/java.util.ArrayList.forEach(ArrayList.java:1511)
at org.testng.TestRunner.privateRun(TestRunner.java:741)
at org.testng.TestRunner.run(TestRunner.java:616)
at org.testng.SuiteRunner.runTest(SuiteRunner.java:421)
at org.testng.SuiteRunner.runSequentially(SuiteRunner.java:413)
at org.testng.SuiteRunner.privateRun(SuiteRunner.java:373)
at org.testng.SuiteRunner.run(SuiteRunner.java:312)
at org.testng.SuiteRunnerWorker.runSuite(SuiteRunnerWorker.java:52)
at org.testng.SuiteRunnerWorker.run(SuiteRunnerWorker.java:95)
at org.testng.TestNG.runSuitesSequentially(TestNG.java:1274)
at org.testng.TestNG.runSuitesLocally(TestNG.java:1208)
at org.testng.TestNG.runSuites(TestNG.java:1112)
at org.testng.TestNG.run(TestNG.java:1079)
at org.testng.remote.AbstractRemoteTestNG.run(AbstractRemoteTestNG.java:115)
at org.testng.remote.RemoteTestNG.initAndRun(RemoteTestNG.java:293)
at org.testng.remote.RemoteTestNG.main(RemoteTestNG.java:91)
]]>
            </full-stacktrace>
          </exception> <!-- java.lang.AssertionError -->
          <reporter-output>
          </reporter-output>
        </test-method> <!-- NAV_002_TopNavigation_HoverAndHrefMapping -->
        <test-method is-config="true" signature="tearDown()[pri:0, instance:multibankDSTest.HomePageTest@5fe94a96]" started-at="2025-12-03T19:25:11 GST" name="tearDown" finished-at="2025-12-03T19:25:11 GST" duration-ms="348" status="PASS">
          <reporter-output>
          </reporter-output>
        </test-method> <!-- tearDown -->
        <test-method is-config="true" signature="setUp(java.lang.String)[pri:0, instance:multibankDSTest.HomePageTest@5fe94a96]" started-at="2025-12-03T19:25:11 GST" name="setUp" finished-at="2025-12-03T19:25:22 GST" duration-ms="10923" status="PASS">
          <params>
            <param index="0">
              <value>
                <![CDATA[chrome]]>
              </value>
            </param>
          </params>
          <reporter-output>
          </reporter-output>
        </test-method> <!-- setUp -->
        <test-method is-config="true" signature="initPage()[pri:0, instance:multibankDSTest.HomePageTest@5fe94a96]" started-at="2025-12-03T19:25:22 GST" name="initPage" finished-at="2025-12-03T19:25:22 GST" duration-ms="3" status="PASS">
          <reporter-output>
          </reporter-output>
        </test-method> <!-- initPage -->
        <test-method retried="true" signature="RETRY_001_demoRetryOnTransientFailure()[pri:0, instance:multibankDSTest.HomePageTest@5fe94a96]" started-at="2025-12-03T19:25:22 GST" name="RETRY_001_demoRetryOnTransientFailure" description="RETRY-001 demo: flaky-style test with retry" finished-at="2025-12-03T19:25:22 GST" duration-ms="8" status="SKIP">
          <exception class="java.lang.AssertionError">
            <message>
              <![CDATA[Simulated transient wait/timing failure on first run.]]>
            </message>
            <full-stacktrace>
              <![CDATA[java.lang.AssertionError: Simulated transient wait/timing failure on first run.
at org.testng.Assert.fail(Assert.java:111)
at multibankDSTest.HomePageTest.RETRY_001_demoRetryOnTransientFailure(HomePageTest.java:43)
at java.base/jdk.internal.reflect.NativeMethodAccessorImpl.invoke0(Native Method)
at java.base/jdk.internal.reflect.NativeMethodAccessorImpl.invoke(NativeMethodAccessorImpl.java:77)
at java.base/jdk.internal.reflect.DelegatingMethodAccessorImpl.invoke(DelegatingMethodAccessorImpl.java:43)
at java.base/java.lang.reflect.Method.invoke(Method.java:568)
at org.testng.internal.invokers.MethodInvocationHelper.invokeMethod(MethodInvocationHelper.java:141)
at org.testng.internal.invokers.TestInvoker.invokeMethod(TestInvoker.java:687)
at org.testng.internal.invokers.TestInvoker.invokeTestMethod(TestInvoker.java:230)
at org.testng.internal.invokers.MethodRunner.runInSequence(MethodRunner.java:63)
at org.testng.internal.invokers.TestInvoker$MethodInvocationAgent.invoke(TestInvoker.java:995)
at org.testng.internal.invokers.TestInvoker.invokeTestMethods(TestInvoker.java:203)
at org.testng.internal.invokers.TestMethodWorker.invokeTestMethods(TestMethodWorker.java:154)
at org.testng.internal.invokers.TestMethodWorker.run(TestMethodWorker.java:134)
at java.base/java.util.ArrayList.forEach(ArrayList.java:1511)
at org.testng.TestRunner.privateRun(TestRunner.java:741)
at org.testng.TestRunner.run(TestRunner.java:616)
at org.testng.SuiteRunner.runTest(SuiteRunner.java:421)
at org.testng.SuiteRunner.runSequentially(SuiteRunner.java:413)
at org.testng.SuiteRunner.privateRun(SuiteRunner.java:373)
at org.testng.SuiteRunner.run(SuiteRunner.java:312)
at org.testng.SuiteRunnerWorker.runSuite(SuiteRunnerWorker.java:52)
at org.testng.SuiteRunnerWorker.run(SuiteRunnerWorker.java:95)
at org.testng.TestNG.runSuitesSequentially(TestNG.java:1274)
at org.testng.TestNG.runSuitesLocally(TestNG.java:1208)
at org.testng.TestNG.runSuites(TestNG.java:1112)
at org.testng.TestNG.run(TestNG.java:1079)
at org.testng.remote.AbstractRemoteTestNG.run(AbstractRemoteTestNG.java:115)
at org.testng.remote.RemoteTestNG.initAndRun(RemoteTestNG.java:293)
at org.testng.remote.RemoteTestNG.main(RemoteTestNG.java:91)
]]>
            </full-stacktrace>
          </exception> <!-- java.lang.AssertionError -->
          <reporter-output>
          </reporter-output>
        </test-method> <!-- RETRY_001_demoRetryOnTransientFailure -->
        <test-method is-config="true" signature="tearDown()[pri:0, instance:multibankDSTest.HomePageTest@5fe94a96]" started-at="2025-12-03T19:25:22 GST" name="tearDown" finished-at="2025-12-03T19:25:23 GST" duration-ms="394" status="PASS">
          <reporter-output>
          </reporter-output>
        </test-method> <!-- tearDown -->
        <test-method is-config="true" signature="setUp(java.lang.String)[pri:0, instance:multibankDSTest.HomePageTest@5fe94a96]" started-at="2025-12-03T19:25:23 GST" name="setUp" finished-at="2025-12-03T19:25:34 GST" duration-ms="11422" status="PASS">
          <params>
            <param index="0">
              <value>
                <![CDATA[chrome]]>
              </value>
            </param>
          </params>
          <reporter-output>
          </reporter-output>
        </test-method> <!-- setUp -->
        <test-method is-config="true" signature="initPage()[pri:0, instance:multibankDSTest.HomePageTest@5fe94a96]" started-at="2025-12-03T19:25:34 GST" name="initPage" finished-at="2025-12-03T19:25:34 GST" duration-ms="1" status="PASS">
          <reporter-output>
          </reporter-output>
        </test-method> <!-- initPage -->
        <test-method signature="RETRY_001_demoRetryOnTransientFailure()[pri:0, instance:multibankDSTest.HomePageTest@5fe94a96]" started-at="2025-12-03T19:25:34 GST" name="RETRY_001_demoRetryOnTransientFailure" description="RETRY-001 demo: flaky-style test with retry" finished-at="2025-12-03T19:25:34 GST" duration-ms="395" status="PASS">
          <reporter-output>
          </reporter-output>
        </test-method> <!-- RETRY_001_demoRetryOnTransientFailure -->
        <test-method is-config="true" signature="tearDown()[pri:0, instance:multibankDSTest.HomePageTest@5fe94a96]" started-at="2025-12-03T19:25:34 GST" name="tearDown" finished-at="2025-12-03T19:25:35 GST" duration-ms="408" status="PASS">
          <reporter-output>
          </reporter-output>
        </test-method> <!-- tearDown -->
      </class> <!-- multibankDSTest.HomePageTest -->
    </test> <!-- Default test -->
  </suite> <!-- Default suite -->
</testng-results>
