<?xml version="1.0" encoding="UTF-8"?>
<testng-results retried="1" ignored="0" total="23" passed="13" failed="9" skipped="0">
  <reporter-output>
  </reporter-output>
  <suite started-at="2025-12-04T14:08:23 GST" name="XBR-001 CrossBrowser Full Suite" finished-at="2025-12-04T14:14:55 GST" duration-ms="392443">
    <groups>
    </groups>
    <test started-at="2025-12-04T14:08:23 GST" name="Chrome_AllTests" finished-at="2025-12-04T14:14:14 GST" duration-ms="351423">
      <class name="multibankDSTest.WhyMultiLinkPageTest">
        <test-method is-config="true" signature="setUp(java.lang.String)[pri:0, instance:multibankDSTest.WhyMultiLinkPageTest@54e041a4]" started-at="2025-12-04T14:08:23 GST" name="setUp" finished-at="2025-12-04T14:08:30 GST" duration-ms="7547" status="PASS">
          <params>
            <param index="0">
              <value>
                <![CDATA[chrome]]>
              </value>
            </param>
          </params>
          <reporter-output>
          </reporter-output>
        </test-method> <!-- setUp -->
        <test-method is-config="true" signature="navigateToWhyMultiLink()[pri:0, instance:multibankDSTest.WhyMultiLinkPageTest@54e041a4]" started-at="2025-12-04T14:08:30 GST" name="navigateToWhyMultiLink" finished-at="2025-12-04T14:08:44 GST" duration-ms="13877" status="PASS">
          <reporter-output>
          </reporter-output>
        </test-method> <!-- navigateToWhyMultiLink -->
        <test-method signature="ABOUT_001_verifyAllComponentsVisible()[pri:0, instance:multibankDSTest.WhyMultiLinkPageTest@54e041a4]" started-at="2025-12-04T14:08:44 GST" name="ABOUT_001_verifyAllComponentsVisible" finished-at="2025-12-04T14:09:20 GST" duration-ms="35659" status="FAIL">
          <exception class="java.lang.AssertionError">
            <message>
              <![CDATA[Some Why MultiLink components are not visible. expected [true] but found [false]]]>
            </message>
            <full-stacktrace>
              <![CDATA[java.lang.AssertionError: Some Why MultiLink components are not visible. expected [true] but found [false]
at org.testng.Assert.fail(Assert.java:111)
at org.testng.Assert.failNotEquals(Assert.java:1590)
at org.testng.Assert.assertTrue(Assert.java:57)
at multibankDSTest.WhyMultiLinkPageTest.ABOUT_001_verifyAllComponentsVisible(WhyMultiLinkPageTest.java:73)
at java.base/jdk.internal.reflect.NativeMethodAccessorImpl.invoke0(Native Method)
at java.base/jdk.internal.reflect.NativeMethodAccessorImpl.invoke(NativeMethodAccessorImpl.java:77)
at java.base/jdk.internal.reflect.DelegatingMethodAccessorImpl.invoke(DelegatingMethodAccessorImpl.java:43)
at java.base/java.lang.reflect.Method.invoke(Method.java:568)
at org.testng.internal.invokers.MethodInvocationHelper.invokeMethod(MethodInvocationHelper.java:141)
at org.testng.internal.invokers.TestInvoker.invokeMethod(TestInvoker.java:687)
at org.testng.internal.invokers.TestInvoker.invokeTestMethod(TestInvoker.java:230)
at org.testng.internal.invokers.MethodRunner.runInSequence(MethodRunner.java:63)
at org.testng.internal.invokers.TestInvoker$MethodInvocationAgent.invoke(TestInvoker.java:995)
at org.testng.internal.invokers.TestInvoker.invokeTestMethods(TestInvoker.java:203)
at org.testng.internal.invokers.TestMethodWorker.invokeTestMethods(TestMethodWorker.java:154)
at org.testng.internal.invokers.TestMethodWorker.run(TestMethodWorker.java:134)
at java.base/java.util.ArrayList.forEach(ArrayList.java:1511)
at org.testng.TestRunner.privateRun(TestRunner.java:741)
at org.testng.TestRunner.run(TestRunner.java:616)
at org.testng.SuiteRunner.runTest(SuiteRunner.java:421)
at org.testng.SuiteRunner$SuiteWorker.run(SuiteRunner.java:463)
at org.testng.internal.thread.ThreadUtil.lambda$execute$0(ThreadUtil.java:64)
at java.base/java.util.concurrent.FutureTask.run(FutureTask.java:264)
at java.base/java.util.concurrent.ThreadPoolExecutor.runWorker(ThreadPoolExecutor.java:1136)
at java.base/java.util.concurrent.ThreadPoolExecutor$Worker.run(ThreadPoolExecutor.java:635)
at java.base/java.lang.Thread.run(Thread.java:833)
]]>
            </full-stacktrace>
          </exception> <!-- java.lang.AssertionError -->
          <reporter-output>
          </reporter-output>
        </test-method> <!-- ABOUT_001_verifyAllComponentsVisible -->
        <test-method is-config="true" signature="tearDown()[pri:0, instance:multibankDSTest.WhyMultiLinkPageTest@54e041a4]" started-at="2025-12-04T14:09:20 GST" name="tearDown" finished-at="2025-12-04T14:09:21 GST" duration-ms="730" status="PASS">
          <reporter-output>
          </reporter-output>
        </test-method> <!-- tearDown -->
        <test-method is-config="true" signature="setUp(java.lang.String)[pri:0, instance:multibankDSTest.WhyMultiLinkPageTest@54e041a4]" started-at="2025-12-04T14:09:21 GST" name="setUp" finished-at="2025-12-04T14:09:32 GST" duration-ms="11360" status="PASS">
          <params>
            <param index="0">
              <value>
                <![CDATA[chrome]]>
              </value>
            </param>
          </params>
          <reporter-output>
          </reporter-output>
        </test-method> <!-- setUp -->
        <test-method is-config="true" signature="navigateToWhyMultiLink()[pri:0, instance:multibankDSTest.WhyMultiLinkPageTest@54e041a4]" started-at="2025-12-04T14:09:32 GST" name="navigateToWhyMultiLink" finished-at="2025-12-04T14:09:46 GST" duration-ms="13137" status="PASS">
          <reporter-output>
          </reporter-output>
        </test-method> <!-- navigateToWhyMultiLink -->
        <test-method signature="ABOUT_002_verifyTextsAgainstJson()[pri:0, instance:multibankDSTest.WhyMultiLinkPageTest@54e041a4]" started-at="2025-12-04T14:09:46 GST" name="ABOUT_002_verifyTextsAgainstJson" finished-at="2025-12-04T14:09:57 GST" duration-ms="11672" status="FAIL">
          <exception class="java.lang.AssertionError">
            <message>
              <![CDATA[CTA button texts mismatch: lists don't have the same size expected [8] but found [7]]]>
            </message>
            <full-stacktrace>
              <![CDATA[java.lang.AssertionError: CTA button texts mismatch: lists don't have the same size expected [8] but found [7]
at org.testng.Assert.fail(Assert.java:111)
at org.testng.Assert.failNotEquals(Assert.java:1590)
at org.testng.Assert.assertEqualsImpl(Assert.java:150)
at org.testng.Assert.assertEquals(Assert.java:132)
at org.testng.Assert.assertEquals(Assert.java:1431)
at org.testng.Assert.assertEquals(Assert.java:1395)
at org.testng.Assert.assertEquals(Assert.java:1642)
at multibankDSTest.WhyMultiLinkPageTest.ABOUT_002_verifyTextsAgainstJson(WhyMultiLinkPageTest.java:144)
at java.base/jdk.internal.reflect.NativeMethodAccessorImpl.invoke0(Native Method)
at java.base/jdk.internal.reflect.NativeMethodAccessorImpl.invoke(NativeMethodAccessorImpl.java:77)
at java.base/jdk.internal.reflect.DelegatingMethodAccessorImpl.invoke(DelegatingMethodAccessorImpl.java:43)
at java.base/java.lang.reflect.Method.invoke(Method.java:568)
at org.testng.internal.invokers.MethodInvocationHelper.invokeMethod(MethodInvocationHelper.java:141)
at org.testng.internal.invokers.TestInvoker.invokeMethod(TestInvoker.java:687)
at org.testng.internal.invokers.TestInvoker.invokeTestMethod(TestInvoker.java:230)
at org.testng.internal.invokers.MethodRunner.runInSequence(MethodRunner.java:63)
at org.testng.internal.invokers.TestInvoker$MethodInvocationAgent.invoke(TestInvoker.java:995)
at org.testng.internal.invokers.TestInvoker.invokeTestMethods(TestInvoker.java:203)
at org.testng.internal.invokers.TestMethodWorker.invokeTestMethods(TestMethodWorker.java:154)
at org.testng.internal.invokers.TestMethodWorker.run(TestMethodWorker.java:134)
at java.base/java.util.ArrayList.forEach(ArrayList.java:1511)
at org.testng.TestRunner.privateRun(TestRunner.java:741)
at org.testng.TestRunner.run(TestRunner.java:616)
at org.testng.SuiteRunner.runTest(SuiteRunner.java:421)
at org.testng.SuiteRunner$SuiteWorker.run(SuiteRunner.java:463)
at org.testng.internal.thread.ThreadUtil.lambda$execute$0(ThreadUtil.java:64)
at java.base/java.util.concurrent.FutureTask.run(FutureTask.java:264)
at java.base/java.util.concurrent.ThreadPoolExecutor.runWorker(ThreadPoolExecutor.java:1136)
at java.base/java.util.concurrent.ThreadPoolExecutor$Worker.run(ThreadPoolExecutor.java:635)
at java.base/java.lang.Thread.run(Thread.java:833)
]]>
            </full-stacktrace>
          </exception> <!-- java.lang.AssertionError -->
          <reporter-output>
          </reporter-output>
        </test-method> <!-- ABOUT_002_verifyTextsAgainstJson -->
        <test-method is-config="true" signature="tearDown()[pri:0, instance:multibankDSTest.WhyMultiLinkPageTest@54e041a4]" started-at="2025-12-04T14:09:58 GST" name="tearDown" finished-at="2025-12-04T14:09:59 GST" duration-ms="1359" status="PASS">
          <reporter-output>
          </reporter-output>
        </test-method> <!-- tearDown -->
      </class> <!-- multibankDSTest.WhyMultiLinkPageTest -->
      <class name="multibankDSTest.SpotSectionTest">
        <test-method is-config="true" signature="setUp(java.lang.String)[pri:0, instance:multibankDSTest.SpotSectionTest@78fa769e]" started-at="2025-12-04T14:12:40 GST" name="setUp" finished-at="2025-12-04T14:12:54 GST" duration-ms="14898" status="PASS">
          <params>
            <param index="0">
              <value>
                <![CDATA[chrome]]>
              </value>
            </param>
          </params>
          <reporter-output>
          </reporter-output>
        </test-method> <!-- setUp -->
        <test-method is-config="true" signature="initPage()[pri:0, instance:multibankDSTest.SpotSectionTest@78fa769e]" started-at="2025-12-04T14:12:54 GST" name="initPage" finished-at="2025-12-04T14:12:54 GST" duration-ms="9" status="PASS">
          <reporter-output>
          </reporter-output>
        </test-method> <!-- initPage -->
        <test-method signature="verifySpotCategoriesHaveTradingPairs()[pri:1, instance:multibankDSTest.SpotSectionTest@78fa769e]" started-at="2025-12-04T14:12:54 GST" name="verifySpotCategoriesHaveTradingPairs" description="SPOT-001: Verify each Spot category has at least one trading pair" finished-at="2025-12-04T14:13:36 GST" duration-ms="41848" status="PASS">
          <reporter-output>
          </reporter-output>
        </test-method> <!-- verifySpotCategoriesHaveTradingPairs -->
        <test-method is-config="true" signature="tearDown()[pri:0, instance:multibankDSTest.SpotSectionTest@78fa769e]" started-at="2025-12-04T14:13:36 GST" name="tearDown" finished-at="2025-12-04T14:13:37 GST" duration-ms="847" status="PASS">
          <reporter-output>
          </reporter-output>
        </test-method> <!-- tearDown -->
        <test-method is-config="true" signature="setUp(java.lang.String)[pri:0, instance:multibankDSTest.SpotSectionTest@78fa769e]" started-at="2025-12-04T14:13:37 GST" name="setUp" finished-at="2025-12-04T14:13:42 GST" duration-ms="4711" status="PASS">
          <params>
            <param index="0">
              <value>
                <![CDATA[chrome]]>
              </value>
            </param>
          </params>
          <reporter-output>
          </reporter-output>
        </test-method> <!-- setUp -->
        <test-method is-config="true" signature="initPage()[pri:0, instance:multibankDSTest.SpotSectionTest@78fa769e]" started-at="2025-12-04T14:13:42 GST" name="initPage" finished-at="2025-12-04T14:13:42 GST" duration-ms="5" status="PASS">
          <reporter-output>
          </reporter-output>
        </test-method> <!-- initPage -->
        <test-method signature="verifySpotTableStructureAndData()[pri:2, instance:multibankDSTest.SpotSectionTest@78fa769e]" started-at="2025-12-04T14:13:42 GST" name="verifySpotTableStructureAndData" description="SPOT-002: Validate Spot table structure and data" finished-at="2025-12-04T14:13:53 GST" duration-ms="11037" status="FAIL">
          <exception class="java.lang.AssertionError">
            <message>
              <![CDATA[Spot column headers do not match expected spec. expected [true] but found [false]]]>
            </message>
            <full-stacktrace>
              <![CDATA[java.lang.AssertionError: Spot column headers do not match expected spec. expected [true] but found [false]
at org.testng.Assert.fail(Assert.java:111)
at org.testng.Assert.failNotEquals(Assert.java:1590)
at org.testng.Assert.assertTrue(Assert.java:57)
at multibankDSTest.SpotSectionTest.verifySpotTableStructureAndData(SpotSectionTest.java:128)
at java.base/jdk.internal.reflect.NativeMethodAccessorImpl.invoke0(Native Method)
at java.base/jdk.internal.reflect.NativeMethodAccessorImpl.invoke(NativeMethodAccessorImpl.java:77)
at java.base/jdk.internal.reflect.DelegatingMethodAccessorImpl.invoke(DelegatingMethodAccessorImpl.java:43)
at java.base/java.lang.reflect.Method.invoke(Method.java:568)
at org.testng.internal.invokers.MethodInvocationHelper.invokeMethod(MethodInvocationHelper.java:141)
at org.testng.internal.invokers.TestInvoker.invokeMethod(TestInvoker.java:687)
at org.testng.internal.invokers.TestInvoker.invokeTestMethod(TestInvoker.java:230)
at org.testng.internal.invokers.MethodRunner.runInSequence(MethodRunner.java:63)
at org.testng.internal.invokers.TestInvoker$MethodInvocationAgent.invoke(TestInvoker.java:995)
at org.testng.internal.invokers.TestInvoker.invokeTestMethods(TestInvoker.java:203)
at org.testng.internal.invokers.TestMethodWorker.invokeTestMethods(TestMethodWorker.java:154)
at org.testng.internal.invokers.TestMethodWorker.run(TestMethodWorker.java:134)
at java.base/java.util.ArrayList.forEach(ArrayList.java:1511)
at org.testng.TestRunner.privateRun(TestRunner.java:741)
at org.testng.TestRunner.run(TestRunner.java:616)
at org.testng.SuiteRunner.runTest(SuiteRunner.java:421)
at org.testng.SuiteRunner$SuiteWorker.run(SuiteRunner.java:463)
at org.testng.internal.thread.ThreadUtil.lambda$execute$0(ThreadUtil.java:64)
at java.base/java.util.concurrent.FutureTask.run(FutureTask.java:264)
at java.base/java.util.concurrent.ThreadPoolExecutor.runWorker(ThreadPoolExecutor.java:1136)
at java.base/java.util.concurrent.ThreadPoolExecutor$Worker.run(ThreadPoolExecutor.java:635)
at java.base/java.lang.Thread.run(Thread.java:833)
]]>
            </full-stacktrace>
          </exception> <!-- java.lang.AssertionError -->
          <reporter-output>
          </reporter-output>
        </test-method> <!-- verifySpotTableStructureAndData -->
        <test-method is-config="true" signature="tearDown()[pri:0, instance:multibankDSTest.SpotSectionTest@78fa769e]" started-at="2025-12-04T14:13:54 GST" name="tearDown" finished-at="2025-12-04T14:13:54 GST" duration-ms="580" status="PASS">
          <reporter-output>
          </reporter-output>
        </test-method> <!-- tearDown -->
        <test-method is-config="true" signature="setUp(java.lang.String)[pri:0, instance:multibankDSTest.SpotSectionTest@78fa769e]" started-at="2025-12-04T14:13:54 GST" name="setUp" finished-at="2025-12-04T14:14:11 GST" duration-ms="16430" status="PASS">
          <params>
            <param index="0">
              <value>
                <![CDATA[chrome]]>
              </value>
            </param>
          </params>
          <reporter-output>
          </reporter-output>
        </test-method> <!-- setUp -->
        <test-method is-config="true" signature="initPage()[pri:0, instance:multibankDSTest.SpotSectionTest@78fa769e]" started-at="2025-12-04T14:14:11 GST" name="initPage" finished-at="2025-12-04T14:14:11 GST" duration-ms="1" status="PASS">
          <reporter-output>
          </reporter-output>
        </test-method> <!-- initPage -->
        <test-method signature="verifySpotHeaderValidationFailsForWrongSpec()[pri:3, instance:multibankDSTest.SpotSectionTest@78fa769e]" started-at="2025-12-04T14:14:11 GST" name="verifySpotHeaderValidationFailsForWrongSpec" description="Negative: header validation should fail for wrong spec" finished-at="2025-12-04T14:14:13 GST" duration-ms="2176" status="PASS">
          <exception class="java.lang.AssertionError">
            <message>
              <![CDATA[Validation should fail for incorrect header spec but it passed. expected [true] but found [false]]]>
            </message>
            <full-stacktrace>
              <![CDATA[java.lang.AssertionError: Validation should fail for incorrect header spec but it passed. expected [true] but found [false]
at org.testng.Assert.fail(Assert.java:111)
at org.testng.Assert.failNotEquals(Assert.java:1590)
at org.testng.Assert.assertTrue(Assert.java:57)
at multibankDSTest.SpotSectionTest.verifySpotHeaderValidationFailsForWrongSpec(SpotSectionTest.java:197)
at java.base/jdk.internal.reflect.NativeMethodAccessorImpl.invoke0(Native Method)
at java.base/jdk.internal.reflect.NativeMethodAccessorImpl.invoke(NativeMethodAccessorImpl.java:77)
at java.base/jdk.internal.reflect.DelegatingMethodAccessorImpl.invoke(DelegatingMethodAccessorImpl.java:43)
at java.base/java.lang.reflect.Method.invoke(Method.java:568)
at org.testng.internal.invokers.MethodInvocationHelper.invokeMethod(MethodInvocationHelper.java:141)
at org.testng.internal.invokers.TestInvoker.invokeMethod(TestInvoker.java:687)
at org.testng.internal.invokers.TestInvoker.invokeTestMethod(TestInvoker.java:230)
at org.testng.internal.invokers.MethodRunner.runInSequence(MethodRunner.java:63)
at org.testng.internal.invokers.TestInvoker$MethodInvocationAgent.invoke(TestInvoker.java:995)
at org.testng.internal.invokers.TestInvoker.invokeTestMethods(TestInvoker.java:203)
at org.testng.internal.invokers.TestMethodWorker.invokeTestMethods(TestMethodWorker.java:154)
at org.testng.internal.invokers.TestMethodWorker.run(TestMethodWorker.java:134)
at java.base/java.util.ArrayList.forEach(ArrayList.java:1511)
at org.testng.TestRunner.privateRun(TestRunner.java:741)
at org.testng.TestRunner.run(TestRunner.java:616)
at org.testng.SuiteRunner.runTest(SuiteRunner.java:421)
at org.testng.SuiteRunner$SuiteWorker.run(SuiteRunner.java:463)
at org.testng.internal.thread.ThreadUtil.lambda$execute$0(ThreadUtil.java:64)
at java.base/java.util.concurrent.FutureTask.run(FutureTask.java:264)
at java.base/java.util.concurrent.ThreadPoolExecutor.runWorker(ThreadPoolExecutor.java:1136)
at java.base/java.util.concurrent.ThreadPoolExecutor$Worker.run(ThreadPoolExecutor.java:635)
at java.base/java.lang.Thread.run(Thread.java:833)
]]>
            </full-stacktrace>
          </exception> <!-- java.lang.AssertionError -->
          <reporter-output>
          </reporter-output>
        </test-method> <!-- verifySpotHeaderValidationFailsForWrongSpec -->
        <test-method is-config="true" signature="tearDown()[pri:0, instance:multibankDSTest.SpotSectionTest@78fa769e]" started-at="2025-12-04T14:14:13 GST" name="tearDown" finished-at="2025-12-04T14:14:14 GST" duration-ms="1026" status="PASS">
          <reporter-output>
          </reporter-output>
        </test-method> <!-- tearDown -->
      </class> <!-- multibankDSTest.SpotSectionTest -->
      <class name="multibankDSTest.HomePageTest">
        <test-method is-config="true" signature="setUp(java.lang.String)[pri:0, instance:multibankDSTest.HomePageTest@69ee81fc]" started-at="2025-12-04T14:09:59 GST" name="setUp" finished-at="2025-12-04T14:10:15 GST" duration-ms="15642" status="PASS">
          <params>
            <param index="0">
              <value>
                <![CDATA[chrome]]>
              </value>
            </param>
          </params>
          <reporter-output>
          </reporter-output>
        </test-method> <!-- setUp -->
        <test-method is-config="true" signature="initPage()[pri:0, instance:multibankDSTest.HomePageTest@69ee81fc]" started-at="2025-12-04T14:10:15 GST" name="initPage" finished-at="2025-12-04T14:10:15 GST" duration-ms="2" status="PASS">
          <reporter-output>
          </reporter-output>
        </test-method> <!-- initPage -->
        <test-method signature="APP_001_AppleAppStoreLink_NavigatesToCorrectPage()[pri:0, instance:multibankDSTest.HomePageTest@69ee81fc]" started-at="2025-12-04T14:10:15 GST" name="APP_001_AppleAppStoreLink_NavigatesToCorrectPage" finished-at="2025-12-04T14:10:21 GST" duration-ms="6099" status="PASS">
          <reporter-output>
          </reporter-output>
        </test-method> <!-- APP_001_AppleAppStoreLink_NavigatesToCorrectPage -->
        <test-method is-config="true" signature="tearDown()[pri:0, instance:multibankDSTest.HomePageTest@69ee81fc]" started-at="2025-12-04T14:10:21 GST" name="tearDown" finished-at="2025-12-04T14:10:23 GST" duration-ms="1803" status="PASS">
          <reporter-output>
          </reporter-output>
        </test-method> <!-- tearDown -->
        <test-method is-config="true" signature="setUp(java.lang.String)[pri:0, instance:multibankDSTest.HomePageTest@69ee81fc]" started-at="2025-12-04T14:10:23 GST" name="setUp" finished-at="2025-12-04T14:10:38 GST" duration-ms="15713" status="PASS">
          <params>
            <param index="0">
              <value>
                <![CDATA[chrome]]>
              </value>
            </param>
          </params>
          <reporter-output>
          </reporter-output>
        </test-method> <!-- setUp -->
        <test-method is-config="true" signature="initPage()[pri:0, instance:multibankDSTest.HomePageTest@69ee81fc]" started-at="2025-12-04T14:10:38 GST" name="initPage" finished-at="2025-12-04T14:10:38 GST" duration-ms="6" status="PASS">
          <reporter-output>
          </reporter-output>
        </test-method> <!-- initPage -->
        <test-method signature="APP_002_GooglePlayLink_NavigatesToCorrectPage()[pri:0, instance:multibankDSTest.HomePageTest@69ee81fc]" started-at="2025-12-04T14:10:38 GST" name="APP_002_GooglePlayLink_NavigatesToCorrectPage" finished-at="2025-12-04T14:10:50 GST" duration-ms="11513" status="PASS">
          <reporter-output>
          </reporter-output>
        </test-method> <!-- APP_002_GooglePlayLink_NavigatesToCorrectPage -->
        <test-method is-config="true" signature="tearDown()[pri:0, instance:multibankDSTest.HomePageTest@69ee81fc]" started-at="2025-12-04T14:10:50 GST" name="tearDown" finished-at="2025-12-04T14:10:51 GST" duration-ms="841" status="PASS">
          <reporter-output>
          </reporter-output>
        </test-method> <!-- tearDown -->
        <test-method is-config="true" signature="setUp(java.lang.String)[pri:0, instance:multibankDSTest.HomePageTest@69ee81fc]" started-at="2025-12-04T14:10:51 GST" name="setUp" finished-at="2025-12-04T14:11:14 GST" duration-ms="23408" status="PASS">
          <params>
            <param index="0">
              <value>
                <![CDATA[chrome]]>
              </value>
            </param>
          </params>
          <reporter-output>
          </reporter-output>
        </test-method> <!-- setUp -->
        <test-method is-config="true" signature="initPage()[pri:0, instance:multibankDSTest.HomePageTest@69ee81fc]" started-at="2025-12-04T14:11:14 GST" name="initPage" finished-at="2025-12-04T14:11:14 GST" duration-ms="19" status="PASS">
          <reporter-output>
          </reporter-output>
        </test-method> <!-- initPage -->
        <test-method signature="FOOT_001_MarketBanner_VisibleAndHasTexts()[pri:0, instance:multibankDSTest.HomePageTest@69ee81fc]" started-at="2025-12-04T14:11:14 GST" name="FOOT_001_MarketBanner_VisibleAndHasTexts" finished-at="2025-12-04T14:11:20 GST" duration-ms="5972" status="PASS">
          <reporter-output>
          </reporter-output>
        </test-method> <!-- FOOT_001_MarketBanner_VisibleAndHasTexts -->
        <test-method is-config="true" signature="tearDown()[pri:0, instance:multibankDSTest.HomePageTest@69ee81fc]" started-at="2025-12-04T14:11:20 GST" name="tearDown" finished-at="2025-12-04T14:11:21 GST" duration-ms="719" status="PASS">
          <reporter-output>
          </reporter-output>
        </test-method> <!-- tearDown -->
        <test-method is-config="true" signature="setUp(java.lang.String)[pri:0, instance:multibankDSTest.HomePageTest@69ee81fc]" started-at="2025-12-04T14:11:21 GST" name="setUp" finished-at="2025-12-04T14:11:36 GST" duration-ms="14914" status="PASS">
          <params>
            <param index="0">
              <value>
                <![CDATA[chrome]]>
              </value>
            </param>
          </params>
          <reporter-output>
          </reporter-output>
        </test-method> <!-- setUp -->
        <test-method is-config="true" signature="initPage()[pri:0, instance:multibankDSTest.HomePageTest@69ee81fc]" started-at="2025-12-04T14:11:36 GST" name="initPage" finished-at="2025-12-04T14:11:36 GST" duration-ms="4" status="PASS">
          <reporter-output>
          </reporter-output>
        </test-method> <!-- initPage -->
        <test-method signature="NAV_001_TopNavigation_HeaderAndNavVisible()[pri:0, instance:multibankDSTest.HomePageTest@69ee81fc]" started-at="2025-12-04T14:11:36 GST" name="NAV_001_TopNavigation_HeaderAndNavVisible" finished-at="2025-12-04T14:11:38 GST" duration-ms="2508" status="PASS">
          <reporter-output>
          </reporter-output>
        </test-method> <!-- NAV_001_TopNavigation_HeaderAndNavVisible -->
        <test-method is-config="true" signature="tearDown()[pri:0, instance:multibankDSTest.HomePageTest@69ee81fc]" started-at="2025-12-04T14:11:38 GST" name="tearDown" finished-at="2025-12-04T14:11:39 GST" duration-ms="857" status="PASS">
          <reporter-output>
          </reporter-output>
        </test-method> <!-- tearDown -->
        <test-method is-config="true" signature="setUp(java.lang.String)[pri:0, instance:multibankDSTest.HomePageTest@69ee81fc]" started-at="2025-12-04T14:11:39 GST" name="setUp" finished-at="2025-12-04T14:12:00 GST" duration-ms="21078" status="PASS">
          <params>
            <param index="0">
              <value>
                <![CDATA[chrome]]>
              </value>
            </param>
          </params>
          <reporter-output>
          </reporter-output>
        </test-method> <!-- setUp -->
        <test-method is-config="true" signature="initPage()[pri:0, instance:multibankDSTest.HomePageTest@69ee81fc]" started-at="2025-12-04T14:12:00 GST" name="initPage" finished-at="2025-12-04T14:12:00 GST" duration-ms="2" status="PASS">
          <reporter-output>
          </reporter-output>
        </test-method> <!-- initPage -->
        <test-method signature="NAV_002_TopNavigation_HoverAndHrefMapping()[pri:0, instance:multibankDSTest.HomePageTest@69ee81fc]" started-at="2025-12-04T14:12:00 GST" name="NAV_002_TopNavigation_HoverAndHrefMapping" finished-at="2025-12-04T14:12:03 GST" duration-ms="3125" status="FAIL">
          <exception class="java.lang.AssertionError">
            <message>
              <![CDATA[Href is null for menu: Trade expected object to not be null]]>
            </message>
            <full-stacktrace>
              <![CDATA[java.lang.AssertionError: Href is null for menu: Trade expected object to not be null
at org.testng.Assert.fail(Assert.java:111)
at org.testng.Assert.assertNotNull(Assert.java:1496)
at multibankDSTest.HomePageTest.NAV_002_TopNavigation_HoverAndHrefMapping(HomePageTest.java:155)
at java.base/jdk.internal.reflect.NativeMethodAccessorImpl.invoke0(Native Method)
at java.base/jdk.internal.reflect.NativeMethodAccessorImpl.invoke(NativeMethodAccessorImpl.java:77)
at java.base/jdk.internal.reflect.DelegatingMethodAccessorImpl.invoke(DelegatingMethodAccessorImpl.java:43)
at java.base/java.lang.reflect.Method.invoke(Method.java:568)
at org.testng.internal.invokers.MethodInvocationHelper.invokeMethod(MethodInvocationHelper.java:141)
at org.testng.internal.invokers.TestInvoker.invokeMethod(TestInvoker.java:687)
at org.testng.internal.invokers.TestInvoker.invokeTestMethod(TestInvoker.java:230)
at org.testng.internal.invokers.MethodRunner.runInSequence(MethodRunner.java:63)
at org.testng.internal.invokers.TestInvoker$MethodInvocationAgent.invoke(TestInvoker.java:995)
at org.testng.internal.invokers.TestInvoker.invokeTestMethods(TestInvoker.java:203)
at org.testng.internal.invokers.TestMethodWorker.invokeTestMethods(TestMethodWorker.java:154)
at org.testng.internal.invokers.TestMethodWorker.run(TestMethodWorker.java:134)
at java.base/java.util.ArrayList.forEach(ArrayList.java:1511)
at org.testng.TestRunner.privateRun(TestRunner.java:741)
at org.testng.TestRunner.run(TestRunner.java:616)
at org.testng.SuiteRunner.runTest(SuiteRunner.java:421)
at org.testng.SuiteRunner$SuiteWorker.run(SuiteRunner.java:463)
at org.testng.internal.thread.ThreadUtil.lambda$execute$0(ThreadUtil.java:64)
at java.base/java.util.concurrent.FutureTask.run(FutureTask.java:264)
at java.base/java.util.concurrent.ThreadPoolExecutor.runWorker(ThreadPoolExecutor.java:1136)
at java.base/java.util.concurrent.ThreadPoolExecutor$Worker.run(ThreadPoolExecutor.java:635)
at java.base/java.lang.Thread.run(Thread.java:833)
]]>
            </full-stacktrace>
          </exception> <!-- java.lang.AssertionError -->
          <reporter-output>
          </reporter-output>
        </test-method> <!-- NAV_002_TopNavigation_HoverAndHrefMapping -->
        <test-method is-config="true" signature="tearDown()[pri:0, instance:multibankDSTest.HomePageTest@69ee81fc]" started-at="2025-12-04T14:12:04 GST" name="tearDown" finished-at="2025-12-04T14:12:05 GST" duration-ms="649" status="PASS">
          <reporter-output>
          </reporter-output>
        </test-method> <!-- tearDown -->
        <test-method is-config="true" signature="setUp(java.lang.String)[pri:0, instance:multibankDSTest.HomePageTest@69ee81fc]" started-at="2025-12-04T14:12:05 GST" name="setUp" finished-at="2025-12-04T14:12:19 GST" duration-ms="14149" status="PASS">
          <params>
            <param index="0">
              <value>
                <![CDATA[chrome]]>
              </value>
            </param>
          </params>
          <reporter-output>
          </reporter-output>
        </test-method> <!-- setUp -->
        <test-method is-config="true" signature="initPage()[pri:0, instance:multibankDSTest.HomePageTest@69ee81fc]" started-at="2025-12-04T14:12:19 GST" name="initPage" finished-at="2025-12-04T14:12:19 GST" duration-ms="2" status="PASS">
          <reporter-output>
          </reporter-output>
        </test-method> <!-- initPage -->
        <test-method retried="true" signature="RETRY_001_demoRetryOnTransientFailure()[pri:0, instance:multibankDSTest.HomePageTest@69ee81fc]" started-at="2025-12-04T14:12:19 GST" name="RETRY_001_demoRetryOnTransientFailure" description="RETRY-001 demo: flaky-style test with retry" finished-at="2025-12-04T14:12:19 GST" duration-ms="7" status="SKIP">
          <exception class="java.lang.AssertionError">
            <message>
              <![CDATA[Simulated transient wait/timing failure on first run.]]>
            </message>
            <full-stacktrace>
              <![CDATA[java.lang.AssertionError: Simulated transient wait/timing failure on first run.
at org.testng.Assert.fail(Assert.java:111)
at multibankDSTest.HomePageTest.RETRY_001_demoRetryOnTransientFailure(HomePageTest.java:78)
at java.base/jdk.internal.reflect.NativeMethodAccessorImpl.invoke0(Native Method)
at java.base/jdk.internal.reflect.NativeMethodAccessorImpl.invoke(NativeMethodAccessorImpl.java:77)
at java.base/jdk.internal.reflect.DelegatingMethodAccessorImpl.invoke(DelegatingMethodAccessorImpl.java:43)
at java.base/java.lang.reflect.Method.invoke(Method.java:568)
at org.testng.internal.invokers.MethodInvocationHelper.invokeMethod(MethodInvocationHelper.java:141)
at org.testng.internal.invokers.TestInvoker.invokeMethod(TestInvoker.java:687)
at org.testng.internal.invokers.TestInvoker.invokeTestMethod(TestInvoker.java:230)
at org.testng.internal.invokers.MethodRunner.runInSequence(MethodRunner.java:63)
at org.testng.internal.invokers.TestInvoker$MethodInvocationAgent.invoke(TestInvoker.java:995)
at org.testng.internal.invokers.TestInvoker.invokeTestMethods(TestInvoker.java:203)
at org.testng.internal.invokers.TestMethodWorker.invokeTestMethods(TestMethodWorker.java:154)
at org.testng.internal.invokers.TestMethodWorker.run(TestMethodWorker.java:134)
at java.base/java.util.ArrayList.forEach(ArrayList.java:1511)
at org.testng.TestRunner.privateRun(TestRunner.java:741)
at org.testng.TestRunner.run(TestRunner.java:616)
at org.testng.SuiteRunner.runTest(SuiteRunner.java:421)
at org.testng.SuiteRunner$SuiteWorker.run(SuiteRunner.java:463)
at org.testng.internal.thread.ThreadUtil.lambda$execute$0(ThreadUtil.java:64)
at java.base/java.util.concurrent.FutureTask.run(FutureTask.java:264)
at java.base/java.util.concurrent.ThreadPoolExecutor.runWorker(ThreadPoolExecutor.java:1136)
at java.base/java.util.concurrent.ThreadPoolExecutor$Worker.run(ThreadPoolExecutor.java:635)
at java.base/java.lang.Thread.run(Thread.java:833)
]]>
            </full-stacktrace>
          </exception> <!-- java.lang.AssertionError -->
          <reporter-output>
          </reporter-output>
        </test-method> <!-- RETRY_001_demoRetryOnTransientFailure -->
        <test-method is-config="true" signature="tearDown()[pri:0, instance:multibankDSTest.HomePageTest@69ee81fc]" started-at="2025-12-04T14:12:19 GST" name="tearDown" finished-at="2025-12-04T14:12:20 GST" duration-ms="749" status="PASS">
          <reporter-output>
          </reporter-output>
        </test-method> <!-- tearDown -->
        <test-method is-config="true" signature="setUp(java.lang.String)[pri:0, instance:multibankDSTest.HomePageTest@69ee81fc]" started-at="2025-12-04T14:12:20 GST" name="setUp" finished-at="2025-12-04T14:12:24 GST" duration-ms="4390" status="PASS">
          <params>
            <param index="0">
              <value>
                <![CDATA[chrome]]>
              </value>
            </param>
          </params>
          <reporter-output>
          </reporter-output>
        </test-method> <!-- setUp -->
        <test-method is-config="true" signature="initPage()[pri:0, instance:multibankDSTest.HomePageTest@69ee81fc]" started-at="2025-12-04T14:12:24 GST" name="initPage" finished-at="2025-12-04T14:12:24 GST" duration-ms="2" status="PASS">
          <reporter-output>
          </reporter-output>
        </test-method> <!-- initPage -->
        <test-method signature="RETRY_001_demoRetryOnTransientFailure()[pri:0, instance:multibankDSTest.HomePageTest@69ee81fc]" started-at="2025-12-04T14:12:24 GST" name="RETRY_001_demoRetryOnTransientFailure" description="RETRY-001 demo: flaky-style test with retry" finished-at="2025-12-04T14:12:37 GST" duration-ms="13446" status="FAIL">
          <exception class="java.lang.AssertionError">
            <message>
              <![CDATA[Logo should be visible after retry. expected [true] but found [false]]]>
            </message>
            <full-stacktrace>
              <![CDATA[java.lang.AssertionError: Logo should be visible after retry. expected [true] but found [false]
at org.testng.Assert.fail(Assert.java:111)
at org.testng.Assert.failNotEquals(Assert.java:1590)
at org.testng.Assert.assertTrue(Assert.java:57)
at multibankDSTest.HomePageTest.RETRY_001_demoRetryOnTransientFailure(HomePageTest.java:82)
at java.base/jdk.internal.reflect.NativeMethodAccessorImpl.invoke0(Native Method)
at java.base/jdk.internal.reflect.NativeMethodAccessorImpl.invoke(NativeMethodAccessorImpl.java:77)
at java.base/jdk.internal.reflect.DelegatingMethodAccessorImpl.invoke(DelegatingMethodAccessorImpl.java:43)
at java.base/java.lang.reflect.Method.invoke(Method.java:568)
at org.testng.internal.invokers.MethodInvocationHelper.invokeMethod(MethodInvocationHelper.java:141)
at org.testng.internal.invokers.TestInvoker.invokeMethod(TestInvoker.java:687)
at org.testng.internal.invokers.TestInvoker.retryFailed(TestInvoker.java:269)
at org.testng.internal.invokers.MethodRunner.runInSequence(MethodRunner.java:76)
at org.testng.internal.invokers.TestInvoker$MethodInvocationAgent.invoke(TestInvoker.java:995)
at org.testng.internal.invokers.TestInvoker.invokeTestMethods(TestInvoker.java:203)
at org.testng.internal.invokers.TestMethodWorker.invokeTestMethods(TestMethodWorker.java:154)
at org.testng.internal.invokers.TestMethodWorker.run(TestMethodWorker.java:134)
at java.base/java.util.ArrayList.forEach(ArrayList.java:1511)
at org.testng.TestRunner.privateRun(TestRunner.java:741)
at org.testng.TestRunner.run(TestRunner.java:616)
at org.testng.SuiteRunner.runTest(SuiteRunner.java:421)
at org.testng.SuiteRunner$SuiteWorker.run(SuiteRunner.java:463)
at org.testng.internal.thread.ThreadUtil.lambda$execute$0(ThreadUtil.java:64)
at java.base/java.util.concurrent.FutureTask.run(FutureTask.java:264)
at java.base/java.util.concurrent.ThreadPoolExecutor.runWorker(ThreadPoolExecutor.java:1136)
at java.base/java.util.concurrent.ThreadPoolExecutor$Worker.run(ThreadPoolExecutor.java:635)
at java.base/java.lang.Thread.run(Thread.java:833)
]]>
            </full-stacktrace>
          </exception> <!-- java.lang.AssertionError -->
          <reporter-output>
          </reporter-output>
        </test-method> <!-- RETRY_001_demoRetryOnTransientFailure -->
        <test-method is-config="true" signature="tearDown()[pri:0, instance:multibankDSTest.HomePageTest@69ee81fc]" started-at="2025-12-04T14:12:38 GST" name="tearDown" finished-at="2025-12-04T14:12:40 GST" duration-ms="1127" status="PASS">
          <reporter-output>
          </reporter-output>
        </test-method> <!-- tearDown -->
      </class> <!-- multibankDSTest.HomePageTest -->
    </test> <!-- Chrome_AllTests -->
    <test started-at="2025-12-04T14:08:23 GST" name="Firefox_AllTests" finished-at="2025-12-04T14:14:55 GST" duration-ms="392443">
      <class name="multibankDSTest.WhyMultiLinkPageTest">
        <test-method is-config="true" signature="setUp(java.lang.String)[pri:0, instance:multibankDSTest.WhyMultiLinkPageTest@dc9876b]" started-at="2025-12-04T14:08:23 GST" name="setUp" finished-at="2025-12-04T14:08:34 GST" duration-ms="11671" status="PASS">
          <params>
            <param index="0">
              <value>
                <![CDATA[firefox]]>
              </value>
            </param>
          </params>
          <reporter-output>
          </reporter-output>
        </test-method> <!-- setUp -->
        <test-method is-config="true" signature="navigateToWhyMultiLink()[pri:0, instance:multibankDSTest.WhyMultiLinkPageTest@dc9876b]" started-at="2025-12-04T14:08:34 GST" name="navigateToWhyMultiLink" finished-at="2025-12-04T14:08:39 GST" duration-ms="4773" status="PASS">
          <reporter-output>
          </reporter-output>
        </test-method> <!-- navigateToWhyMultiLink -->
        <test-method signature="ABOUT_001_verifyAllComponentsVisible()[pri:0, instance:multibankDSTest.WhyMultiLinkPageTest@dc9876b]" started-at="2025-12-04T14:08:39 GST" name="ABOUT_001_verifyAllComponentsVisible" finished-at="2025-12-04T14:09:14 GST" duration-ms="34563" status="FAIL">
          <exception class="java.lang.AssertionError">
            <message>
              <![CDATA[Some Why MultiLink components are not visible. expected [true] but found [false]]]>
            </message>
            <full-stacktrace>
              <![CDATA[java.lang.AssertionError: Some Why MultiLink components are not visible. expected [true] but found [false]
at org.testng.Assert.fail(Assert.java:111)
at org.testng.Assert.failNotEquals(Assert.java:1590)
at org.testng.Assert.assertTrue(Assert.java:57)
at multibankDSTest.WhyMultiLinkPageTest.ABOUT_001_verifyAllComponentsVisible(WhyMultiLinkPageTest.java:73)
at java.base/jdk.internal.reflect.NativeMethodAccessorImpl.invoke0(Native Method)
at java.base/jdk.internal.reflect.NativeMethodAccessorImpl.invoke(NativeMethodAccessorImpl.java:77)
at java.base/jdk.internal.reflect.DelegatingMethodAccessorImpl.invoke(DelegatingMethodAccessorImpl.java:43)
at java.base/java.lang.reflect.Method.invoke(Method.java:568)
at org.testng.internal.invokers.MethodInvocationHelper.invokeMethod(MethodInvocationHelper.java:141)
at org.testng.internal.invokers.TestInvoker.invokeMethod(TestInvoker.java:687)
at org.testng.internal.invokers.TestInvoker.invokeTestMethod(TestInvoker.java:230)
at org.testng.internal.invokers.MethodRunner.runInSequence(MethodRunner.java:63)
at org.testng.internal.invokers.TestInvoker$MethodInvocationAgent.invoke(TestInvoker.java:995)
at org.testng.internal.invokers.TestInvoker.invokeTestMethods(TestInvoker.java:203)
at org.testng.internal.invokers.TestMethodWorker.invokeTestMethods(TestMethodWorker.java:154)
at org.testng.internal.invokers.TestMethodWorker.run(TestMethodWorker.java:134)
at java.base/java.util.ArrayList.forEach(ArrayList.java:1511)
at org.testng.TestRunner.privateRun(TestRunner.java:741)
at org.testng.TestRunner.run(TestRunner.java:616)
at org.testng.SuiteRunner.runTest(SuiteRunner.java:421)
at org.testng.SuiteRunner$SuiteWorker.run(SuiteRunner.java:463)
at org.testng.internal.thread.ThreadUtil.lambda$execute$0(ThreadUtil.java:64)
at java.base/java.util.concurrent.FutureTask.run(FutureTask.java:264)
at java.base/java.util.concurrent.ThreadPoolExecutor.runWorker(ThreadPoolExecutor.java:1136)
at java.base/java.util.concurrent.ThreadPoolExecutor$Worker.run(ThreadPoolExecutor.java:635)
at java.base/java.lang.Thread.run(Thread.java:833)
]]>
            </full-stacktrace>
          </exception> <!-- java.lang.AssertionError -->
          <reporter-output>
          </reporter-output>
        </test-method> <!-- ABOUT_001_verifyAllComponentsVisible -->
        <test-method is-config="true" signature="tearDown()[pri:0, instance:multibankDSTest.WhyMultiLinkPageTest@dc9876b]" started-at="2025-12-04T14:09:14 GST" name="tearDown" finished-at="2025-12-04T14:09:18 GST" duration-ms="3907" status="PASS">
          <reporter-output>
          </reporter-output>
        </test-method> <!-- tearDown -->
        <test-method is-config="true" signature="setUp(java.lang.String)[pri:0, instance:multibankDSTest.WhyMultiLinkPageTest@dc9876b]" started-at="2025-12-04T14:09:18 GST" name="setUp" finished-at="2025-12-04T14:09:35 GST" duration-ms="16986" status="PASS">
          <params>
            <param index="0">
              <value>
                <![CDATA[firefox]]>
              </value>
            </param>
          </params>
          <reporter-output>
          </reporter-output>
        </test-method> <!-- setUp -->
        <test-method is-config="true" signature="navigateToWhyMultiLink()[pri:0, instance:multibankDSTest.WhyMultiLinkPageTest@dc9876b]" started-at="2025-12-04T14:09:35 GST" name="navigateToWhyMultiLink" finished-at="2025-12-04T14:09:42 GST" duration-ms="6789" status="PASS">
          <reporter-output>
          </reporter-output>
        </test-method> <!-- navigateToWhyMultiLink -->
        <test-method signature="ABOUT_002_verifyTextsAgainstJson()[pri:0, instance:multibankDSTest.WhyMultiLinkPageTest@dc9876b]" started-at="2025-12-04T14:09:42 GST" name="ABOUT_002_verifyTextsAgainstJson" finished-at="2025-12-04T14:09:55 GST" duration-ms="12868" status="PASS">
          <reporter-output>
          </reporter-output>
        </test-method> <!-- ABOUT_002_verifyTextsAgainstJson -->
        <test-method is-config="true" signature="tearDown()[pri:0, instance:multibankDSTest.WhyMultiLinkPageTest@dc9876b]" started-at="2025-12-04T14:09:55 GST" name="tearDown" finished-at="2025-12-04T14:09:59 GST" duration-ms="3962" status="PASS">
          <reporter-output>
          </reporter-output>
        </test-method> <!-- tearDown -->
      </class> <!-- multibankDSTest.WhyMultiLinkPageTest -->
      <class name="multibankDSTest.SpotSectionTest">
        <test-method is-config="true" signature="setUp(java.lang.String)[pri:0, instance:multibankDSTest.SpotSectionTest@471a9022]" started-at="2025-12-04T14:13:06 GST" name="setUp" finished-at="2025-12-04T14:13:22 GST" duration-ms="16072" status="PASS">
          <params>
            <param index="0">
              <value>
                <![CDATA[firefox]]>
              </value>
            </param>
          </params>
          <reporter-output>
          </reporter-output>
        </test-method> <!-- setUp -->
        <test-method is-config="true" signature="initPage()[pri:0, instance:multibankDSTest.SpotSectionTest@471a9022]" started-at="2025-12-04T14:13:22 GST" name="initPage" finished-at="2025-12-04T14:13:22 GST" duration-ms="12" status="PASS">
          <reporter-output>
          </reporter-output>
        </test-method> <!-- initPage -->
        <test-method signature="verifySpotCategoriesHaveTradingPairs()[pri:1, instance:multibankDSTest.SpotSectionTest@471a9022]" started-at="2025-12-04T14:13:22 GST" name="verifySpotCategoriesHaveTradingPairs" description="SPOT-001: Verify each Spot category has at least one trading pair" finished-at="2025-12-04T14:14:15 GST" duration-ms="53632" status="PASS">
          <reporter-output>
          </reporter-output>
        </test-method> <!-- verifySpotCategoriesHaveTradingPairs -->
        <test-method is-config="true" signature="tearDown()[pri:0, instance:multibankDSTest.SpotSectionTest@471a9022]" started-at="2025-12-04T14:14:15 GST" name="tearDown" finished-at="2025-12-04T14:14:18 GST" duration-ms="2378" status="PASS">
          <reporter-output>
          </reporter-output>
        </test-method> <!-- tearDown -->
        <test-method is-config="true" signature="setUp(java.lang.String)[pri:0, instance:multibankDSTest.SpotSectionTest@471a9022]" started-at="2025-12-04T14:14:18 GST" name="setUp" finished-at="2025-12-04T14:14:32 GST" duration-ms="14576" status="PASS">
          <params>
            <param index="0">
              <value>
                <![CDATA[firefox]]>
              </value>
            </param>
          </params>
          <reporter-output>
          </reporter-output>
        </test-method> <!-- setUp -->
        <test-method is-config="true" signature="initPage()[pri:0, instance:multibankDSTest.SpotSectionTest@471a9022]" started-at="2025-12-04T14:14:32 GST" name="initPage" finished-at="2025-12-04T14:14:32 GST" duration-ms="2" status="PASS">
          <reporter-output>
          </reporter-output>
        </test-method> <!-- initPage -->
        <test-method signature="verifySpotTableStructureAndData()[pri:2, instance:multibankDSTest.SpotSectionTest@471a9022]" started-at="2025-12-04T14:14:32 GST" name="verifySpotTableStructureAndData" description="SPOT-002: Validate Spot table structure and data" finished-at="2025-12-04T14:14:37 GST" duration-ms="4958" status="PASS">
          <reporter-output>
          </reporter-output>
        </test-method> <!-- verifySpotTableStructureAndData -->
        <test-method is-config="true" signature="tearDown()[pri:0, instance:multibankDSTest.SpotSectionTest@471a9022]" started-at="2025-12-04T14:14:37 GST" name="tearDown" finished-at="2025-12-04T14:14:39 GST" duration-ms="2218" status="PASS">
          <reporter-output>
          </reporter-output>
        </test-method> <!-- tearDown -->
        <test-method is-config="true" signature="setUp(java.lang.String)[pri:0, instance:multibankDSTest.SpotSectionTest@471a9022]" started-at="2025-12-04T14:14:39 GST" name="setUp" finished-at="2025-12-04T14:14:51 GST" duration-ms="11999" status="PASS">
          <params>
            <param index="0">
              <value>
                <![CDATA[firefox]]>
              </value>
            </param>
          </params>
          <reporter-output>
          </reporter-output>
        </test-method> <!-- setUp -->
        <test-method is-config="true" signature="initPage()[pri:0, instance:multibankDSTest.SpotSectionTest@471a9022]" started-at="2025-12-04T14:14:51 GST" name="initPage" finished-at="2025-12-04T14:14:51 GST" duration-ms="1" status="PASS">
          <reporter-output>
          </reporter-output>
        </test-method> <!-- initPage -->
        <test-method signature="verifySpotHeaderValidationFailsForWrongSpec()[pri:3, instance:multibankDSTest.SpotSectionTest@471a9022]" started-at="2025-12-04T14:14:51 GST" name="verifySpotHeaderValidationFailsForWrongSpec" description="Negative: header validation should fail for wrong spec" finished-at="2025-12-04T14:14:52 GST" duration-ms="743" status="PASS">
          <exception class="java.lang.AssertionError">
            <message>
              <![CDATA[Validation should fail for incorrect header spec but it passed. expected [true] but found [false]]]>
            </message>
            <full-stacktrace>
              <![CDATA[java.lang.AssertionError: Validation should fail for incorrect header spec but it passed. expected [true] but found [false]
at org.testng.Assert.fail(Assert.java:111)
at org.testng.Assert.failNotEquals(Assert.java:1590)
at org.testng.Assert.assertTrue(Assert.java:57)
at multibankDSTest.SpotSectionTest.verifySpotHeaderValidationFailsForWrongSpec(SpotSectionTest.java:197)
at java.base/jdk.internal.reflect.NativeMethodAccessorImpl.invoke0(Native Method)
at java.base/jdk.internal.reflect.NativeMethodAccessorImpl.invoke(NativeMethodAccessorImpl.java:77)
at java.base/jdk.internal.reflect.DelegatingMethodAccessorImpl.invoke(DelegatingMethodAccessorImpl.java:43)
at java.base/java.lang.reflect.Method.invoke(Method.java:568)
at org.testng.internal.invokers.MethodInvocationHelper.invokeMethod(MethodInvocationHelper.java:141)
at org.testng.internal.invokers.TestInvoker.invokeMethod(TestInvoker.java:687)
at org.testng.internal.invokers.TestInvoker.invokeTestMethod(TestInvoker.java:230)
at org.testng.internal.invokers.MethodRunner.runInSequence(MethodRunner.java:63)
at org.testng.internal.invokers.TestInvoker$MethodInvocationAgent.invoke(TestInvoker.java:995)
at org.testng.internal.invokers.TestInvoker.invokeTestMethods(TestInvoker.java:203)
at org.testng.internal.invokers.TestMethodWorker.invokeTestMethods(TestMethodWorker.java:154)
at org.testng.internal.invokers.TestMethodWorker.run(TestMethodWorker.java:134)
at java.base/java.util.ArrayList.forEach(ArrayList.java:1511)
at org.testng.TestRunner.privateRun(TestRunner.java:741)
at org.testng.TestRunner.run(TestRunner.java:616)
at org.testng.SuiteRunner.runTest(SuiteRunner.java:421)
at org.testng.SuiteRunner$SuiteWorker.run(SuiteRunner.java:463)
at org.testng.internal.thread.ThreadUtil.lambda$execute$0(ThreadUtil.java:64)
at java.base/java.util.concurrent.FutureTask.run(FutureTask.java:264)
at java.base/java.util.concurrent.ThreadPoolExecutor.runWorker(ThreadPoolExecutor.java:1136)
at java.base/java.util.concurrent.ThreadPoolExecutor$Worker.run(ThreadPoolExecutor.java:635)
at java.base/java.lang.Thread.run(Thread.java:833)
]]>
            </full-stacktrace>
          </exception> <!-- java.lang.AssertionError -->
          <reporter-output>
          </reporter-output>
        </test-method> <!-- verifySpotHeaderValidationFailsForWrongSpec -->
        <test-method is-config="true" signature="tearDown()[pri:0, instance:multibankDSTest.SpotSectionTest@471a9022]" started-at="2025-12-04T14:14:52 GST" name="tearDown" finished-at="2025-12-04T14:14:55 GST" duration-ms="2944" status="PASS">
          <reporter-output>
          </reporter-output>
        </test-method> <!-- tearDown -->
      </class> <!-- multibankDSTest.SpotSectionTest -->
      <class name="multibankDSTest.HomePageTest">
        <test-method is-config="true" signature="setUp(java.lang.String)[pri:0, instance:multibankDSTest.HomePageTest@15f47664]" started-at="2025-12-04T14:09:59 GST" name="setUp" finished-at="2025-12-04T14:10:14 GST" duration-ms="15153" status="PASS">
          <params>
            <param index="0">
              <value>
                <![CDATA[firefox]]>
              </value>
            </param>
          </params>
          <reporter-output>
          </reporter-output>
        </test-method> <!-- setUp -->
        <test-method is-config="true" signature="initPage()[pri:0, instance:multibankDSTest.HomePageTest@15f47664]" started-at="2025-12-04T14:10:14 GST" name="initPage" finished-at="2025-12-04T14:10:14 GST" duration-ms="2" status="PASS">
          <reporter-output>
          </reporter-output>
        </test-method> <!-- initPage -->
        <test-method signature="APP_001_AppleAppStoreLink_NavigatesToCorrectPage()[pri:0, instance:multibankDSTest.HomePageTest@15f47664]" started-at="2025-12-04T14:10:14 GST" name="APP_001_AppleAppStoreLink_NavigatesToCorrectPage" finished-at="2025-12-04T14:10:20 GST" duration-ms="5663" status="FAIL">
          <exception class="java.lang.AssertionError">
            <message>
              <![CDATA[Apple Store URL does not look correct: about:blank expected [true] but found [false]]]>
            </message>
            <full-stacktrace>
              <![CDATA[java.lang.AssertionError: Apple Store URL does not look correct: about:blank expected [true] but found [false]
at org.testng.Assert.fail(Assert.java:111)
at org.testng.Assert.failNotEquals(Assert.java:1590)
at org.testng.Assert.assertTrue(Assert.java:57)
at multibankDSTest.HomePageTest.APP_001_AppleAppStoreLink_NavigatesToCorrectPage(HomePageTest.java:225)
at java.base/jdk.internal.reflect.NativeMethodAccessorImpl.invoke0(Native Method)
at java.base/jdk.internal.reflect.NativeMethodAccessorImpl.invoke(NativeMethodAccessorImpl.java:77)
at java.base/jdk.internal.reflect.DelegatingMethodAccessorImpl.invoke(DelegatingMethodAccessorImpl.java:43)
at java.base/java.lang.reflect.Method.invoke(Method.java:568)
at org.testng.internal.invokers.MethodInvocationHelper.invokeMethod(MethodInvocationHelper.java:141)
at org.testng.internal.invokers.TestInvoker.invokeMethod(TestInvoker.java:687)
at org.testng.internal.invokers.TestInvoker.invokeTestMethod(TestInvoker.java:230)
at org.testng.internal.invokers.MethodRunner.runInSequence(MethodRunner.java:63)
at org.testng.internal.invokers.TestInvoker$MethodInvocationAgent.invoke(TestInvoker.java:995)
at org.testng.internal.invokers.TestInvoker.invokeTestMethods(TestInvoker.java:203)
at org.testng.internal.invokers.TestMethodWorker.invokeTestMethods(TestMethodWorker.java:154)
at org.testng.internal.invokers.TestMethodWorker.run(TestMethodWorker.java:134)
at java.base/java.util.ArrayList.forEach(ArrayList.java:1511)
at org.testng.TestRunner.privateRun(TestRunner.java:741)
at org.testng.TestRunner.run(TestRunner.java:616)
at org.testng.SuiteRunner.runTest(SuiteRunner.java:421)
at org.testng.SuiteRunner$SuiteWorker.run(SuiteRunner.java:463)
at org.testng.internal.thread.ThreadUtil.lambda$execute$0(ThreadUtil.java:64)
at java.base/java.util.concurrent.FutureTask.run(FutureTask.java:264)
at java.base/java.util.concurrent.ThreadPoolExecutor.runWorker(ThreadPoolExecutor.java:1136)
at java.base/java.util.concurrent.ThreadPoolExecutor$Worker.run(ThreadPoolExecutor.java:635)
at java.base/java.lang.Thread.run(Thread.java:833)
]]>
            </full-stacktrace>
          </exception> <!-- java.lang.AssertionError -->
          <reporter-output>
          </reporter-output>
        </test-method> <!-- APP_001_AppleAppStoreLink_NavigatesToCorrectPage -->
        <test-method is-config="true" signature="tearDown()[pri:0, instance:multibankDSTest.HomePageTest@15f47664]" started-at="2025-12-04T14:10:20 GST" name="tearDown" finished-at="2025-12-04T14:10:23 GST" duration-ms="3016" status="PASS">
          <reporter-output>
          </reporter-output>
        </test-method> <!-- tearDown -->
        <test-method is-config="true" signature="setUp(java.lang.String)[pri:0, instance:multibankDSTest.HomePageTest@15f47664]" started-at="2025-12-04T14:10:23 GST" name="setUp" finished-at="2025-12-04T14:10:40 GST" duration-ms="16444" status="PASS">
          <params>
            <param index="0">
              <value>
                <![CDATA[firefox]]>
              </value>
            </param>
          </params>
          <reporter-output>
          </reporter-output>
        </test-method> <!-- setUp -->
        <test-method is-config="true" signature="initPage()[pri:0, instance:multibankDSTest.HomePageTest@15f47664]" started-at="2025-12-04T14:10:40 GST" name="initPage" finished-at="2025-12-04T14:10:40 GST" duration-ms="14" status="PASS">
          <reporter-output>
          </reporter-output>
        </test-method> <!-- initPage -->
        <test-method signature="APP_002_GooglePlayLink_NavigatesToCorrectPage()[pri:0, instance:multibankDSTest.HomePageTest@15f47664]" started-at="2025-12-04T14:10:40 GST" name="APP_002_GooglePlayLink_NavigatesToCorrectPage" finished-at="2025-12-04T14:10:48 GST" duration-ms="8237" status="FAIL">
          <exception class="java.lang.AssertionError">
            <message>
              <![CDATA[Google Play URL does not look correct: about:blank expected [true] but found [false]]]>
            </message>
            <full-stacktrace>
              <![CDATA[java.lang.AssertionError: Google Play URL does not look correct: about:blank expected [true] but found [false]
at org.testng.Assert.fail(Assert.java:111)
at org.testng.Assert.failNotEquals(Assert.java:1590)
at org.testng.Assert.assertTrue(Assert.java:57)
at multibankDSTest.HomePageTest.APP_002_GooglePlayLink_NavigatesToCorrectPage(HomePageTest.java:268)
at java.base/jdk.internal.reflect.NativeMethodAccessorImpl.invoke0(Native Method)
at java.base/jdk.internal.reflect.NativeMethodAccessorImpl.invoke(NativeMethodAccessorImpl.java:77)
at java.base/jdk.internal.reflect.DelegatingMethodAccessorImpl.invoke(DelegatingMethodAccessorImpl.java:43)
at java.base/java.lang.reflect.Method.invoke(Method.java:568)
at org.testng.internal.invokers.MethodInvocationHelper.invokeMethod(MethodInvocationHelper.java:141)
at org.testng.internal.invokers.TestInvoker.invokeMethod(TestInvoker.java:687)
at org.testng.internal.invokers.TestInvoker.invokeTestMethod(TestInvoker.java:230)
at org.testng.internal.invokers.MethodRunner.runInSequence(MethodRunner.java:63)
at org.testng.internal.invokers.TestInvoker$MethodInvocationAgent.invoke(TestInvoker.java:995)
at org.testng.internal.invokers.TestInvoker.invokeTestMethods(TestInvoker.java:203)
at org.testng.internal.invokers.TestMethodWorker.invokeTestMethods(TestMethodWorker.java:154)
at org.testng.internal.invokers.TestMethodWorker.run(TestMethodWorker.java:134)
at java.base/java.util.ArrayList.forEach(ArrayList.java:1511)
at org.testng.TestRunner.privateRun(TestRunner.java:741)
at org.testng.TestRunner.run(TestRunner.java:616)
at org.testng.SuiteRunner.runTest(SuiteRunner.java:421)
at org.testng.SuiteRunner$SuiteWorker.run(SuiteRunner.java:463)
at org.testng.internal.thread.ThreadUtil.lambda$execute$0(ThreadUtil.java:64)
at java.base/java.util.concurrent.FutureTask.run(FutureTask.java:264)
at java.base/java.util.concurrent.ThreadPoolExecutor.runWorker(ThreadPoolExecutor.java:1136)
at java.base/java.util.concurrent.ThreadPoolExecutor$Worker.run(ThreadPoolExecutor.java:635)
at java.base/java.lang.Thread.run(Thread.java:833)
]]>
            </full-stacktrace>
          </exception> <!-- java.lang.AssertionError -->
          <reporter-output>
          </reporter-output>
        </test-method> <!-- APP_002_GooglePlayLink_NavigatesToCorrectPage -->
        <test-method is-config="true" signature="tearDown()[pri:0, instance:multibankDSTest.HomePageTest@15f47664]" started-at="2025-12-04T14:10:48 GST" name="tearDown" finished-at="2025-12-04T14:10:51 GST" duration-ms="3230" status="PASS">
          <reporter-output>
          </reporter-output>
        </test-method> <!-- tearDown -->
        <test-method is-config="true" signature="setUp(java.lang.String)[pri:0, instance:multibankDSTest.HomePageTest@15f47664]" started-at="2025-12-04T14:10:51 GST" name="setUp" finished-at="2025-12-04T14:11:14 GST" duration-ms="23218" status="PASS">
          <params>
            <param index="0">
              <value>
                <![CDATA[firefox]]>
              </value>
            </param>
          </params>
          <reporter-output>
          </reporter-output>
        </test-method> <!-- setUp -->
        <test-method is-config="true" signature="initPage()[pri:0, instance:multibankDSTest.HomePageTest@15f47664]" started-at="2025-12-04T14:11:14 GST" name="initPage" finished-at="2025-12-04T14:11:14 GST" duration-ms="7" status="PASS">
          <reporter-output>
          </reporter-output>
        </test-method> <!-- initPage -->
        <test-method signature="FOOT_001_MarketBanner_VisibleAndHasTexts()[pri:0, instance:multibankDSTest.HomePageTest@15f47664]" started-at="2025-12-04T14:11:14 GST" name="FOOT_001_MarketBanner_VisibleAndHasTexts" finished-at="2025-12-04T14:11:32 GST" duration-ms="18030" status="PASS">
          <reporter-output>
          </reporter-output>
        </test-method> <!-- FOOT_001_MarketBanner_VisibleAndHasTexts -->
        <test-method is-config="true" signature="tearDown()[pri:0, instance:multibankDSTest.HomePageTest@15f47664]" started-at="2025-12-04T14:11:32 GST" name="tearDown" finished-at="2025-12-04T14:11:38 GST" duration-ms="5217" status="PASS">
          <reporter-output>
          </reporter-output>
        </test-method> <!-- tearDown -->
        <test-method is-config="true" signature="setUp(java.lang.String)[pri:0, instance:multibankDSTest.HomePageTest@15f47664]" started-at="2025-12-04T14:11:38 GST" name="setUp" finished-at="2025-12-04T14:11:58 GST" duration-ms="20723" status="PASS">
          <params>
            <param index="0">
              <value>
                <![CDATA[firefox]]>
              </value>
            </param>
          </params>
          <reporter-output>
          </reporter-output>
        </test-method> <!-- setUp -->
        <test-method is-config="true" signature="initPage()[pri:0, instance:multibankDSTest.HomePageTest@15f47664]" started-at="2025-12-04T14:11:58 GST" name="initPage" finished-at="2025-12-04T14:11:58 GST" duration-ms="3" status="PASS">
          <reporter-output>
          </reporter-output>
        </test-method> <!-- initPage -->
        <test-method signature="NAV_001_TopNavigation_HeaderAndNavVisible()[pri:0, instance:multibankDSTest.HomePageTest@15f47664]" started-at="2025-12-04T14:11:58 GST" name="NAV_001_TopNavigation_HeaderAndNavVisible" finished-at="2025-12-04T14:12:01 GST" duration-ms="2562" status="PASS">
          <reporter-output>
          </reporter-output>
        </test-method> <!-- NAV_001_TopNavigation_HeaderAndNavVisible -->
        <test-method is-config="true" signature="tearDown()[pri:0, instance:multibankDSTest.HomePageTest@15f47664]" started-at="2025-12-04T14:12:01 GST" name="tearDown" finished-at="2025-12-04T14:12:05 GST" duration-ms="3668" status="PASS">
          <reporter-output>
          </reporter-output>
        </test-method> <!-- tearDown -->
        <test-method is-config="true" signature="setUp(java.lang.String)[pri:0, instance:multibankDSTest.HomePageTest@15f47664]" started-at="2025-12-04T14:12:05 GST" name="setUp" finished-at="2025-12-04T14:12:25 GST" duration-ms="20126" status="PASS">
          <params>
            <param index="0">
              <value>
                <![CDATA[firefox]]>
              </value>
            </param>
          </params>
          <reporter-output>
          </reporter-output>
        </test-method> <!-- setUp -->
        <test-method is-config="true" signature="initPage()[pri:0, instance:multibankDSTest.HomePageTest@15f47664]" started-at="2025-12-04T14:12:25 GST" name="initPage" finished-at="2025-12-04T14:12:25 GST" duration-ms="2" status="PASS">
          <reporter-output>
          </reporter-output>
        </test-method> <!-- initPage -->
        <test-method signature="NAV_002_TopNavigation_HoverAndHrefMapping()[pri:0, instance:multibankDSTest.HomePageTest@15f47664]" started-at="2025-12-04T14:12:25 GST" name="NAV_002_TopNavigation_HoverAndHrefMapping" finished-at="2025-12-04T14:12:29 GST" duration-ms="3889" status="FAIL">
          <exception class="java.lang.AssertionError">
            <message>
              <![CDATA[Href is null for menu: Trade expected object to not be null]]>
            </message>
            <full-stacktrace>
              <![CDATA[java.lang.AssertionError: Href is null for menu: Trade expected object to not be null
at org.testng.Assert.fail(Assert.java:111)
at org.testng.Assert.assertNotNull(Assert.java:1496)
at multibankDSTest.HomePageTest.NAV_002_TopNavigation_HoverAndHrefMapping(HomePageTest.java:155)
at java.base/jdk.internal.reflect.NativeMethodAccessorImpl.invoke0(Native Method)
at java.base/jdk.internal.reflect.NativeMethodAccessorImpl.invoke(NativeMethodAccessorImpl.java:77)
at java.base/jdk.internal.reflect.DelegatingMethodAccessorImpl.invoke(DelegatingMethodAccessorImpl.java:43)
at java.base/java.lang.reflect.Method.invoke(Method.java:568)
at org.testng.internal.invokers.MethodInvocationHelper.invokeMethod(MethodInvocationHelper.java:141)
at org.testng.internal.invokers.TestInvoker.invokeMethod(TestInvoker.java:687)
at org.testng.internal.invokers.TestInvoker.invokeTestMethod(TestInvoker.java:230)
at org.testng.internal.invokers.MethodRunner.runInSequence(MethodRunner.java:63)
at org.testng.internal.invokers.TestInvoker$MethodInvocationAgent.invoke(TestInvoker.java:995)
at org.testng.internal.invokers.TestInvoker.invokeTestMethods(TestInvoker.java:203)
at org.testng.internal.invokers.TestMethodWorker.invokeTestMethods(TestMethodWorker.java:154)
at org.testng.internal.invokers.TestMethodWorker.run(TestMethodWorker.java:134)
at java.base/java.util.ArrayList.forEach(ArrayList.java:1511)
at org.testng.TestRunner.privateRun(TestRunner.java:741)
at org.testng.TestRunner.run(TestRunner.java:616)
at org.testng.SuiteRunner.runTest(SuiteRunner.java:421)
at org.testng.SuiteRunner$SuiteWorker.run(SuiteRunner.java:463)
at org.testng.internal.thread.ThreadUtil.lambda$execute$0(ThreadUtil.java:64)
at java.base/java.util.concurrent.FutureTask.run(FutureTask.java:264)
at java.base/java.util.concurrent.ThreadPoolExecutor.runWorker(ThreadPoolExecutor.java:1136)
at java.base/java.util.concurrent.ThreadPoolExecutor$Worker.run(ThreadPoolExecutor.java:635)
at java.base/java.lang.Thread.run(Thread.java:833)
]]>
            </full-stacktrace>
          </exception> <!-- java.lang.AssertionError -->
          <reporter-output>
          </reporter-output>
        </test-method> <!-- NAV_002_TopNavigation_HoverAndHrefMapping -->
        <test-method is-config="true" signature="tearDown()[pri:0, instance:multibankDSTest.HomePageTest@15f47664]" started-at="2025-12-04T14:12:30 GST" name="tearDown" finished-at="2025-12-04T14:12:36 GST" duration-ms="6022" status="PASS">
          <reporter-output>
          </reporter-output>
        </test-method> <!-- tearDown -->
        <test-method is-config="true" signature="setUp(java.lang.String)[pri:0, instance:multibankDSTest.HomePageTest@15f47664]" started-at="2025-12-04T14:12:36 GST" name="setUp" finished-at="2025-12-04T14:12:59 GST" duration-ms="22878" status="PASS">
          <params>
            <param index="0">
              <value>
                <![CDATA[firefox]]>
              </value>
            </param>
          </params>
          <reporter-output>
          </reporter-output>
        </test-method> <!-- setUp -->
        <test-method is-config="true" signature="initPage()[pri:0, instance:multibankDSTest.HomePageTest@15f47664]" started-at="2025-12-04T14:12:59 GST" name="initPage" finished-at="2025-12-04T14:12:59 GST" duration-ms="1" status="PASS">
          <reporter-output>
          </reporter-output>
        </test-method> <!-- initPage -->
        <test-method signature="RETRY_001_demoRetryOnTransientFailure()[pri:0, instance:multibankDSTest.HomePageTest@15f47664]" started-at="2025-12-04T14:12:59 GST" name="RETRY_001_demoRetryOnTransientFailure" description="RETRY-001 demo: flaky-style test with retry" finished-at="2025-12-04T14:13:00 GST" duration-ms="1823" status="PASS">
          <reporter-output>
          </reporter-output>
        </test-method> <!-- RETRY_001_demoRetryOnTransientFailure -->
        <test-method is-config="true" signature="tearDown()[pri:0, instance:multibankDSTest.HomePageTest@15f47664]" started-at="2025-12-04T14:13:00 GST" name="tearDown" finished-at="2025-12-04T14:13:06 GST" duration-ms="5228" status="PASS">
          <reporter-output>
          </reporter-output>
        </test-method> <!-- tearDown -->
      </class> <!-- multibankDSTest.HomePageTest -->
    </test> <!-- Firefox_AllTests -->
  </suite> <!-- XBR-001 CrossBrowser Full Suite -->
</testng-results>
