<?xml version="1.0" encoding="UTF-8"?>
<!-- Generated by org.testng.reporters.JUnitReportReporter -->
<testsuite hostname="Pheonix" failures="0" tests="6" name="multibankDSTest.SpotSectionTest" time="207.868" errors="0" timestamp="2025-12-03T19:10:29 GST" skipped="0">
  <testcase classname="multibankDSTest.SpotSectionTest" name="verifySpotCategoriesHaveTradingPairs" time="55.352"/>
  <testcase classname="multibankDSTest.SpotSectionTest" name="verifySpotCategoriesHaveTradingPairs" time="52.852"/>
  <testcase classname="multibankDSTest.SpotSectionTest" name="verifySpotTableStructureAndData" time="31.094"/>
  <testcase classname="multibankDSTest.SpotSectionTest" name="verifySpotTableStructureAndData" time="28.167"/>
  <testcase classname="multibankDSTest.SpotSectionTest" name="verifySpotHeaderValidationFailsForWrongSpec" time="24.426"/>
  <testcase classname="multibankDSTest.SpotSectionTest" name="verifySpotHeaderValidationFailsForWrongSpec" time="15.977"/>
</testsuite> <!-- multibankDSTest.SpotSectionTest -->
