<?xml version="1.0" encoding="UTF-8"?>
<!-- Generated by org.testng.reporters.JUnitReportReporter -->
<testsuite hostname="Pheonix" failures="2" tests="4" name="multibankDSTest.WhyMultiLinkPageTest" time="270.349" errors="0" timestamp="2025-12-03T19:10:29 GST" skipped="0">
  <testcase classname="multibankDSTest.WhyMultiLinkPageTest" name="ABOUT_001_verifyAllComponentsVisible" time="70.444"/>
  <testcase classname="multibankDSTest.WhyMultiLinkPageTest" name="ABOUT_002_verifyTextsAgainstJson" time="65.576">
    <failure message="Main card subheadings mismatch: Lists differ at element [0]: Experience lightning-fast trading speed with MultiBank io, and buy and sell Bitcoin, Ethereum and other cryptocurrencies instantly using your preferred payment method. With 40 nanosecond trading execution speed and the ability to handle 9 million+ trades a second, our user-friendly platform is perfect for both beginners and advanced traders alike != Experience lightning-fast trading speed with MultiBank io, and buy and sell Bitcoin, Ethereum and other cryptocurrencies instantly using your preferred payment method. With 40 nanosecond trading execution speed and the ability to handle 9 million+ trades a second, our user-friendly platform is perfect for both beginners and advanced traders alike. expected [Experience lightning-fast trading speed with MultiBank io, and buy and sell Bitcoin, Ethereum and other cryptocurrencies instantly using your preferred payment method. With 40 nanosecond trading execution speed and the ability to handle 9 million+ trades a second, our user-friendly platform is perfect for both beginners and advanced traders alike] but found [Experience lightning-fast trading speed with MultiBank io, and buy and sell Bitcoin, Ethereum and other cryptocurrencies instantly using your preferred payment method. With 40 nanosecond trading execution speed and the ability to handle 9 million+ trades a second, our user-friendly platform is perfect for both beginners and advanced traders alike.]" type="java.lang.AssertionError">
      <![CDATA[java.lang.AssertionError: Main card subheadings mismatch: Lists differ at element [0]: Experience lightning-fast trading speed with MultiBank io, and buy and sell Bitcoin, Ethereum and other cryptocurrencies instantly using your preferred payment method. With 40 nanosecond trading execution speed and the ability to handle 9 million+ trades a second, our user-friendly platform is perfect for both beginners and advanced traders alike != Experience lightning-fast trading speed with MultiBank io, and buy and sell Bitcoin, Ethereum and other cryptocurrencies instantly using your preferred payment method. With 40 nanosecond trading execution speed and the ability to handle 9 million+ trades a second, our user-friendly platform is perfect for both beginners and advanced traders alike. expected [Experience lightning-fast trading speed with MultiBank io, and buy and sell Bitcoin, Ethereum and other cryptocurrencies instantly using your preferred payment method. With 40 nanosecond trading execution speed and the ability to handle 9 million+ trades a second, our user-friendly platform is perfect for both beginners and advanced traders alike] but found [Experience lightning-fast trading speed with MultiBank io, and buy and sell Bitcoin, Ethereum and other cryptocurrencies instantly using your preferred payment method. With 40 nanosecond trading execution speed and the ability to handle 9 million+ trades a second, our user-friendly platform is perfect for both beginners and advanced traders alike.]
at org.testng.Assert.fail(Assert.java:111)
at org.testng.Assert.failNotEquals(Assert.java:1590)
at org.testng.Assert.assertEqualsImpl(Assert.java:150)
at org.testng.Assert.assertEquals(Assert.java:1656)
at multibankDSTest.WhyMultiLinkPageTest.ABOUT_002_verifyTextsAgainstJson(WhyMultiLinkPageTest.java:64)
at java.base/jdk.internal.reflect.NativeMethodAccessorImpl.invoke0(Native Method)
at java.base/jdk.internal.reflect.NativeMethodAccessorImpl.invoke(NativeMethodAccessorImpl.java:77)
at java.base/jdk.internal.reflect.DelegatingMethodAccessorImpl.invoke(DelegatingMethodAccessorImpl.java:43)
at java.base/java.lang.reflect.Method.invoke(Method.java:568)
at org.testng.internal.invokers.MethodInvocationHelper.invokeMethod(MethodInvocationHelper.java:141)
at org.testng.internal.invokers.TestInvoker.invokeMethod(TestInvoker.java:687)
at org.testng.internal.invokers.TestInvoker.invokeTestMethod(TestInvoker.java:230)
at org.testng.internal.invokers.MethodRunner.runInSequence(MethodRunner.java:63)
at org.testng.internal.invokers.TestInvoker$MethodInvocationAgent.invoke(TestInvoker.java:995)
at org.testng.internal.invokers.TestInvoker.invokeTestMethods(TestInvoker.java:203)
at org.testng.internal.invokers.TestMethodWorker.invokeTestMethods(TestMethodWorker.java:154)
at org.testng.internal.invokers.TestMethodWorker.run(TestMethodWorker.java:134)
at java.base/java.util.ArrayList.forEach(ArrayList.java:1511)
at org.testng.TestRunner.privateRun(TestRunner.java:741)
at org.testng.TestRunner.run(TestRunner.java:616)
at org.testng.SuiteRunner.runTest(SuiteRunner.java:421)
at org.testng.SuiteRunner$SuiteWorker.run(SuiteRunner.java:463)
at org.testng.internal.thread.ThreadUtil.lambda$execute$0(ThreadUtil.java:64)
at java.base/java.util.concurrent.FutureTask.run(FutureTask.java:264)
at java.base/java.util.concurrent.ThreadPoolExecutor.runWorker(ThreadPoolExecutor.java:1136)
at java.base/java.util.concurrent.ThreadPoolExecutor$Worker.run(ThreadPoolExecutor.java:635)
at java.base/java.lang.Thread.run(Thread.java:833)
]]>
    </failure>
  </testcase> <!-- ABOUT_002_verifyTextsAgainstJson -->
  <testcase classname="multibankDSTest.WhyMultiLinkPageTest" name="ABOUT_002_verifyTextsAgainstJson" time="63.555">
    <failure message="Main card subheadings mismatch: Lists differ at element [0]: Experience lightning-fast trading speed with MultiBank io, and buy and sell Bitcoin, Ethereum and other cryptocurrencies instantly using your preferred payment method. With 40 nanosecond trading execution speed and the ability to handle 9 million+ trades a second, our user-friendly platform is perfect for both beginners and advanced traders alike != Experience lightning-fast trading speed with MultiBank io, and buy and sell Bitcoin, Ethereum and other cryptocurrencies instantly using your preferred payment method. With 40 nanosecond trading execution speed and the ability to handle 9 million+ trades a second, our user-friendly platform is perfect for both beginners and advanced traders alike. expected [Experience lightning-fast trading speed with MultiBank io, and buy and sell Bitcoin, Ethereum and other cryptocurrencies instantly using your preferred payment method. With 40 nanosecond trading execution speed and the ability to handle 9 million+ trades a second, our user-friendly platform is perfect for both beginners and advanced traders alike] but found [Experience lightning-fast trading speed with MultiBank io, and buy and sell Bitcoin, Ethereum and other cryptocurrencies instantly using your preferred payment method. With 40 nanosecond trading execution speed and the ability to handle 9 million+ trades a second, our user-friendly platform is perfect for both beginners and advanced traders alike.]" type="java.lang.AssertionError">
      <![CDATA[java.lang.AssertionError: Main card subheadings mismatch: Lists differ at element [0]: Experience lightning-fast trading speed with MultiBank io, and buy and sell Bitcoin, Ethereum and other cryptocurrencies instantly using your preferred payment method. With 40 nanosecond trading execution speed and the ability to handle 9 million+ trades a second, our user-friendly platform is perfect for both beginners and advanced traders alike != Experience lightning-fast trading speed with MultiBank io, and buy and sell Bitcoin, Ethereum and other cryptocurrencies instantly using your preferred payment method. With 40 nanosecond trading execution speed and the ability to handle 9 million+ trades a second, our user-friendly platform is perfect for both beginners and advanced traders alike. expected [Experience lightning-fast trading speed with MultiBank io, and buy and sell Bitcoin, Ethereum and other cryptocurrencies instantly using your preferred payment method. With 40 nanosecond trading execution speed and the ability to handle 9 million+ trades a second, our user-friendly platform is perfect for both beginners and advanced traders alike] but found [Experience lightning-fast trading speed with MultiBank io, and buy and sell Bitcoin, Ethereum and other cryptocurrencies instantly using your preferred payment method. With 40 nanosecond trading execution speed and the ability to handle 9 million+ trades a second, our user-friendly platform is perfect for both beginners and advanced traders alike.]
at org.testng.Assert.fail(Assert.java:111)
at org.testng.Assert.failNotEquals(Assert.java:1590)
at org.testng.Assert.assertEqualsImpl(Assert.java:150)
at org.testng.Assert.assertEquals(Assert.java:1656)
at multibankDSTest.WhyMultiLinkPageTest.ABOUT_002_verifyTextsAgainstJson(WhyMultiLinkPageTest.java:64)
at java.base/jdk.internal.reflect.NativeMethodAccessorImpl.invoke0(Native Method)
at java.base/jdk.internal.reflect.NativeMethodAccessorImpl.invoke(NativeMethodAccessorImpl.java:77)
at java.base/jdk.internal.reflect.DelegatingMethodAccessorImpl.invoke(DelegatingMethodAccessorImpl.java:43)
at java.base/java.lang.reflect.Method.invoke(Method.java:568)
at org.testng.internal.invokers.MethodInvocationHelper.invokeMethod(MethodInvocationHelper.java:141)
at org.testng.internal.invokers.TestInvoker.invokeMethod(TestInvoker.java:687)
at org.testng.internal.invokers.TestInvoker.invokeTestMethod(TestInvoker.java:230)
at org.testng.internal.invokers.MethodRunner.runInSequence(MethodRunner.java:63)
at org.testng.internal.invokers.TestInvoker$MethodInvocationAgent.invoke(TestInvoker.java:995)
at org.testng.internal.invokers.TestInvoker.invokeTestMethods(TestInvoker.java:203)
at org.testng.internal.invokers.TestMethodWorker.invokeTestMethods(TestMethodWorker.java:154)
at org.testng.internal.invokers.TestMethodWorker.run(TestMethodWorker.java:134)
at java.base/java.util.ArrayList.forEach(ArrayList.java:1511)
at org.testng.TestRunner.privateRun(TestRunner.java:741)
at org.testng.TestRunner.run(TestRunner.java:616)
at org.testng.SuiteRunner.runTest(SuiteRunner.java:421)
at org.testng.SuiteRunner$SuiteWorker.run(SuiteRunner.java:463)
at org.testng.internal.thread.ThreadUtil.lambda$execute$0(ThreadUtil.java:64)
at java.base/java.util.concurrent.FutureTask.run(FutureTask.java:264)
at java.base/java.util.concurrent.ThreadPoolExecutor.runWorker(ThreadPoolExecutor.java:1136)
at java.base/java.util.concurrent.ThreadPoolExecutor$Worker.run(ThreadPoolExecutor.java:635)
at java.base/java.lang.Thread.run(Thread.java:833)
]]>
    </failure>
  </testcase> <!-- ABOUT_002_verifyTextsAgainstJson -->
  <testcase classname="multibankDSTest.WhyMultiLinkPageTest" name="ABOUT_001_verifyAllComponentsVisible" time="70.774"/>
</testsuite> <!-- multibankDSTest.WhyMultiLinkPageTest -->
