<?xml version="1.0" encoding="UTF-8"?>
<!-- Generated by org.testng.reporters.JUnitReportReporter -->
<testsuite hostname="Pheonix" failures="1" tests="7" name="multibankDSTest.HomePageTest" time="97.744" errors="0" timestamp="2025-12-03T19:25:35 GST" skipped="1">
  <testcase classname="multibankDSTest.HomePageTest" name="APP_001_AppleAppStoreLink_NavigatesToCorrectPage" time="15.711"/>
  <testcase classname="multibankDSTest.HomePageTest" name="FOOT_001_MarketBanner_VisibleAndHasTexts" time="12.625"/>
  <testcase classname="multibankDSTest.HomePageTest" name="RETRY_001_demoRetryOnTransientFailure" time="12.767">
    <skipped/>
  </testcase> <!-- RETRY_001_demoRetryOnTransientFailure -->
  <testcase classname="multibankDSTest.HomePageTest" name="APP_002_GooglePlayLink_NavigatesToCorrectPage" time="18.051"/>
  <testcase classname="multibankDSTest.HomePageTest" name="NAV_001_TopNavigation_HeaderAndNavVisible" time="16.661"/>
  <testcase classname="multibankDSTest.HomePageTest" name="RETRY_001_demoRetryOnTransientFailure" time="11.903"/>
  <testcase classname="multibankDSTest.HomePageTest" name="NAV_002_TopNavigation_HoverAndHrefMapping" time="10.026">
    <failure message="Href is null for menu: Trade expected object to not be null" type="java.lang.AssertionError">
      <![CDATA[java.lang.AssertionError: Href is null for menu: Trade expected object to not be null
at org.testng.Assert.fail(Assert.java:111)
at org.testng.Assert.assertNotNull(Assert.java:1496)
at multibankDSTest.HomePageTest.NAV_002_TopNavigation_HoverAndHrefMapping(HomePageTest.java:81)
at java.base/jdk.internal.reflect.NativeMethodAccessorImpl.invoke0(Native Method)
at java.base/jdk.internal.reflect.NativeMethodAccessorImpl.invoke(NativeMethodAccessorImpl.java:77)
at java.base/jdk.internal.reflect.DelegatingMethodAccessorImpl.invoke(DelegatingMethodAccessorImpl.java:43)
at java.base/java.lang.reflect.Method.invoke(Method.java:568)
at org.testng.internal.invokers.MethodInvocationHelper.invokeMethod(MethodInvocationHelper.java:141)
at org.testng.internal.invokers.TestInvoker.invokeMethod(TestInvoker.java:687)
at org.testng.internal.invokers.TestInvoker.invokeTestMethod(TestInvoker.java:230)
at org.testng.internal.invokers.MethodRunner.runInSequence(MethodRunner.java:63)
at org.testng.internal.invokers.TestInvoker$MethodInvocationAgent.invoke(TestInvoker.java:995)
at org.testng.internal.invokers.TestInvoker.invokeTestMethods(TestInvoker.java:203)
at org.testng.internal.invokers.TestMethodWorker.invokeTestMethods(TestMethodWorker.java:154)
at org.testng.internal.invokers.TestMethodWorker.run(TestMethodWorker.java:134)
at java.base/java.util.ArrayList.forEach(ArrayList.java:1511)
at org.testng.TestRunner.privateRun(TestRunner.java:741)
at org.testng.TestRunner.run(TestRunner.java:616)
at org.testng.SuiteRunner.runTest(SuiteRunner.java:421)
at org.testng.SuiteRunner.runSequentially(SuiteRunner.java:413)
at org.testng.SuiteRunner.privateRun(SuiteRunner.java:373)
at org.testng.SuiteRunner.run(SuiteRunner.java:312)
at org.testng.SuiteRunnerWorker.runSuite(SuiteRunnerWorker.java:52)
at org.testng.SuiteRunnerWorker.run(SuiteRunnerWorker.java:95)
at org.testng.TestNG.runSuitesSequentially(TestNG.java:1274)
at org.testng.TestNG.runSuitesLocally(TestNG.java:1208)
at org.testng.TestNG.runSuites(TestNG.java:1112)
at org.testng.TestNG.run(TestNG.java:1079)
at org.testng.remote.AbstractRemoteTestNG.run(AbstractRemoteTestNG.java:115)
at org.testng.remote.RemoteTestNG.initAndRun(RemoteTestNG.java:293)
at org.testng.remote.RemoteTestNG.main(RemoteTestNG.java:91)
]]>
    </failure>
  </testcase> <!-- NAV_002_TopNavigation_HoverAndHrefMapping -->
</testsuite> <!-- multibankDSTest.HomePageTest -->
