<?xml version="1.0" encoding="UTF-8"?>
<!-- Generated by org.testng.reporters.JUnitReportReporter -->
<testsuite hostname="Pheonix" failures="0" tests="6" name="multibankDSTest.SpotSectionTest" time="175.206" errors="0" timestamp="2025-12-03T20:29:42 GST" skipped="0">
  <testcase classname="multibankDSTest.SpotSectionTest" name="verifySpotCategoriesHaveTradingPairs" time="50.961"/>
  <testcase classname="multibankDSTest.SpotSectionTest" name="verifySpotCategoriesHaveTradingPairs" time="33.781"/>
  <testcase classname="multibankDSTest.SpotSectionTest" name="verifySpotTableStructureAndData" time="21.280"/>
  <testcase classname="multibankDSTest.SpotSectionTest" name="verifySpotTableStructureAndData" time="32.017"/>
  <testcase classname="multibankDSTest.SpotSectionTest" name="verifySpotHeaderValidationFailsForWrongSpec" time="16.840"/>
  <testcase classname="multibankDSTest.SpotSectionTest" name="verifySpotHeaderValidationFailsForWrongSpec" time="20.327"/>
</testsuite> <!-- multibankDSTest.SpotSectionTest -->
